

================================================================
== Vitis HLS Report for 'conv'
================================================================
* Date:           Thu Jul 21 11:39:45 2022

* Version:        2020.1 (Build 2902540 on Wed May 27 20:16:15 MDT 2020)
* Project:        reuse_test
* Solution:       solution1 (Vivado IP Flow Target)
* Product family: virtexuplus
* Target device:  xcu200-fsgd2104-2-e


================================================================
== Performance Estimates
================================================================
+ Timing: 
    * Summary: 
    +--------+----------+----------+------------+
    |  Clock |  Target  | Estimated| Uncertainty|
    +--------+----------+----------+------------+
    |ap_clk  | 10.00 ns | 6.366 ns |   2.70 ns  |
    +--------+----------+----------+------------+

+ Latency: 
    * Summary: 
    +---------+---------+----------+----------+-----+-----+---------+
    |  Latency (cycles) |  Latency (absolute) |  Interval | Pipeline|
    |   min   |   max   |    min   |    max   | min | max |   Type  |
    +---------+---------+----------+----------+-----+-----+---------+
    |        ?|        ?|         ?|         ?|    ?|    ?|   none  |
    +---------+---------+----------+----------+-----+-----+---------+

    + Detail: 
        * Instance: 
        N/A

        * Loop: 
        +---------------------------------------------------+---------+---------+----------+-----------+-----------+------+----------+
        |                                                   |  Latency (cycles) | Iteration|  Initiation Interval  | Trip |          |
        |                     Loop Name                     |   min   |   max   |  Latency |  achieved |   target  | Count| Pipelined|
        +---------------------------------------------------+---------+---------+----------+-----------+-----------+------+----------+
        |- Loop 1                                           |      100|      100|         1|          1|          1|   100|    yes   |
        |- VITIS_LOOP_38_1_VITIS_LOOP_39_2_VITIS_LOOP_40_3  |        ?|        ?|       437|          1|          1|     ?|    yes   |
        +---------------------------------------------------+---------+---------+----------+-----------+-----------+------+----------+

============================================================
+ Verbose Summary: Synthesis Manager
============================================================
InlineROM: 1
ExposeGlobal: 0
============================================================
+ Verbose Summary: CDFG Model
============================================================
IsTopModel: 0
ResetActiveHigh: 1
IsCombinational: 2
IsDatapathOnly: 0
HasWiredReturn: 1
HasMFsm: 0
HasVarLatency: 1
IsPipeline: 0
IsRtlPipelined: 0
IsInstanceOverlapped: 0
IsDontTouch: 0
HasImplIP: 0
IsGatedGlobalClock: 0

+ Individual pipeline summary: 
  * Pipeline-0: initiation interval (II) = 1, depth = 1
  * Pipeline-1: initiation interval (II) = 1, depth = 437


============================================================
+ Verbose Summary: Schedule
============================================================
* Number of FSM states : 442
* Pipeline : 2
  Pipeline-0 : II = 1, D = 1, States = { 2 }
  Pipeline-1 : II = 1, D = 437, States = { 5 6 7 8 9 10 11 12 13 14 15 16 17 18 19 20 21 22 23 24 25 26 27 28 29 30 31 32 33 34 35 36 37 38 39 40 41 42 43 44 45 46 47 48 49 50 51 52 53 54 55 56 57 58 59 60 61 62 63 64 65 66 67 68 69 70 71 72 73 74 75 76 77 78 79 80 81 82 83 84 85 86 87 88 89 90 91 92 93 94 95 96 97 98 99 100 101 102 103 104 105 106 107 108 109 110 111 112 113 114 115 116 117 118 119 120 121 122 123 124 125 126 127 128 129 130 131 132 133 134 135 136 137 138 139 140 141 142 143 144 145 146 147 148 149 150 151 152 153 154 155 156 157 158 159 160 161 162 163 164 165 166 167 168 169 170 171 172 173 174 175 176 177 178 179 180 181 182 183 184 185 186 187 188 189 190 191 192 193 194 195 196 197 198 199 200 201 202 203 204 205 206 207 208 209 210 211 212 213 214 215 216 217 218 219 220 221 222 223 224 225 226 227 228 229 230 231 232 233 234 235 236 237 238 239 240 241 242 243 244 245 246 247 248 249 250 251 252 253 254 255 256 257 258 259 260 261 262 263 264 265 266 267 268 269 270 271 272 273 274 275 276 277 278 279 280 281 282 283 284 285 286 287 288 289 290 291 292 293 294 295 296 297 298 299 300 301 302 303 304 305 306 307 308 309 310 311 312 313 314 315 316 317 318 319 320 321 322 323 324 325 326 327 328 329 330 331 332 333 334 335 336 337 338 339 340 341 342 343 344 345 346 347 348 349 350 351 352 353 354 355 356 357 358 359 360 361 362 363 364 365 366 367 368 369 370 371 372 373 374 375 376 377 378 379 380 381 382 383 384 385 386 387 388 389 390 391 392 393 394 395 396 397 398 399 400 401 402 403 404 405 406 407 408 409 410 411 412 413 414 415 416 417 418 419 420 421 422 423 424 425 426 427 428 429 430 431 432 433 434 435 436 437 438 439 440 441 }
* Dataflow Pipeline: 0

* FSM state transitions: 
1 --> 2 
2 --> 3 2 
3 --> 4 
4 --> 5 
5 --> 6 
6 --> 7 
7 --> 8 
8 --> 442 9 
9 --> 10 
10 --> 11 
11 --> 12 
12 --> 13 
13 --> 14 
14 --> 15 
15 --> 16 
16 --> 17 
17 --> 18 
18 --> 19 
19 --> 20 
20 --> 21 
21 --> 22 
22 --> 23 
23 --> 24 
24 --> 25 
25 --> 26 
26 --> 27 
27 --> 28 
28 --> 29 
29 --> 30 
30 --> 31 
31 --> 32 
32 --> 33 
33 --> 34 
34 --> 35 
35 --> 36 
36 --> 37 
37 --> 38 
38 --> 39 
39 --> 40 
40 --> 41 
41 --> 42 
42 --> 43 
43 --> 44 
44 --> 45 
45 --> 46 
46 --> 47 
47 --> 48 
48 --> 49 
49 --> 50 
50 --> 51 
51 --> 52 
52 --> 53 
53 --> 54 
54 --> 55 
55 --> 56 
56 --> 57 
57 --> 58 
58 --> 59 
59 --> 60 
60 --> 61 
61 --> 62 
62 --> 63 
63 --> 64 
64 --> 65 
65 --> 66 
66 --> 67 
67 --> 68 
68 --> 69 
69 --> 70 
70 --> 71 
71 --> 72 
72 --> 73 
73 --> 74 
74 --> 75 
75 --> 76 
76 --> 77 
77 --> 78 
78 --> 79 
79 --> 80 
80 --> 81 
81 --> 82 
82 --> 83 
83 --> 84 
84 --> 85 
85 --> 86 
86 --> 87 
87 --> 88 
88 --> 89 
89 --> 90 
90 --> 91 
91 --> 92 
92 --> 93 
93 --> 94 
94 --> 95 
95 --> 96 
96 --> 97 
97 --> 98 
98 --> 99 
99 --> 100 
100 --> 101 
101 --> 102 
102 --> 103 
103 --> 104 
104 --> 105 
105 --> 106 
106 --> 107 
107 --> 108 
108 --> 109 
109 --> 110 
110 --> 111 
111 --> 112 
112 --> 113 
113 --> 114 
114 --> 115 
115 --> 116 
116 --> 117 
117 --> 118 
118 --> 119 
119 --> 120 
120 --> 121 
121 --> 122 
122 --> 123 
123 --> 124 
124 --> 125 
125 --> 126 
126 --> 127 
127 --> 128 
128 --> 129 
129 --> 130 
130 --> 131 
131 --> 132 
132 --> 133 
133 --> 134 
134 --> 135 
135 --> 136 
136 --> 137 
137 --> 138 
138 --> 139 
139 --> 140 
140 --> 141 
141 --> 142 
142 --> 143 
143 --> 144 
144 --> 145 
145 --> 146 
146 --> 147 
147 --> 148 
148 --> 149 
149 --> 150 
150 --> 151 
151 --> 152 
152 --> 153 
153 --> 154 
154 --> 155 
155 --> 156 
156 --> 157 
157 --> 158 
158 --> 159 
159 --> 160 
160 --> 161 
161 --> 162 
162 --> 163 
163 --> 164 
164 --> 165 
165 --> 166 
166 --> 167 
167 --> 168 
168 --> 169 
169 --> 170 
170 --> 171 
171 --> 172 
172 --> 173 
173 --> 174 
174 --> 175 
175 --> 176 
176 --> 177 
177 --> 178 
178 --> 179 
179 --> 180 
180 --> 181 
181 --> 182 
182 --> 183 
183 --> 184 
184 --> 185 
185 --> 186 
186 --> 187 
187 --> 188 
188 --> 189 
189 --> 190 
190 --> 191 
191 --> 192 
192 --> 193 
193 --> 194 
194 --> 195 
195 --> 196 
196 --> 197 
197 --> 198 
198 --> 199 
199 --> 200 
200 --> 201 
201 --> 202 
202 --> 203 
203 --> 204 
204 --> 205 
205 --> 206 
206 --> 207 
207 --> 208 
208 --> 209 
209 --> 210 
210 --> 211 
211 --> 212 
212 --> 213 
213 --> 214 
214 --> 215 
215 --> 216 
216 --> 217 
217 --> 218 
218 --> 219 
219 --> 220 
220 --> 221 
221 --> 222 
222 --> 223 
223 --> 224 
224 --> 225 
225 --> 226 
226 --> 227 
227 --> 228 
228 --> 229 
229 --> 230 
230 --> 231 
231 --> 232 
232 --> 233 
233 --> 234 
234 --> 235 
235 --> 236 
236 --> 237 
237 --> 238 
238 --> 239 
239 --> 240 
240 --> 241 
241 --> 242 
242 --> 243 
243 --> 244 
244 --> 245 
245 --> 246 
246 --> 247 
247 --> 248 
248 --> 249 
249 --> 250 
250 --> 251 
251 --> 252 
252 --> 253 
253 --> 254 
254 --> 255 
255 --> 256 
256 --> 257 
257 --> 258 
258 --> 259 
259 --> 260 
260 --> 261 
261 --> 262 
262 --> 263 
263 --> 264 
264 --> 265 
265 --> 266 
266 --> 267 
267 --> 268 
268 --> 269 
269 --> 270 
270 --> 271 
271 --> 272 
272 --> 273 
273 --> 274 
274 --> 275 
275 --> 276 
276 --> 277 
277 --> 278 
278 --> 279 
279 --> 280 
280 --> 281 
281 --> 282 
282 --> 283 
283 --> 284 
284 --> 285 
285 --> 286 
286 --> 287 
287 --> 288 
288 --> 289 
289 --> 290 
290 --> 291 
291 --> 292 
292 --> 293 
293 --> 294 
294 --> 295 
295 --> 296 
296 --> 297 
297 --> 298 
298 --> 299 
299 --> 300 
300 --> 301 
301 --> 302 
302 --> 303 
303 --> 304 
304 --> 305 
305 --> 306 
306 --> 307 
307 --> 308 
308 --> 309 
309 --> 310 
310 --> 311 
311 --> 312 
312 --> 313 
313 --> 314 
314 --> 315 
315 --> 316 
316 --> 317 
317 --> 318 
318 --> 319 
319 --> 320 
320 --> 321 
321 --> 322 
322 --> 323 
323 --> 324 
324 --> 325 
325 --> 326 
326 --> 327 
327 --> 328 
328 --> 329 
329 --> 330 
330 --> 331 
331 --> 332 
332 --> 333 
333 --> 334 
334 --> 335 
335 --> 336 
336 --> 337 
337 --> 338 
338 --> 339 
339 --> 340 
340 --> 341 
341 --> 342 
342 --> 343 
343 --> 344 
344 --> 345 
345 --> 346 
346 --> 347 
347 --> 348 
348 --> 349 
349 --> 350 
350 --> 351 
351 --> 352 
352 --> 353 
353 --> 354 
354 --> 355 
355 --> 356 
356 --> 357 
357 --> 358 
358 --> 359 
359 --> 360 
360 --> 361 
361 --> 362 
362 --> 363 
363 --> 364 
364 --> 365 
365 --> 366 
366 --> 367 
367 --> 368 
368 --> 369 
369 --> 370 
370 --> 371 
371 --> 372 
372 --> 373 
373 --> 374 
374 --> 375 
375 --> 376 
376 --> 377 
377 --> 378 
378 --> 379 
379 --> 380 
380 --> 381 
381 --> 382 
382 --> 383 
383 --> 384 
384 --> 385 
385 --> 386 
386 --> 387 
387 --> 388 
388 --> 389 
389 --> 390 
390 --> 391 
391 --> 392 
392 --> 393 
393 --> 394 
394 --> 395 
395 --> 396 
396 --> 397 
397 --> 398 
398 --> 399 
399 --> 400 
400 --> 401 
401 --> 402 
402 --> 403 
403 --> 404 
404 --> 405 
405 --> 406 
406 --> 407 
407 --> 408 
408 --> 409 
409 --> 410 
410 --> 411 
411 --> 412 
412 --> 413 
413 --> 414 
414 --> 415 
415 --> 416 
416 --> 417 
417 --> 418 
418 --> 419 
419 --> 420 
420 --> 421 
421 --> 422 
422 --> 423 
423 --> 424 
424 --> 425 
425 --> 426 
426 --> 427 
427 --> 428 
428 --> 429 
429 --> 430 
430 --> 431 
431 --> 432 
432 --> 433 
433 --> 434 
434 --> 435 
435 --> 436 
436 --> 437 
437 --> 438 
438 --> 439 
439 --> 440 
440 --> 441 
441 --> 5 
442 --> 

* FSM state operations: 

State 1 <SV = 0> <Delay = 2.91>
ST_1 : Operation 443 [1/1] (0.00ns)   --->   "%local_c = alloca i64" [reuse_test/before.cpp:37->reuse_test/before.cpp:71]   --->   Operation 443 'alloca' 'local_c' <Predicate = true> <Delay = 0.00> <CoreInst = "RAM">   --->   Core 23 'RAM' <Latency = 1> <II = 1> <Delay = 1.15> <Storage> <Opcode : 'load' 'store'> <Ports = 2> <Width = 32> <Depth = 100> <RAM>
ST_1 : Operation 444 [1/1] (0.00ns)   --->   "%specinterface_ln0 = specinterface void @_ssdm_op_SpecInterface, i32 %tilenumc, void @ap_fifo_str, i32, i32, void @p_str, i32, i32, void @p_str, void @p_str, void @p_str, i32, i32, i32, i32, void @p_str, void @ScalarProp_str"   --->   Operation 444 'specinterface' 'specinterface_ln0' <Predicate = true> <Delay = 0.00>
ST_1 : Operation 445 [1/1] (0.00ns)   --->   "%specinterface_ln0 = specinterface void @_ssdm_op_SpecInterface, i32 %tilenuma, void @ap_fifo_str, i32, i32, void @p_str, i32, i32, void @p_str, void @p_str, void @p_str, i32, i32, i32, i32, void @p_str, void @ScalarProp_str"   --->   Operation 445 'specinterface' 'specinterface_ln0' <Predicate = true> <Delay = 0.00>
ST_1 : Operation 446 [1/1] (0.00ns)   --->   "%specinterface_ln0 = specinterface void @_ssdm_op_SpecInterface, i32 %tilen, void @ap_fifo_str, i32, i32, void @p_str, i32, i32, void @p_str, void @p_str, void @p_str, i32, i32, i32, i32, void @p_str, void @ScalarProp_str"   --->   Operation 446 'specinterface' 'specinterface_ln0' <Predicate = true> <Delay = 0.00>
ST_1 : Operation 447 [1/1] (1.45ns)   --->   "%tilen_read = read i32 @_ssdm_op_Read.ap_fifo.i32P, i32 %tilen" [reuse_test/before.cpp:36]   --->   Operation 447 'read' 'tilen_read' <Predicate = true> <Delay = 1.45> <CoreInst = "FIFO_SRL">   --->   Core 21 'FIFO_SRL' <Latency = 0> <II = 1> <Delay = 1.45> <Storage> <Opcode : 'read' 'write' 'nbread' 'nbwrite'> <Ports = 0> <Width = 32> <Depth = 2> <FIFO>
ST_1 : Operation 448 [1/1] (1.45ns)   --->   "%tilenuma_read = read i32 @_ssdm_op_Read.ap_fifo.i32P, i32 %tilenuma" [reuse_test/before.cpp:36]   --->   Operation 448 'read' 'tilenuma_read' <Predicate = true> <Delay = 1.45> <CoreInst = "FIFO_SRL">   --->   Core 21 'FIFO_SRL' <Latency = 0> <II = 1> <Delay = 1.45> <Storage> <Opcode : 'read' 'write' 'nbread' 'nbwrite'> <Ports = 0> <Width = 32> <Depth = 2> <FIFO>
ST_1 : Operation 449 [1/1] (1.45ns)   --->   "%tilenumc_read = read i32 @_ssdm_op_Read.ap_fifo.i32P, i32 %tilenumc" [reuse_test/before.cpp:36]   --->   Operation 449 'read' 'tilenumc_read' <Predicate = true> <Delay = 1.45> <CoreInst = "FIFO_SRL">   --->   Core 21 'FIFO_SRL' <Latency = 0> <II = 1> <Delay = 1.45> <Storage> <Opcode : 'read' 'write' 'nbread' 'nbwrite'> <Ports = 0> <Width = 32> <Depth = 3> <FIFO>
ST_1 : Operation 450 [1/1] (0.00ns)   --->   "%specinterface_ln0 = specinterface void @_ssdm_op_SpecInterface, i32 %tilen_out, void @ap_fifo_str, i32, i32, void @p_str, i32, i32, void @p_str, void @p_str, void @p_str, i32, i32, i32, i32, void @p_str, void @ScalarProp_str"   --->   Operation 450 'specinterface' 'specinterface_ln0' <Predicate = true> <Delay = 0.00>
ST_1 : Operation 451 [1/1] (1.45ns)   --->   "%write_ln71 = write void @_ssdm_op_Write.ap_fifo.i32P, i32 %tilen_out, i32 %tilen_read" [reuse_test/before.cpp:71]   --->   Operation 451 'write' 'write_ln71' <Predicate = true> <Delay = 1.45> <CoreInst = "FIFO_SRL">   --->   Core 21 'FIFO_SRL' <Latency = 0> <II = 1> <Delay = 1.45> <Storage> <Opcode : 'read' 'write' 'nbread' 'nbwrite'> <Ports = 0> <Width = 32> <Depth = 2> <FIFO>
ST_1 : Operation 452 [1/1] (0.00ns)   --->   "%specinterface_ln0 = specinterface void @_ssdm_op_SpecInterface, i32 %tilenumc_out, void @ap_fifo_str, i32, i32, void @p_str, i32, i32, void @p_str, void @p_str, void @p_str, i32, i32, i32, i32, void @p_str, void @ScalarProp_str"   --->   Operation 452 'specinterface' 'specinterface_ln0' <Predicate = true> <Delay = 0.00>
ST_1 : Operation 453 [1/1] (1.45ns)   --->   "%write_ln71 = write void @_ssdm_op_Write.ap_fifo.i32P, i32 %tilenumc_out, i32 %tilenumc_read" [reuse_test/before.cpp:71]   --->   Operation 453 'write' 'write_ln71' <Predicate = true> <Delay = 1.45> <CoreInst = "FIFO_SRL">   --->   Core 21 'FIFO_SRL' <Latency = 0> <II = 1> <Delay = 1.45> <Storage> <Opcode : 'read' 'write' 'nbread' 'nbwrite'> <Ports = 0> <Width = 32> <Depth = 2> <FIFO>
ST_1 : Operation 454 [1/1] (0.60ns)   --->   "%br_ln37 = br void %memset.loop.i" [reuse_test/before.cpp:37->reuse_test/before.cpp:71]   --->   Operation 454 'br' 'br_ln37' <Predicate = true> <Delay = 0.60>

State 2 <SV = 1> <Delay = 1.87>
ST_2 : Operation 455 [1/1] (0.00ns)   --->   "%empty = phi i7, void %entry, i7 %empty_30, void %memset.loop.split.i"   --->   Operation 455 'phi' 'empty' <Predicate = true> <Delay = 0.00>
ST_2 : Operation 456 [1/1] (0.00ns)   --->   "%specpipeline_ln0 = specpipeline void @_ssdm_op_SpecPipeline, i32, i32, i32, i32, void @p_str"   --->   Operation 456 'specpipeline' 'specpipeline_ln0' <Predicate = true> <Delay = 0.00>
ST_2 : Operation 457 [1/1] (0.59ns)   --->   "%exitcond274_i = icmp_eq  i7 %empty, i7"   --->   Operation 457 'icmp' 'exitcond274_i' <Predicate = true> <Delay = 0.59> <CoreInst = "Cmp">   --->   Core 10 'Cmp' <Latency = 0> <II = 1> <Delay = 0.85> <FuncUnit> <Opcode : 'icmp'> <InPorts = 2> <OutPorts = 1>
ST_2 : Operation 458 [1/1] (0.00ns)   --->   "%empty_29 = speclooptripcount i32 @_ssdm_op_SpecLoopTripCount, i64, i64, i64"   --->   Operation 458 'speclooptripcount' 'empty_29' <Predicate = true> <Delay = 0.00>
ST_2 : Operation 459 [1/1] (0.70ns)   --->   "%empty_30 = add i7 %empty, i7"   --->   Operation 459 'add' 'empty_30' <Predicate = true> <Delay = 0.70> <CoreInst = "Adder">   --->   Core 1 'Adder' <Latency = 0> <II = 1> <Delay = 1.14> <FuncUnit> <Opcode : 'add' 'sub'> <InPorts = 2> <OutPorts = 1>
ST_2 : Operation 460 [1/1] (0.00ns)   --->   "%br_ln0 = br i1 %exitcond274_i, void %memset.loop.split.i, void %split.i"   --->   Operation 460 'br' 'br_ln0' <Predicate = true> <Delay = 0.00>
ST_2 : Operation 461 [1/1] (0.00ns)   --->   "%p_cast_i = zext i7 %empty"   --->   Operation 461 'zext' 'p_cast_i' <Predicate = (!exitcond274_i)> <Delay = 0.00>
ST_2 : Operation 462 [1/1] (0.00ns)   --->   "%local_c_addr = getelementptr i32 %local_c, i64, i64 %p_cast_i"   --->   Operation 462 'getelementptr' 'local_c_addr' <Predicate = (!exitcond274_i)> <Delay = 0.00>
ST_2 : Operation 463 [1/1] (1.15ns)   --->   "%store_ln0 = store i32, i7 %local_c_addr"   --->   Operation 463 'store' 'store_ln0' <Predicate = (!exitcond274_i)> <Delay = 1.15> <CoreInst = "RAM">   --->   Core 23 'RAM' <Latency = 1> <II = 1> <Delay = 1.15> <Storage> <Opcode : 'load' 'store'> <Ports = 2> <Width = 32> <Depth = 100> <RAM>
ST_2 : Operation 464 [1/1] (0.00ns)   --->   "%br_ln0 = br void %memset.loop.i"   --->   Operation 464 'br' 'br_ln0' <Predicate = (!exitcond274_i)> <Delay = 0.00>

State 3 <SV = 2> <Delay = 3.17>
ST_3 : Operation 465 [1/1] (0.00ns)   --->   "%trunc_ln38 = trunc i32 %tilenumc_read" [reuse_test/before.cpp:38->reuse_test/before.cpp:71]   --->   Operation 465 'trunc' 'trunc_ln38' <Predicate = true> <Delay = 0.00>
ST_3 : Operation 466 [1/1] (0.00ns)   --->   "%zext_ln38 = zext i32 %tilenuma_read" [reuse_test/before.cpp:38->reuse_test/before.cpp:71]   --->   Operation 466 'zext' 'zext_ln38' <Predicate = true> <Delay = 0.00>
ST_3 : Operation 467 [1/1] (0.00ns)   --->   "%zext_ln38_1 = zext i32 %tilen_read" [reuse_test/before.cpp:38->reuse_test/before.cpp:71]   --->   Operation 467 'zext' 'zext_ln38_1' <Predicate = true> <Delay = 0.00>
ST_3 : Operation 468 [1/1] (3.17ns)   --->   "%mul_ln38 = mul i64 %zext_ln38_1, i64 %zext_ln38" [reuse_test/before.cpp:38->reuse_test/before.cpp:71]   --->   Operation 468 'mul' 'mul_ln38' <Predicate = true> <Delay = 3.17> <CoreInst = "Multiplier">   --->   Core 4 'Multiplier' <Latency = 0> <II = 1> <Delay = 4.43> <FuncUnit> <Opcode : 'mul'> <InPorts = 2> <OutPorts = 1>

State 4 <SV = 3> <Delay = 4.43>
ST_4 : Operation 469 [1/1] (0.00ns)   --->   "%empty_31 = trunc i32 %tilen_read" [reuse_test/before.cpp:36]   --->   Operation 469 'trunc' 'empty_31' <Predicate = true> <Delay = 0.00>
ST_4 : Operation 470 [1/1] (0.00ns)   --->   "%zext_ln38_2 = zext i32 %tilenuma_read" [reuse_test/before.cpp:38->reuse_test/before.cpp:71]   --->   Operation 470 'zext' 'zext_ln38_2' <Predicate = true> <Delay = 0.00>
ST_4 : Operation 471 [1/1] (0.00ns)   --->   "%zext_ln38_3 = zext i64 %mul_ln38" [reuse_test/before.cpp:38->reuse_test/before.cpp:71]   --->   Operation 471 'zext' 'zext_ln38_3' <Predicate = true> <Delay = 0.00>
ST_4 : Operation 472 [1/1] (4.43ns)   --->   "%mul_ln38_1 = mul i96 %zext_ln38_3, i96 %zext_ln38_2" [reuse_test/before.cpp:38->reuse_test/before.cpp:71]   --->   Operation 472 'mul' 'mul_ln38_1' <Predicate = true> <Delay = 4.43> <CoreInst = "Multiplier">   --->   Core 4 'Multiplier' <Latency = 0> <II = 1> <Delay = 4.43> <FuncUnit> <Opcode : 'mul'> <InPorts = 2> <OutPorts = 1>
ST_4 : Operation 473 [1/1] (0.85ns)   --->   "%icmp_ln40 = icmp_eq  i32 %tilen_read, i32" [reuse_test/before.cpp:40->reuse_test/before.cpp:71]   --->   Operation 473 'icmp' 'icmp_ln40' <Predicate = true> <Delay = 0.85> <CoreInst = "Cmp">   --->   Core 10 'Cmp' <Latency = 0> <II = 1> <Delay = 0.85> <FuncUnit> <Opcode : 'icmp'> <InPorts = 2> <OutPorts = 1>
ST_4 : Operation 474 [1/1] (0.60ns)   --->   "%br_ln38 = br void %bb.i" [reuse_test/before.cpp:38->reuse_test/before.cpp:71]   --->   Operation 474 'br' 'br_ln38' <Predicate = true> <Delay = 0.60>

State 5 <SV = 4> <Delay = 3.16>
ST_5 : Operation 475 [1/1] (0.00ns)   --->   "%indvar_flatten32 = phi i96, void %split.i, i96 %add_ln38, void %bb3" [reuse_test/before.cpp:38->reuse_test/before.cpp:71]   --->   Operation 475 'phi' 'indvar_flatten32' <Predicate = true> <Delay = 0.00>
ST_5 : Operation 476 [1/1] (0.00ns)   --->   "%c = phi i32, void %split.i, i32 %select_ln38_5, void %bb3" [reuse_test/before.cpp:38->reuse_test/before.cpp:71]   --->   Operation 476 'phi' 'c' <Predicate = true> <Delay = 0.00>
ST_5 : Operation 477 [1/1] (0.00ns)   --->   "%indvar_flatten = phi i64, void %split.i, i64 %select_ln39_4, void %bb3" [reuse_test/before.cpp:39->reuse_test/before.cpp:71]   --->   Operation 477 'phi' 'indvar_flatten' <Predicate = true> <Delay = 0.00>
ST_5 : Operation 478 [1/1] (0.00ns)   --->   "%a = phi i32, void %split.i, i32 %select_ln39_3, void %bb3" [reuse_test/before.cpp:39->reuse_test/before.cpp:71]   --->   Operation 478 'phi' 'a' <Predicate = true> <Delay = 0.00>
ST_5 : Operation 479 [1/1] (0.00ns)   --->   "%n = phi i32, void %split.i, i32 %add_ln40, void %bb3" [reuse_test/before.cpp:40->reuse_test/before.cpp:71]   --->   Operation 479 'phi' 'n' <Predicate = true> <Delay = 0.00>
ST_5 : Operation 480 [1/1] (0.00ns)   --->   "%trunc_ln38_1 = trunc i32 %c" [reuse_test/before.cpp:38->reuse_test/before.cpp:71]   --->   Operation 480 'trunc' 'trunc_ln38_1' <Predicate = true> <Delay = 0.00>
ST_5 : Operation 481 [1/1] (0.00ns)   --->   "%trunc_ln39 = trunc i32 %a" [reuse_test/before.cpp:39->reuse_test/before.cpp:71]   --->   Operation 481 'trunc' 'trunc_ln39' <Predicate = true> <Delay = 0.00>
ST_5 : Operation 482 [3/3] (0.99ns) (grouped into DSP with root node sum3_i)   --->   "%empty_33 = mul i7 %trunc_ln39, i7 %trunc_ln38" [reuse_test/before.cpp:39->reuse_test/before.cpp:71]   --->   Operation 482 'mul' 'empty_33' <Predicate = true> <Delay = 0.99> <CoreInst = "DSP48">   --->   Core 71 'DSP48' <Latency = 3> <II = 1> <Delay = 0.53> <IPBlock> <Opcode : 'mul' 'add' 'sub' 'select'> <InPorts = 2> <OutPorts = 1> <Sync> <CReg>
ST_5 : Operation 483 [1/1] (1.16ns)   --->   "%icmp_ln38 = icmp_eq  i96 %indvar_flatten32, i96 %mul_ln38_1" [reuse_test/before.cpp:38->reuse_test/before.cpp:71]   --->   Operation 483 'icmp' 'icmp_ln38' <Predicate = true> <Delay = 1.16> <CoreInst = "Cmp">   --->   Core 10 'Cmp' <Latency = 0> <II = 1> <Delay = 0.85> <FuncUnit> <Opcode : 'icmp'> <InPorts = 2> <OutPorts = 1>
ST_5 : Operation 484 [1/1] (1.31ns)   --->   "%add_ln38 = add i96, i96 %indvar_flatten32" [reuse_test/before.cpp:38->reuse_test/before.cpp:71]   --->   Operation 484 'add' 'add_ln38' <Predicate = true> <Delay = 1.31> <CoreInst = "Adder">   --->   Core 1 'Adder' <Latency = 0> <II = 1> <Delay = 1.14> <FuncUnit> <Opcode : 'add' 'sub'> <InPorts = 2> <OutPorts = 1>
ST_5 : Operation 485 [1/1] (0.00ns)   --->   "%br_ln38 = br i1 %icmp_ln38, void %bb3, void %.exit" [reuse_test/before.cpp:38->reuse_test/before.cpp:71]   --->   Operation 485 'br' 'br_ln38' <Predicate = true> <Delay = 0.00>
ST_5 : Operation 486 [1/1] (1.06ns)   --->   "%icmp_ln39 = icmp_eq  i64 %indvar_flatten, i64 %mul_ln38" [reuse_test/before.cpp:39->reuse_test/before.cpp:71]   --->   Operation 486 'icmp' 'icmp_ln39' <Predicate = (!icmp_ln38)> <Delay = 1.06> <CoreInst = "Cmp">   --->   Core 10 'Cmp' <Latency = 0> <II = 1> <Delay = 0.85> <FuncUnit> <Opcode : 'icmp'> <InPorts = 2> <OutPorts = 1>
ST_5 : Operation 487 [1/1] (0.22ns)   --->   "%select_ln38 = select i1 %icmp_ln39, i32, i32 %a" [reuse_test/before.cpp:38->reuse_test/before.cpp:71]   --->   Operation 487 'select' 'select_ln38' <Predicate = (!icmp_ln38)> <Delay = 0.22> <CoreInst = "Sel">   --->   Core 11 'Sel' <Latency = 0> <II = 1> <Delay = 0.41> <FuncUnit> <Opcode : 'select'> <InPorts = 3> <OutPorts = 1>
ST_5 : Operation 488 [1/1] (0.88ns)   --->   "%add_ln38_1 = add i32, i32 %c" [reuse_test/before.cpp:38->reuse_test/before.cpp:71]   --->   Operation 488 'add' 'add_ln38_1' <Predicate = (!icmp_ln38)> <Delay = 0.88> <CoreInst = "Adder">   --->   Core 1 'Adder' <Latency = 0> <II = 1> <Delay = 1.14> <FuncUnit> <Opcode : 'add' 'sub'> <InPorts = 2> <OutPorts = 1>
ST_5 : Operation 489 [1/1] (0.00ns)   --->   "%trunc_ln38_2 = trunc i32 %add_ln38_1" [reuse_test/before.cpp:38->reuse_test/before.cpp:71]   --->   Operation 489 'trunc' 'trunc_ln38_2' <Predicate = (!icmp_ln38)> <Delay = 0.00>
ST_5 : Operation 490 [1/1] (0.30ns)   --->   "%select_ln38_1 = select i1 %icmp_ln39, i7 %trunc_ln38_2, i7 %trunc_ln38_1" [reuse_test/before.cpp:38->reuse_test/before.cpp:71]   --->   Operation 490 'select' 'select_ln38_1' <Predicate = (!icmp_ln38)> <Delay = 0.30> <CoreInst = "Sel">   --->   Core 11 'Sel' <Latency = 0> <II = 1> <Delay = 0.41> <FuncUnit> <Opcode : 'select'> <InPorts = 3> <OutPorts = 1>
ST_5 : Operation 491 [3/3] (0.99ns) (grouped into DSP with root node add_ln45)   --->   "%mul_ln38_2 = mul i7 %empty_31, i7 %select_ln38_1" [reuse_test/before.cpp:38->reuse_test/before.cpp:71]   --->   Operation 491 'mul' 'mul_ln38_2' <Predicate = (!icmp_ln38)> <Delay = 0.99> <CoreInst = "DSP48">   --->   Core 71 'DSP48' <Latency = 3> <II = 1> <Delay = 0.53> <IPBlock> <Opcode : 'mul' 'add' 'sub' 'select'> <InPorts = 2> <OutPorts = 1> <Sync> <CReg>
ST_5 : Operation 492 [1/1] (0.85ns)   --->   "%icmp_ln40_1 = icmp_eq  i32 %n, i32 %tilen_read" [reuse_test/before.cpp:40->reuse_test/before.cpp:71]   --->   Operation 492 'icmp' 'icmp_ln40_1' <Predicate = (!icmp_ln38)> <Delay = 0.85> <CoreInst = "Cmp">   --->   Core 10 'Cmp' <Latency = 0> <II = 1> <Delay = 0.85> <FuncUnit> <Opcode : 'icmp'> <InPorts = 2> <OutPorts = 1>
ST_5 : Operation 493 [1/1] (0.27ns)   --->   "%select_ln38_4 = select i1 %icmp_ln39, i1 %icmp_ln40, i1 %icmp_ln40_1" [reuse_test/before.cpp:38->reuse_test/before.cpp:71]   --->   Operation 493 'select' 'select_ln38_4' <Predicate = (!icmp_ln38)> <Delay = 0.27> <CoreInst = "Sel">   --->   Core 11 'Sel' <Latency = 0> <II = 1> <Delay = 0.41> <FuncUnit> <Opcode : 'select'> <InPorts = 3> <OutPorts = 1>
ST_5 : Operation 494 [1/1] (0.22ns)   --->   "%select_ln38_5 = select i1 %icmp_ln39, i32 %add_ln38_1, i32 %c" [reuse_test/before.cpp:38->reuse_test/before.cpp:71]   --->   Operation 494 'select' 'select_ln38_5' <Predicate = (!icmp_ln38)> <Delay = 0.22> <CoreInst = "Sel">   --->   Core 11 'Sel' <Latency = 0> <II = 1> <Delay = 0.41> <FuncUnit> <Opcode : 'select'> <InPorts = 3> <OutPorts = 1>
ST_5 : Operation 495 [1/1] (0.88ns)   --->   "%add_ln39 = add i32, i32 %select_ln38" [reuse_test/before.cpp:39->reuse_test/before.cpp:71]   --->   Operation 495 'add' 'add_ln39' <Predicate = (!icmp_ln38)> <Delay = 0.88> <CoreInst = "Adder">   --->   Core 1 'Adder' <Latency = 0> <II = 1> <Delay = 1.14> <FuncUnit> <Opcode : 'add' 'sub'> <InPorts = 2> <OutPorts = 1>
ST_5 : Operation 496 [1/1] (0.00ns) (grouped into LUT with out node select_ln39)   --->   "%or_ln39 = or i1 %select_ln38_4, i1 %icmp_ln39" [reuse_test/before.cpp:39->reuse_test/before.cpp:71]   --->   Operation 496 'or' 'or_ln39' <Predicate = (!icmp_ln38)> <Delay = 0.00> <CoreInst = "LogicGate">   --->   Core 12 'LogicGate' <Latency = 0> <II = 1> <Delay = 0.12> <FuncUnit> <Opcode : 'and' 'or' 'xor'> <InPorts = 2> <OutPorts = 1>
ST_5 : Operation 497 [1/1] (0.22ns) (out node of the LUT)   --->   "%select_ln39 = select i1 %or_ln39, i32, i32 %n" [reuse_test/before.cpp:39->reuse_test/before.cpp:71]   --->   Operation 497 'select' 'select_ln39' <Predicate = (!icmp_ln38)> <Delay = 0.22> <CoreInst = "Sel">   --->   Core 11 'Sel' <Latency = 0> <II = 1> <Delay = 0.41> <FuncUnit> <Opcode : 'select'> <InPorts = 3> <OutPorts = 1>
ST_5 : Operation 498 [1/1] (0.00ns)   --->   "%trunc_ln39_1 = trunc i32 %add_ln39" [reuse_test/before.cpp:39->reuse_test/before.cpp:71]   --->   Operation 498 'trunc' 'trunc_ln39_1' <Predicate = (!icmp_ln38)> <Delay = 0.00>
ST_5 : Operation 499 [3/3] (0.99ns) (grouped into DSP with root node sum3_i_mid1)   --->   "%p_mid14 = mul i7 %trunc_ln38, i7 %trunc_ln39_1" [reuse_test/before.cpp:38->reuse_test/before.cpp:71]   --->   Operation 499 'mul' 'p_mid14' <Predicate = (!icmp_ln38)> <Delay = 0.99> <CoreInst = "DSP48">   --->   Core 71 'DSP48' <Latency = 3> <II = 1> <Delay = 0.53> <IPBlock> <Opcode : 'mul' 'add' 'sub' 'select'> <InPorts = 2> <OutPorts = 1> <Sync> <CReg>
ST_5 : Operation 500 [1/1] (0.22ns)   --->   "%select_ln39_3 = select i1 %select_ln38_4, i32 %add_ln39, i32 %select_ln38" [reuse_test/before.cpp:39->reuse_test/before.cpp:71]   --->   Operation 500 'select' 'select_ln39_3' <Predicate = (!icmp_ln38)> <Delay = 0.22> <CoreInst = "Sel">   --->   Core 11 'Sel' <Latency = 0> <II = 1> <Delay = 0.41> <FuncUnit> <Opcode : 'select'> <InPorts = 3> <OutPorts = 1>
ST_5 : Operation 501 [1/1] (0.00ns)   --->   "%empty_34 = trunc i32 %select_ln39" [reuse_test/before.cpp:39->reuse_test/before.cpp:71]   --->   Operation 501 'trunc' 'empty_34' <Predicate = (!icmp_ln38)> <Delay = 0.00>
ST_5 : Operation 502 [1/1] (0.00ns)   --->   "%rbegin_i = specregionbegin i32 @_ssdm_op_SpecRegionBegin, void @empty_4" [reuse_test/before.cpp:40->reuse_test/before.cpp:71]   --->   Operation 502 'specregionbegin' 'rbegin_i' <Predicate = (!icmp_ln38)> <Delay = 0.00>
ST_5 : Operation 503 [1/1] (0.00ns)   --->   "%speclatency_ln48 = speclatency void @_ssdm_op_SpecLatency, i64, i64, void @empty_8" [reuse_test/before.cpp:48->reuse_test/before.cpp:71]   --->   Operation 503 'speclatency' 'speclatency_ln48' <Predicate = (!icmp_ln38)> <Delay = 0.00>
ST_5 : Operation 504 [1/1] (0.88ns)   --->   "%add_ln40 = add i32, i32 %select_ln39" [reuse_test/before.cpp:40->reuse_test/before.cpp:71]   --->   Operation 504 'add' 'add_ln40' <Predicate = (!icmp_ln38)> <Delay = 0.88> <CoreInst = "Adder">   --->   Core 1 'Adder' <Latency = 0> <II = 1> <Delay = 1.14> <FuncUnit> <Opcode : 'add' 'sub'> <InPorts = 2> <OutPorts = 1>
ST_5 : Operation 505 [1/1] (1.14ns)   --->   "%add_ln39_1 = add i64, i64 %indvar_flatten" [reuse_test/before.cpp:39->reuse_test/before.cpp:71]   --->   Operation 505 'add' 'add_ln39_1' <Predicate = (!icmp_ln38)> <Delay = 1.14> <CoreInst = "Adder">   --->   Core 1 'Adder' <Latency = 0> <II = 1> <Delay = 1.14> <FuncUnit> <Opcode : 'add' 'sub'> <InPorts = 2> <OutPorts = 1>
ST_5 : Operation 506 [1/1] (0.41ns)   --->   "%select_ln39_4 = select i1 %icmp_ln39, i64, i64 %add_ln39_1" [reuse_test/before.cpp:39->reuse_test/before.cpp:71]   --->   Operation 506 'select' 'select_ln39_4' <Predicate = (!icmp_ln38)> <Delay = 0.41> <CoreInst = "Sel">   --->   Core 11 'Sel' <Latency = 0> <II = 1> <Delay = 0.41> <FuncUnit> <Opcode : 'select'> <InPorts = 3> <OutPorts = 1>

State 6 <SV = 5> <Delay = 1.97>
ST_6 : Operation 507 [1/1] (1.27ns)   --->   "%empty_32 = mul i7 %trunc_ln39, i7 %empty_31" [reuse_test/before.cpp:39->reuse_test/before.cpp:71]   --->   Operation 507 'mul' 'empty_32' <Predicate = (!icmp_ln39 & !select_ln38_4)> <Delay = 1.27> <CoreInst = "Multiplier">   --->   Core 4 'Multiplier' <Latency = 0> <II = 1> <Delay = 4.43> <FuncUnit> <Opcode : 'mul'> <InPorts = 2> <OutPorts = 1>
ST_6 : Operation 508 [2/3] (0.99ns) (grouped into DSP with root node sum3_i)   --->   "%empty_33 = mul i7 %trunc_ln39, i7 %trunc_ln38" [reuse_test/before.cpp:39->reuse_test/before.cpp:71]   --->   Operation 508 'mul' 'empty_33' <Predicate = true> <Delay = 0.99> <CoreInst = "DSP48">   --->   Core 71 'DSP48' <Latency = 3> <II = 1> <Delay = 0.53> <IPBlock> <Opcode : 'mul' 'add' 'sub' 'select'> <InPorts = 2> <OutPorts = 1> <Sync> <CReg>
ST_6 : Operation 509 [2/3] (0.99ns) (grouped into DSP with root node add_ln45)   --->   "%mul_ln38_2 = mul i7 %empty_31, i7 %select_ln38_1" [reuse_test/before.cpp:38->reuse_test/before.cpp:71]   --->   Operation 509 'mul' 'mul_ln38_2' <Predicate = (!icmp_ln38)> <Delay = 0.99> <CoreInst = "DSP48">   --->   Core 71 'DSP48' <Latency = 3> <II = 1> <Delay = 0.53> <IPBlock> <Opcode : 'mul' 'add' 'sub' 'select'> <InPorts = 2> <OutPorts = 1> <Sync> <CReg>
ST_6 : Operation 510 [1/1] (0.00ns) (grouped into LUT with out node add_ln46)   --->   "%select_ln38_2 = select i1 %icmp_ln39, i7, i7 %empty_32" [reuse_test/before.cpp:38->reuse_test/before.cpp:71]   --->   Operation 510 'select' 'select_ln38_2' <Predicate = (!icmp_ln38 & !select_ln38_4)> <Delay = 0.00> <CoreInst = "Sel">   --->   Core 11 'Sel' <Latency = 0> <II = 1> <Delay = 0.41> <FuncUnit> <Opcode : 'select'> <InPorts = 3> <OutPorts = 1>
ST_6 : Operation 511 [1/1] (1.27ns)   --->   "%p_mid1 = mul i7 %empty_31, i7 %trunc_ln39_1" [reuse_test/before.cpp:36]   --->   Operation 511 'mul' 'p_mid1' <Predicate = (!icmp_ln38 & select_ln38_4)> <Delay = 1.27> <CoreInst = "Multiplier">   --->   Core 4 'Multiplier' <Latency = 0> <II = 1> <Delay = 4.43> <FuncUnit> <Opcode : 'mul'> <InPorts = 2> <OutPorts = 1>
ST_6 : Operation 512 [1/1] (0.00ns) (grouped into LUT with out node add_ln46)   --->   "%select_ln39_1 = select i1 %select_ln38_4, i7 %p_mid1, i7 %select_ln38_2" [reuse_test/before.cpp:39->reuse_test/before.cpp:71]   --->   Operation 512 'select' 'select_ln39_1' <Predicate = (!icmp_ln38)> <Delay = 0.00> <CoreInst = "Sel">   --->   Core 11 'Sel' <Latency = 0> <II = 1> <Delay = 0.41> <FuncUnit> <Opcode : 'select'> <InPorts = 3> <OutPorts = 1>
ST_6 : Operation 513 [2/3] (0.99ns) (grouped into DSP with root node sum3_i_mid1)   --->   "%p_mid14 = mul i7 %trunc_ln38, i7 %trunc_ln39_1" [reuse_test/before.cpp:38->reuse_test/before.cpp:71]   --->   Operation 513 'mul' 'p_mid14' <Predicate = (!icmp_ln38)> <Delay = 0.99> <CoreInst = "DSP48">   --->   Core 71 'DSP48' <Latency = 3> <II = 1> <Delay = 0.53> <IPBlock> <Opcode : 'mul' 'add' 'sub' 'select'> <InPorts = 2> <OutPorts = 1> <Sync> <CReg>
ST_6 : Operation 514 [1/1] (0.70ns) (out node of the LUT)   --->   "%add_ln46 = add i7 %select_ln39_1, i7 %empty_34" [reuse_test/before.cpp:46->reuse_test/before.cpp:71]   --->   Operation 514 'add' 'add_ln46' <Predicate = (!icmp_ln38)> <Delay = 0.70> <CoreInst = "Adder">   --->   Core 1 'Adder' <Latency = 0> <II = 1> <Delay = 1.14> <FuncUnit> <Opcode : 'add' 'sub'> <InPorts = 2> <OutPorts = 1>

State 7 <SV = 6> <Delay = 0.64>
ST_7 : Operation 515 [1/3] (0.00ns) (grouped into DSP with root node sum3_i)   --->   "%empty_33 = mul i7 %trunc_ln39, i7 %trunc_ln38" [reuse_test/before.cpp:39->reuse_test/before.cpp:71]   --->   Operation 515 'mul' 'empty_33' <Predicate = true> <Delay = 0.00> <CoreInst = "DSP48">   --->   Core 71 'DSP48' <Latency = 3> <II = 1> <Delay = 0.53> <IPBlock> <Opcode : 'mul' 'add' 'sub' 'select'> <InPorts = 2> <OutPorts = 1> <Sync> <CReg>
ST_7 : Operation 516 [2/2] (0.64ns) (root node of the DSP)   --->   "%sum3_i = add i7 %empty_33, i7 %trunc_ln38_1" [reuse_test/before.cpp:39->reuse_test/before.cpp:71]   --->   Operation 516 'add' 'sum3_i' <Predicate = (!icmp_ln39 & !select_ln38_4)> <Delay = 0.64> <CoreInst = "DSP48">   --->   Core 71 'DSP48' <Latency = 3> <II = 1> <Delay = 0.53> <IPBlock> <Opcode : 'mul' 'add' 'sub' 'select'> <InPorts = 2> <OutPorts = 1> <Sync> <CReg>
ST_7 : Operation 517 [1/3] (0.00ns) (grouped into DSP with root node add_ln45)   --->   "%mul_ln38_2 = mul i7 %empty_31, i7 %select_ln38_1" [reuse_test/before.cpp:38->reuse_test/before.cpp:71]   --->   Operation 517 'mul' 'mul_ln38_2' <Predicate = (!icmp_ln38)> <Delay = 0.00> <CoreInst = "DSP48">   --->   Core 71 'DSP48' <Latency = 3> <II = 1> <Delay = 0.53> <IPBlock> <Opcode : 'mul' 'add' 'sub' 'select'> <InPorts = 2> <OutPorts = 1> <Sync> <CReg>
ST_7 : Operation 518 [1/3] (0.00ns) (grouped into DSP with root node sum3_i_mid1)   --->   "%p_mid14 = mul i7 %trunc_ln38, i7 %trunc_ln39_1" [reuse_test/before.cpp:38->reuse_test/before.cpp:71]   --->   Operation 518 'mul' 'p_mid14' <Predicate = (!icmp_ln38)> <Delay = 0.00> <CoreInst = "DSP48">   --->   Core 71 'DSP48' <Latency = 3> <II = 1> <Delay = 0.53> <IPBlock> <Opcode : 'mul' 'add' 'sub' 'select'> <InPorts = 2> <OutPorts = 1> <Sync> <CReg>
ST_7 : Operation 519 [2/2] (0.64ns) (root node of the DSP)   --->   "%sum3_i_mid1 = add i7 %select_ln38_1, i7 %p_mid14" [reuse_test/before.cpp:38->reuse_test/before.cpp:71]   --->   Operation 519 'add' 'sum3_i_mid1' <Predicate = (!icmp_ln38 & select_ln38_4)> <Delay = 0.64> <CoreInst = "DSP48">   --->   Core 71 'DSP48' <Latency = 3> <II = 1> <Delay = 0.53> <IPBlock> <Opcode : 'mul' 'add' 'sub' 'select'> <InPorts = 2> <OutPorts = 1> <Sync> <CReg>
ST_7 : Operation 520 [2/2] (0.64ns) (root node of the DSP)   --->   "%add_ln45 = add i7 %mul_ln38_2, i7 %empty_34" [reuse_test/before.cpp:45->reuse_test/before.cpp:71]   --->   Operation 520 'add' 'add_ln45' <Predicate = (!icmp_ln38)> <Delay = 0.64> <CoreInst = "DSP48">   --->   Core 71 'DSP48' <Latency = 3> <II = 1> <Delay = 0.53> <IPBlock> <Opcode : 'mul' 'add' 'sub' 'select'> <InPorts = 2> <OutPorts = 1> <Sync> <CReg>

State 8 <SV = 7> <Delay = 2.11>
ST_8 : Operation 521 [1/2] (0.64ns) (root node of the DSP)   --->   "%sum3_i = add i7 %empty_33, i7 %trunc_ln38_1" [reuse_test/before.cpp:39->reuse_test/before.cpp:71]   --->   Operation 521 'add' 'sum3_i' <Predicate = (!icmp_ln39 & !select_ln38_4)> <Delay = 0.64> <CoreInst = "DSP48">   --->   Core 71 'DSP48' <Latency = 3> <II = 1> <Delay = 0.53> <IPBlock> <Opcode : 'mul' 'add' 'sub' 'select'> <InPorts = 2> <OutPorts = 1> <Sync> <CReg>
ST_8 : Operation 522 [1/1] (0.00ns)   --->   "%specpipeline_ln0 = specpipeline void @_ssdm_op_SpecPipeline, i32, i32, i32, i32, void @p_str"   --->   Operation 522 'specpipeline' 'specpipeline_ln0' <Predicate = true> <Delay = 0.00>
ST_8 : Operation 523 [1/1] (0.00ns) (grouped into LUT with out node select_ln39_2)   --->   "%select_ln38_3 = select i1 %icmp_ln39, i7 %trunc_ln38_2, i7 %sum3_i" [reuse_test/before.cpp:38->reuse_test/before.cpp:71]   --->   Operation 523 'select' 'select_ln38_3' <Predicate = (!icmp_ln38 & !select_ln38_4)> <Delay = 0.00> <CoreInst = "Sel">   --->   Core 11 'Sel' <Latency = 0> <II = 1> <Delay = 0.41> <FuncUnit> <Opcode : 'select'> <InPorts = 3> <OutPorts = 1>
ST_8 : Operation 524 [1/2] (0.64ns) (root node of the DSP)   --->   "%sum3_i_mid1 = add i7 %select_ln38_1, i7 %p_mid14" [reuse_test/before.cpp:38->reuse_test/before.cpp:71]   --->   Operation 524 'add' 'sum3_i_mid1' <Predicate = (!icmp_ln38 & select_ln38_4)> <Delay = 0.64> <CoreInst = "DSP48">   --->   Core 71 'DSP48' <Latency = 3> <II = 1> <Delay = 0.53> <IPBlock> <Opcode : 'mul' 'add' 'sub' 'select'> <InPorts = 2> <OutPorts = 1> <Sync> <CReg>
ST_8 : Operation 525 [1/1] (0.30ns) (out node of the LUT)   --->   "%select_ln39_2 = select i1 %select_ln38_4, i7 %sum3_i_mid1, i7 %select_ln38_3" [reuse_test/before.cpp:39->reuse_test/before.cpp:71]   --->   Operation 525 'select' 'select_ln39_2' <Predicate = (!icmp_ln38)> <Delay = 0.30> <CoreInst = "Sel">   --->   Core 11 'Sel' <Latency = 0> <II = 1> <Delay = 0.41> <FuncUnit> <Opcode : 'select'> <InPorts = 3> <OutPorts = 1>
ST_8 : Operation 526 [1/1] (0.00ns)   --->   "%zext_ln39 = zext i7 %select_ln39_2" [reuse_test/before.cpp:39->reuse_test/before.cpp:71]   --->   Operation 526 'zext' 'zext_ln39' <Predicate = (!icmp_ln38)> <Delay = 0.00>
ST_8 : Operation 527 [1/1] (0.00ns)   --->   "%b_buf_addr = getelementptr i32 %b_buf, i64, i64 %zext_ln39" [reuse_test/before.cpp:39->reuse_test/before.cpp:71]   --->   Operation 527 'getelementptr' 'b_buf_addr' <Predicate = (!icmp_ln38)> <Delay = 0.00>
ST_8 : Operation 528 [2/2] (1.15ns)   --->   "%b_buf_load = load i7 %b_buf_addr" [reuse_test/before.cpp:39->reuse_test/before.cpp:71]   --->   Operation 528 'load' 'b_buf_load' <Predicate = (!icmp_ln38)> <Delay = 1.15> <CoreInst = "RAM">   --->   Core 23 'RAM' <Latency = 1> <II = 1> <Delay = 1.15> <Storage> <Opcode : 'load' 'store'> <Ports = 2> <Width = 32> <Depth = 100> <RAM>
ST_8 : Operation 529 [1/2] (0.64ns) (root node of the DSP)   --->   "%add_ln45 = add i7 %mul_ln38_2, i7 %empty_34" [reuse_test/before.cpp:45->reuse_test/before.cpp:71]   --->   Operation 529 'add' 'add_ln45' <Predicate = (!icmp_ln38)> <Delay = 0.64> <CoreInst = "DSP48">   --->   Core 71 'DSP48' <Latency = 3> <II = 1> <Delay = 0.53> <IPBlock> <Opcode : 'mul' 'add' 'sub' 'select'> <InPorts = 2> <OutPorts = 1> <Sync> <CReg>
ST_8 : Operation 530 [1/1] (0.00ns)   --->   "%zext_ln46 = zext i7 %add_ln45" [reuse_test/before.cpp:46->reuse_test/before.cpp:71]   --->   Operation 530 'zext' 'zext_ln46' <Predicate = (!icmp_ln38)> <Delay = 0.00>
ST_8 : Operation 531 [1/1] (0.00ns)   --->   "%zext_ln46_1 = zext i7 %add_ln46" [reuse_test/before.cpp:46->reuse_test/before.cpp:71]   --->   Operation 531 'zext' 'zext_ln46_1' <Predicate = (!icmp_ln38)> <Delay = 0.00>
ST_8 : Operation 532 [1/1] (0.00ns)   --->   "%a_buf_addr = getelementptr i32 %a_buf, i64, i64 %zext_ln46_1" [reuse_test/before.cpp:46->reuse_test/before.cpp:71]   --->   Operation 532 'getelementptr' 'a_buf_addr' <Predicate = (!icmp_ln38)> <Delay = 0.00>
ST_8 : Operation 533 [2/2] (1.15ns)   --->   "%a_buf_load = load i7 %a_buf_addr" [reuse_test/before.cpp:46->reuse_test/before.cpp:71]   --->   Operation 533 'load' 'a_buf_load' <Predicate = (!icmp_ln38)> <Delay = 1.15> <CoreInst = "RAM">   --->   Core 23 'RAM' <Latency = 1> <II = 1> <Delay = 1.15> <Storage> <Opcode : 'load' 'store'> <Ports = 2> <Width = 32> <Depth = 100> <RAM>
ST_8 : Operation 534 [1/1] (0.00ns)   --->   "%local_c_addr_1 = getelementptr i32 %local_c, i64, i64 %zext_ln46" [reuse_test/before.cpp:46->reuse_test/before.cpp:71]   --->   Operation 534 'getelementptr' 'local_c_addr_1' <Predicate = (!icmp_ln38)> <Delay = 0.00>
ST_8 : Operation 535 [2/2] (1.15ns)   --->   "%local_c_load = load i7 %local_c_addr_1" [reuse_test/before.cpp:46->reuse_test/before.cpp:71]   --->   Operation 535 'load' 'local_c_load' <Predicate = (!icmp_ln38)> <Delay = 1.15> <CoreInst = "RAM">   --->   Core 23 'RAM' <Latency = 1> <II = 1> <Delay = 1.15> <Storage> <Opcode : 'load' 'store'> <Ports = 2> <Width = 32> <Depth = 100> <RAM>

State 9 <SV = 8> <Delay = 6.36>
ST_9 : Operation 536 [1/2] (1.15ns)   --->   "%b_buf_load = load i7 %b_buf_addr" [reuse_test/before.cpp:39->reuse_test/before.cpp:71]   --->   Operation 536 'load' 'b_buf_load' <Predicate = (!icmp_ln38)> <Delay = 1.15> <CoreInst = "RAM">   --->   Core 23 'RAM' <Latency = 1> <II = 1> <Delay = 1.15> <Storage> <Opcode : 'load' 'store'> <Ports = 2> <Width = 32> <Depth = 100> <RAM>
ST_9 : Operation 537 [1/2] (1.15ns)   --->   "%a_buf_load = load i7 %a_buf_addr" [reuse_test/before.cpp:46->reuse_test/before.cpp:71]   --->   Operation 537 'load' 'a_buf_load' <Predicate = (!icmp_ln38)> <Delay = 1.15> <CoreInst = "RAM">   --->   Core 23 'RAM' <Latency = 1> <II = 1> <Delay = 1.15> <Storage> <Opcode : 'load' 'store'> <Ports = 2> <Width = 32> <Depth = 100> <RAM>
ST_9 : Operation 538 [1/1] (3.17ns)   --->   "%mul_ln46 = mul i32 %b_buf_load, i32 %a_buf_load" [reuse_test/before.cpp:46->reuse_test/before.cpp:71]   --->   Operation 538 'mul' 'mul_ln46' <Predicate = (!icmp_ln38)> <Delay = 3.17> <CoreInst = "Multiplier">   --->   Core 4 'Multiplier' <Latency = 0> <II = 1> <Delay = 4.43> <FuncUnit> <Opcode : 'mul'> <InPorts = 2> <OutPorts = 1>
ST_9 : Operation 539 [1/2] (1.15ns)   --->   "%local_c_load = load i7 %local_c_addr_1" [reuse_test/before.cpp:46->reuse_test/before.cpp:71]   --->   Operation 539 'load' 'local_c_load' <Predicate = (!icmp_ln38)> <Delay = 1.15> <CoreInst = "RAM">   --->   Core 23 'RAM' <Latency = 1> <II = 1> <Delay = 1.15> <Storage> <Opcode : 'load' 'store'> <Ports = 2> <Width = 32> <Depth = 100> <RAM>
ST_9 : Operation 540 [1/1] (0.88ns)   --->   "%add_ln46_1 = add i32 %mul_ln46, i32 %local_c_load" [reuse_test/before.cpp:46->reuse_test/before.cpp:71]   --->   Operation 540 'add' 'add_ln46_1' <Predicate = (!icmp_ln38)> <Delay = 0.88> <CoreInst = "Adder">   --->   Core 1 'Adder' <Latency = 0> <II = 1> <Delay = 1.14> <FuncUnit> <Opcode : 'add' 'sub'> <InPorts = 2> <OutPorts = 1>
ST_9 : Operation 541 [1/1] (1.15ns)   --->   "%store_ln46 = store i32 %add_ln46_1, i7 %local_c_addr_1, i32 %local_c_load" [reuse_test/before.cpp:46->reuse_test/before.cpp:71]   --->   Operation 541 'store' 'store_ln46' <Predicate = (!icmp_ln38)> <Delay = 1.15> <CoreInst = "RAM">   --->   Core 23 'RAM' <Latency = 1> <II = 1> <Delay = 1.15> <Storage> <Opcode : 'load' 'store'> <Ports = 2> <Width = 32> <Depth = 100> <RAM>
ST_9 : Operation 542 [1/1] (0.00ns)   --->   "%c_buf_addr = getelementptr i32 %c_buf, i64, i64 %zext_ln46" [reuse_test/before.cpp:47->reuse_test/before.cpp:71]   --->   Operation 542 'getelementptr' 'c_buf_addr' <Predicate = (!icmp_ln38)> <Delay = 0.00>
ST_9 : Operation 543 [1/1] (1.15ns)   --->   "%store_ln47 = store i32 %add_ln46_1, i7 %c_buf_addr" [reuse_test/before.cpp:47->reuse_test/before.cpp:71]   --->   Operation 543 'store' 'store_ln47' <Predicate = (!icmp_ln38)> <Delay = 1.15> <CoreInst = "RAM">   --->   Core 23 'RAM' <Latency = 1> <II = 1> <Delay = 1.15> <Storage> <Opcode : 'load' 'store'> <Ports = 2> <Width = 32> <Depth = 100> <RAM>

State 10 <SV = 9> <Delay = 0.00>

State 11 <SV = 10> <Delay = 0.00>

State 12 <SV = 11> <Delay = 0.00>

State 13 <SV = 12> <Delay = 0.00>

State 14 <SV = 13> <Delay = 0.00>

State 15 <SV = 14> <Delay = 0.00>

State 16 <SV = 15> <Delay = 0.00>

State 17 <SV = 16> <Delay = 0.00>

State 18 <SV = 17> <Delay = 0.00>

State 19 <SV = 18> <Delay = 0.00>

State 20 <SV = 19> <Delay = 0.00>

State 21 <SV = 20> <Delay = 0.00>

State 22 <SV = 21> <Delay = 0.00>

State 23 <SV = 22> <Delay = 0.00>

State 24 <SV = 23> <Delay = 0.00>

State 25 <SV = 24> <Delay = 0.00>

State 26 <SV = 25> <Delay = 0.00>

State 27 <SV = 26> <Delay = 0.00>

State 28 <SV = 27> <Delay = 0.00>

State 29 <SV = 28> <Delay = 0.00>

State 30 <SV = 29> <Delay = 0.00>

State 31 <SV = 30> <Delay = 0.00>

State 32 <SV = 31> <Delay = 0.00>

State 33 <SV = 32> <Delay = 0.00>

State 34 <SV = 33> <Delay = 0.00>

State 35 <SV = 34> <Delay = 0.00>

State 36 <SV = 35> <Delay = 0.00>

State 37 <SV = 36> <Delay = 0.00>

State 38 <SV = 37> <Delay = 0.00>

State 39 <SV = 38> <Delay = 0.00>

State 40 <SV = 39> <Delay = 0.00>

State 41 <SV = 40> <Delay = 0.00>

State 42 <SV = 41> <Delay = 0.00>

State 43 <SV = 42> <Delay = 0.00>

State 44 <SV = 43> <Delay = 0.00>

State 45 <SV = 44> <Delay = 0.00>

State 46 <SV = 45> <Delay = 0.00>

State 47 <SV = 46> <Delay = 0.00>

State 48 <SV = 47> <Delay = 0.00>

State 49 <SV = 48> <Delay = 0.00>

State 50 <SV = 49> <Delay = 0.00>

State 51 <SV = 50> <Delay = 0.00>

State 52 <SV = 51> <Delay = 0.00>

State 53 <SV = 52> <Delay = 0.00>

State 54 <SV = 53> <Delay = 0.00>

State 55 <SV = 54> <Delay = 0.00>

State 56 <SV = 55> <Delay = 0.00>

State 57 <SV = 56> <Delay = 0.00>

State 58 <SV = 57> <Delay = 0.00>

State 59 <SV = 58> <Delay = 0.00>

State 60 <SV = 59> <Delay = 0.00>

State 61 <SV = 60> <Delay = 0.00>

State 62 <SV = 61> <Delay = 0.00>

State 63 <SV = 62> <Delay = 0.00>

State 64 <SV = 63> <Delay = 0.00>

State 65 <SV = 64> <Delay = 0.00>

State 66 <SV = 65> <Delay = 0.00>

State 67 <SV = 66> <Delay = 0.00>

State 68 <SV = 67> <Delay = 0.00>

State 69 <SV = 68> <Delay = 0.00>

State 70 <SV = 69> <Delay = 0.00>

State 71 <SV = 70> <Delay = 0.00>

State 72 <SV = 71> <Delay = 0.00>

State 73 <SV = 72> <Delay = 0.00>

State 74 <SV = 73> <Delay = 0.00>

State 75 <SV = 74> <Delay = 0.00>

State 76 <SV = 75> <Delay = 0.00>

State 77 <SV = 76> <Delay = 0.00>

State 78 <SV = 77> <Delay = 0.00>

State 79 <SV = 78> <Delay = 0.00>

State 80 <SV = 79> <Delay = 0.00>

State 81 <SV = 80> <Delay = 0.00>

State 82 <SV = 81> <Delay = 0.00>

State 83 <SV = 82> <Delay = 0.00>

State 84 <SV = 83> <Delay = 0.00>

State 85 <SV = 84> <Delay = 0.00>

State 86 <SV = 85> <Delay = 0.00>

State 87 <SV = 86> <Delay = 0.00>

State 88 <SV = 87> <Delay = 0.00>

State 89 <SV = 88> <Delay = 0.00>

State 90 <SV = 89> <Delay = 0.00>

State 91 <SV = 90> <Delay = 0.00>

State 92 <SV = 91> <Delay = 0.00>

State 93 <SV = 92> <Delay = 0.00>

State 94 <SV = 93> <Delay = 0.00>

State 95 <SV = 94> <Delay = 0.00>

State 96 <SV = 95> <Delay = 0.00>

State 97 <SV = 96> <Delay = 0.00>

State 98 <SV = 97> <Delay = 0.00>

State 99 <SV = 98> <Delay = 0.00>

State 100 <SV = 99> <Delay = 0.00>

State 101 <SV = 100> <Delay = 0.00>

State 102 <SV = 101> <Delay = 0.00>

State 103 <SV = 102> <Delay = 0.00>

State 104 <SV = 103> <Delay = 0.00>

State 105 <SV = 104> <Delay = 0.00>

State 106 <SV = 105> <Delay = 0.00>

State 107 <SV = 106> <Delay = 0.00>

State 108 <SV = 107> <Delay = 0.00>

State 109 <SV = 108> <Delay = 0.00>

State 110 <SV = 109> <Delay = 0.00>

State 111 <SV = 110> <Delay = 0.00>

State 112 <SV = 111> <Delay = 0.00>

State 113 <SV = 112> <Delay = 0.00>

State 114 <SV = 113> <Delay = 0.00>

State 115 <SV = 114> <Delay = 0.00>

State 116 <SV = 115> <Delay = 0.00>

State 117 <SV = 116> <Delay = 0.00>

State 118 <SV = 117> <Delay = 0.00>

State 119 <SV = 118> <Delay = 0.00>

State 120 <SV = 119> <Delay = 0.00>

State 121 <SV = 120> <Delay = 0.00>

State 122 <SV = 121> <Delay = 0.00>

State 123 <SV = 122> <Delay = 0.00>

State 124 <SV = 123> <Delay = 0.00>

State 125 <SV = 124> <Delay = 0.00>

State 126 <SV = 125> <Delay = 0.00>

State 127 <SV = 126> <Delay = 0.00>

State 128 <SV = 127> <Delay = 0.00>

State 129 <SV = 128> <Delay = 0.00>

State 130 <SV = 129> <Delay = 0.00>

State 131 <SV = 130> <Delay = 0.00>

State 132 <SV = 131> <Delay = 0.00>

State 133 <SV = 132> <Delay = 0.00>

State 134 <SV = 133> <Delay = 0.00>

State 135 <SV = 134> <Delay = 0.00>

State 136 <SV = 135> <Delay = 0.00>

State 137 <SV = 136> <Delay = 0.00>

State 138 <SV = 137> <Delay = 0.00>

State 139 <SV = 138> <Delay = 0.00>

State 140 <SV = 139> <Delay = 0.00>

State 141 <SV = 140> <Delay = 0.00>

State 142 <SV = 141> <Delay = 0.00>

State 143 <SV = 142> <Delay = 0.00>

State 144 <SV = 143> <Delay = 0.00>

State 145 <SV = 144> <Delay = 0.00>

State 146 <SV = 145> <Delay = 0.00>

State 147 <SV = 146> <Delay = 0.00>

State 148 <SV = 147> <Delay = 0.00>

State 149 <SV = 148> <Delay = 0.00>

State 150 <SV = 149> <Delay = 0.00>

State 151 <SV = 150> <Delay = 0.00>

State 152 <SV = 151> <Delay = 0.00>

State 153 <SV = 152> <Delay = 0.00>

State 154 <SV = 153> <Delay = 0.00>

State 155 <SV = 154> <Delay = 0.00>

State 156 <SV = 155> <Delay = 0.00>

State 157 <SV = 156> <Delay = 0.00>

State 158 <SV = 157> <Delay = 0.00>

State 159 <SV = 158> <Delay = 0.00>

State 160 <SV = 159> <Delay = 0.00>

State 161 <SV = 160> <Delay = 0.00>

State 162 <SV = 161> <Delay = 0.00>

State 163 <SV = 162> <Delay = 0.00>

State 164 <SV = 163> <Delay = 0.00>

State 165 <SV = 164> <Delay = 0.00>

State 166 <SV = 165> <Delay = 0.00>

State 167 <SV = 166> <Delay = 0.00>

State 168 <SV = 167> <Delay = 0.00>

State 169 <SV = 168> <Delay = 0.00>

State 170 <SV = 169> <Delay = 0.00>

State 171 <SV = 170> <Delay = 0.00>

State 172 <SV = 171> <Delay = 0.00>

State 173 <SV = 172> <Delay = 0.00>

State 174 <SV = 173> <Delay = 0.00>

State 175 <SV = 174> <Delay = 0.00>

State 176 <SV = 175> <Delay = 0.00>

State 177 <SV = 176> <Delay = 0.00>

State 178 <SV = 177> <Delay = 0.00>

State 179 <SV = 178> <Delay = 0.00>

State 180 <SV = 179> <Delay = 0.00>

State 181 <SV = 180> <Delay = 0.00>

State 182 <SV = 181> <Delay = 0.00>

State 183 <SV = 182> <Delay = 0.00>

State 184 <SV = 183> <Delay = 0.00>

State 185 <SV = 184> <Delay = 0.00>

State 186 <SV = 185> <Delay = 0.00>

State 187 <SV = 186> <Delay = 0.00>

State 188 <SV = 187> <Delay = 0.00>

State 189 <SV = 188> <Delay = 0.00>

State 190 <SV = 189> <Delay = 0.00>

State 191 <SV = 190> <Delay = 0.00>

State 192 <SV = 191> <Delay = 0.00>

State 193 <SV = 192> <Delay = 0.00>

State 194 <SV = 193> <Delay = 0.00>

State 195 <SV = 194> <Delay = 0.00>

State 196 <SV = 195> <Delay = 0.00>

State 197 <SV = 196> <Delay = 0.00>

State 198 <SV = 197> <Delay = 0.00>

State 199 <SV = 198> <Delay = 0.00>

State 200 <SV = 199> <Delay = 0.00>

State 201 <SV = 200> <Delay = 0.00>

State 202 <SV = 201> <Delay = 0.00>

State 203 <SV = 202> <Delay = 0.00>

State 204 <SV = 203> <Delay = 0.00>

State 205 <SV = 204> <Delay = 0.00>

State 206 <SV = 205> <Delay = 0.00>

State 207 <SV = 206> <Delay = 0.00>

State 208 <SV = 207> <Delay = 0.00>

State 209 <SV = 208> <Delay = 0.00>

State 210 <SV = 209> <Delay = 0.00>

State 211 <SV = 210> <Delay = 0.00>

State 212 <SV = 211> <Delay = 0.00>

State 213 <SV = 212> <Delay = 0.00>

State 214 <SV = 213> <Delay = 0.00>

State 215 <SV = 214> <Delay = 0.00>

State 216 <SV = 215> <Delay = 0.00>

State 217 <SV = 216> <Delay = 0.00>

State 218 <SV = 217> <Delay = 0.00>

State 219 <SV = 218> <Delay = 0.00>

State 220 <SV = 219> <Delay = 0.00>

State 221 <SV = 220> <Delay = 0.00>

State 222 <SV = 221> <Delay = 0.00>

State 223 <SV = 222> <Delay = 0.00>

State 224 <SV = 223> <Delay = 0.00>

State 225 <SV = 224> <Delay = 0.00>

State 226 <SV = 225> <Delay = 0.00>

State 227 <SV = 226> <Delay = 0.00>

State 228 <SV = 227> <Delay = 0.00>

State 229 <SV = 228> <Delay = 0.00>

State 230 <SV = 229> <Delay = 0.00>

State 231 <SV = 230> <Delay = 0.00>

State 232 <SV = 231> <Delay = 0.00>

State 233 <SV = 232> <Delay = 0.00>

State 234 <SV = 233> <Delay = 0.00>

State 235 <SV = 234> <Delay = 0.00>

State 236 <SV = 235> <Delay = 0.00>

State 237 <SV = 236> <Delay = 0.00>

State 238 <SV = 237> <Delay = 0.00>

State 239 <SV = 238> <Delay = 0.00>

State 240 <SV = 239> <Delay = 0.00>

State 241 <SV = 240> <Delay = 0.00>

State 242 <SV = 241> <Delay = 0.00>

State 243 <SV = 242> <Delay = 0.00>

State 244 <SV = 243> <Delay = 0.00>

State 245 <SV = 244> <Delay = 0.00>

State 246 <SV = 245> <Delay = 0.00>

State 247 <SV = 246> <Delay = 0.00>

State 248 <SV = 247> <Delay = 0.00>

State 249 <SV = 248> <Delay = 0.00>

State 250 <SV = 249> <Delay = 0.00>

State 251 <SV = 250> <Delay = 0.00>

State 252 <SV = 251> <Delay = 0.00>

State 253 <SV = 252> <Delay = 0.00>

State 254 <SV = 253> <Delay = 0.00>

State 255 <SV = 254> <Delay = 0.00>

State 256 <SV = 255> <Delay = 0.00>

State 257 <SV = 256> <Delay = 0.00>

State 258 <SV = 257> <Delay = 0.00>

State 259 <SV = 258> <Delay = 0.00>

State 260 <SV = 259> <Delay = 0.00>

State 261 <SV = 260> <Delay = 0.00>

State 262 <SV = 261> <Delay = 0.00>

State 263 <SV = 262> <Delay = 0.00>

State 264 <SV = 263> <Delay = 0.00>

State 265 <SV = 264> <Delay = 0.00>

State 266 <SV = 265> <Delay = 0.00>

State 267 <SV = 266> <Delay = 0.00>

State 268 <SV = 267> <Delay = 0.00>

State 269 <SV = 268> <Delay = 0.00>

State 270 <SV = 269> <Delay = 0.00>

State 271 <SV = 270> <Delay = 0.00>

State 272 <SV = 271> <Delay = 0.00>

State 273 <SV = 272> <Delay = 0.00>

State 274 <SV = 273> <Delay = 0.00>

State 275 <SV = 274> <Delay = 0.00>

State 276 <SV = 275> <Delay = 0.00>

State 277 <SV = 276> <Delay = 0.00>

State 278 <SV = 277> <Delay = 0.00>

State 279 <SV = 278> <Delay = 0.00>

State 280 <SV = 279> <Delay = 0.00>

State 281 <SV = 280> <Delay = 0.00>

State 282 <SV = 281> <Delay = 0.00>

State 283 <SV = 282> <Delay = 0.00>

State 284 <SV = 283> <Delay = 0.00>

State 285 <SV = 284> <Delay = 0.00>

State 286 <SV = 285> <Delay = 0.00>

State 287 <SV = 286> <Delay = 0.00>

State 288 <SV = 287> <Delay = 0.00>

State 289 <SV = 288> <Delay = 0.00>

State 290 <SV = 289> <Delay = 0.00>

State 291 <SV = 290> <Delay = 0.00>

State 292 <SV = 291> <Delay = 0.00>

State 293 <SV = 292> <Delay = 0.00>

State 294 <SV = 293> <Delay = 0.00>

State 295 <SV = 294> <Delay = 0.00>

State 296 <SV = 295> <Delay = 0.00>

State 297 <SV = 296> <Delay = 0.00>

State 298 <SV = 297> <Delay = 0.00>

State 299 <SV = 298> <Delay = 0.00>

State 300 <SV = 299> <Delay = 0.00>

State 301 <SV = 300> <Delay = 0.00>

State 302 <SV = 301> <Delay = 0.00>

State 303 <SV = 302> <Delay = 0.00>

State 304 <SV = 303> <Delay = 0.00>

State 305 <SV = 304> <Delay = 0.00>

State 306 <SV = 305> <Delay = 0.00>

State 307 <SV = 306> <Delay = 0.00>

State 308 <SV = 307> <Delay = 0.00>

State 309 <SV = 308> <Delay = 0.00>

State 310 <SV = 309> <Delay = 0.00>

State 311 <SV = 310> <Delay = 0.00>

State 312 <SV = 311> <Delay = 0.00>

State 313 <SV = 312> <Delay = 0.00>

State 314 <SV = 313> <Delay = 0.00>

State 315 <SV = 314> <Delay = 0.00>

State 316 <SV = 315> <Delay = 0.00>

State 317 <SV = 316> <Delay = 0.00>

State 318 <SV = 317> <Delay = 0.00>

State 319 <SV = 318> <Delay = 0.00>

State 320 <SV = 319> <Delay = 0.00>

State 321 <SV = 320> <Delay = 0.00>

State 322 <SV = 321> <Delay = 0.00>

State 323 <SV = 322> <Delay = 0.00>

State 324 <SV = 323> <Delay = 0.00>

State 325 <SV = 324> <Delay = 0.00>

State 326 <SV = 325> <Delay = 0.00>

State 327 <SV = 326> <Delay = 0.00>

State 328 <SV = 327> <Delay = 0.00>

State 329 <SV = 328> <Delay = 0.00>

State 330 <SV = 329> <Delay = 0.00>

State 331 <SV = 330> <Delay = 0.00>

State 332 <SV = 331> <Delay = 0.00>

State 333 <SV = 332> <Delay = 0.00>

State 334 <SV = 333> <Delay = 0.00>

State 335 <SV = 334> <Delay = 0.00>

State 336 <SV = 335> <Delay = 0.00>

State 337 <SV = 336> <Delay = 0.00>

State 338 <SV = 337> <Delay = 0.00>

State 339 <SV = 338> <Delay = 0.00>

State 340 <SV = 339> <Delay = 0.00>

State 341 <SV = 340> <Delay = 0.00>

State 342 <SV = 341> <Delay = 0.00>

State 343 <SV = 342> <Delay = 0.00>

State 344 <SV = 343> <Delay = 0.00>

State 345 <SV = 344> <Delay = 0.00>

State 346 <SV = 345> <Delay = 0.00>

State 347 <SV = 346> <Delay = 0.00>

State 348 <SV = 347> <Delay = 0.00>

State 349 <SV = 348> <Delay = 0.00>

State 350 <SV = 349> <Delay = 0.00>

State 351 <SV = 350> <Delay = 0.00>

State 352 <SV = 351> <Delay = 0.00>

State 353 <SV = 352> <Delay = 0.00>

State 354 <SV = 353> <Delay = 0.00>

State 355 <SV = 354> <Delay = 0.00>

State 356 <SV = 355> <Delay = 0.00>

State 357 <SV = 356> <Delay = 0.00>

State 358 <SV = 357> <Delay = 0.00>

State 359 <SV = 358> <Delay = 0.00>

State 360 <SV = 359> <Delay = 0.00>

State 361 <SV = 360> <Delay = 0.00>

State 362 <SV = 361> <Delay = 0.00>

State 363 <SV = 362> <Delay = 0.00>

State 364 <SV = 363> <Delay = 0.00>

State 365 <SV = 364> <Delay = 0.00>

State 366 <SV = 365> <Delay = 0.00>

State 367 <SV = 366> <Delay = 0.00>

State 368 <SV = 367> <Delay = 0.00>

State 369 <SV = 368> <Delay = 0.00>

State 370 <SV = 369> <Delay = 0.00>

State 371 <SV = 370> <Delay = 0.00>

State 372 <SV = 371> <Delay = 0.00>

State 373 <SV = 372> <Delay = 0.00>

State 374 <SV = 373> <Delay = 0.00>

State 375 <SV = 374> <Delay = 0.00>

State 376 <SV = 375> <Delay = 0.00>

State 377 <SV = 376> <Delay = 0.00>

State 378 <SV = 377> <Delay = 0.00>

State 379 <SV = 378> <Delay = 0.00>

State 380 <SV = 379> <Delay = 0.00>

State 381 <SV = 380> <Delay = 0.00>

State 382 <SV = 381> <Delay = 0.00>

State 383 <SV = 382> <Delay = 0.00>

State 384 <SV = 383> <Delay = 0.00>

State 385 <SV = 384> <Delay = 0.00>

State 386 <SV = 385> <Delay = 0.00>

State 387 <SV = 386> <Delay = 0.00>

State 388 <SV = 387> <Delay = 0.00>

State 389 <SV = 388> <Delay = 0.00>

State 390 <SV = 389> <Delay = 0.00>

State 391 <SV = 390> <Delay = 0.00>

State 392 <SV = 391> <Delay = 0.00>

State 393 <SV = 392> <Delay = 0.00>

State 394 <SV = 393> <Delay = 0.00>

State 395 <SV = 394> <Delay = 0.00>

State 396 <SV = 395> <Delay = 0.00>

State 397 <SV = 396> <Delay = 0.00>

State 398 <SV = 397> <Delay = 0.00>

State 399 <SV = 398> <Delay = 0.00>

State 400 <SV = 399> <Delay = 0.00>

State 401 <SV = 400> <Delay = 0.00>

State 402 <SV = 401> <Delay = 0.00>

State 403 <SV = 402> <Delay = 0.00>

State 404 <SV = 403> <Delay = 0.00>

State 405 <SV = 404> <Delay = 0.00>

State 406 <SV = 405> <Delay = 0.00>

State 407 <SV = 406> <Delay = 0.00>

State 408 <SV = 407> <Delay = 0.00>

State 409 <SV = 408> <Delay = 0.00>

State 410 <SV = 409> <Delay = 0.00>

State 411 <SV = 410> <Delay = 0.00>

State 412 <SV = 411> <Delay = 0.00>

State 413 <SV = 412> <Delay = 0.00>

State 414 <SV = 413> <Delay = 0.00>

State 415 <SV = 414> <Delay = 0.00>

State 416 <SV = 415> <Delay = 0.00>

State 417 <SV = 416> <Delay = 0.00>

State 418 <SV = 417> <Delay = 0.00>

State 419 <SV = 418> <Delay = 0.00>

State 420 <SV = 419> <Delay = 0.00>

State 421 <SV = 420> <Delay = 0.00>

State 422 <SV = 421> <Delay = 0.00>

State 423 <SV = 422> <Delay = 0.00>

State 424 <SV = 423> <Delay = 0.00>

State 425 <SV = 424> <Delay = 0.00>

State 426 <SV = 425> <Delay = 0.00>

State 427 <SV = 426> <Delay = 0.00>

State 428 <SV = 427> <Delay = 0.00>

State 429 <SV = 428> <Delay = 0.00>

State 430 <SV = 429> <Delay = 0.00>

State 431 <SV = 430> <Delay = 0.00>

State 432 <SV = 431> <Delay = 0.00>

State 433 <SV = 432> <Delay = 0.00>

State 434 <SV = 433> <Delay = 0.00>

State 435 <SV = 434> <Delay = 0.00>

State 436 <SV = 435> <Delay = 0.00>

State 437 <SV = 436> <Delay = 0.00>

State 438 <SV = 437> <Delay = 0.00>

State 439 <SV = 438> <Delay = 0.00>

State 440 <SV = 439> <Delay = 0.00>

State 441 <SV = 440> <Delay = 0.00>
ST_441 : Operation 544 [1/1] (0.00ns)   --->   "%specloopname_ln0 = specloopname void @_ssdm_op_SpecLoopName, void @VITIS_LOOP_38_1_VITIS_LOOP_39_2_VITIS_LOOP_40_3_str"   --->   Operation 544 'specloopname' 'specloopname_ln0' <Predicate = (!icmp_ln38)> <Delay = 0.00>
ST_441 : Operation 545 [1/1] (0.00ns)   --->   "%specpipeline_ln0 = specpipeline void @_ssdm_op_SpecPipeline, i32, i32, i32, i32, void @p_str"   --->   Operation 545 'specpipeline' 'specpipeline_ln0' <Predicate = (!icmp_ln38)> <Delay = 0.00>
ST_441 : Operation 546 [1/1] (0.00ns)   --->   "%specloopname_ln0 = specloopname void @_ssdm_op_SpecLoopName, void @VITIS_LOOP_39_2_VITIS_LOOP_40_3_str"   --->   Operation 546 'specloopname' 'specloopname_ln0' <Predicate = (!icmp_ln38)> <Delay = 0.00>
ST_441 : Operation 547 [1/1] (0.00ns)   --->   "%specpipeline_ln0 = specpipeline void @_ssdm_op_SpecPipeline, i32, i32, i32, i32, void @p_str"   --->   Operation 547 'specpipeline' 'specpipeline_ln0' <Predicate = (!icmp_ln38)> <Delay = 0.00>
ST_441 : Operation 548 [1/1] (0.00ns)   --->   "%specloopname_ln40 = specloopname void @_ssdm_op_SpecLoopName, void @empty_2" [reuse_test/before.cpp:40->reuse_test/before.cpp:71]   --->   Operation 548 'specloopname' 'specloopname_ln40' <Predicate = (!icmp_ln38)> <Delay = 0.00>
ST_441 : Operation 549 [1/1] (0.00ns)   --->   "%rend_i = specregionend i32 @_ssdm_op_SpecRegionEnd, void @empty_4, i32 %rbegin_i" [reuse_test/before.cpp:48->reuse_test/before.cpp:71]   --->   Operation 549 'specregionend' 'rend_i' <Predicate = (!icmp_ln38)> <Delay = 0.00>
ST_441 : Operation 550 [1/1] (0.00ns)   --->   "%br_ln0 = br void %bb.i"   --->   Operation 550 'br' 'br_ln0' <Predicate = (!icmp_ln38)> <Delay = 0.00>

State 442 <SV = 8> <Delay = 0.00>
ST_442 : Operation 551 [1/1] (0.00ns)   --->   "%ret_ln71 = ret" [reuse_test/before.cpp:71]   --->   Operation 551 'ret' 'ret_ln71' <Predicate = true> <Delay = 0.00>


============================================================
+ Verbose Summary: Timing violations
============================================================
Target clock period: 10ns, clock uncertainty: 2.7ns.

 <State 1>: 2.92ns
The critical path consists of the following:
	fifo read on port 'tilen' (reuse_test/before.cpp:36) [13]  (1.46 ns)
	fifo write on port 'tilen_out' (reuse_test/before.cpp:71) [17]  (1.46 ns)

 <State 2>: 1.88ns
The critical path consists of the following:
	'phi' operation ('empty') with incoming values : ('empty_30') [22]  (0 ns)
	'getelementptr' operation ('local_c_addr') [30]  (0 ns)
	'store' operation ('store_ln0') of constant 0 on array 'local_c', reuse_test/before.cpp:37->reuse_test/before.cpp:71 [31]  (1.16 ns)
	blocking operation 0.722 ns on control path)

 <State 3>: 3.17ns
The critical path consists of the following:
	'mul' operation ('mul_ln38', reuse_test/before.cpp:38->reuse_test/before.cpp:71) [38]  (3.17 ns)

 <State 4>: 4.43ns
The critical path consists of the following:
	'mul' operation ('mul_ln38_1', reuse_test/before.cpp:38->reuse_test/before.cpp:71) [41]  (4.43 ns)

 <State 5>: 3.17ns
The critical path consists of the following:
	'phi' operation ('indvar_flatten', reuse_test/before.cpp:39->reuse_test/before.cpp:71) with incoming values : ('select_ln39_4', reuse_test/before.cpp:39->reuse_test/before.cpp:71) [47]  (0 ns)
	'icmp' operation ('icmp_ln39', reuse_test/before.cpp:39->reuse_test/before.cpp:71) [61]  (1.06 ns)
	'select' operation ('select_ln38', reuse_test/before.cpp:38->reuse_test/before.cpp:71) [62]  (0.227 ns)
	'add' operation ('add_ln39', reuse_test/before.cpp:39->reuse_test/before.cpp:71) [73]  (0.88 ns)
	'mul' operation of DSP[81] ('p_mid14', reuse_test/before.cpp:38->reuse_test/before.cpp:71) [80]  (0.996 ns)

 <State 6>: 1.98ns
The critical path consists of the following:
	'mul' operation ('empty_32', reuse_test/before.cpp:39->reuse_test/before.cpp:71) [52]  (1.27 ns)
	'select' operation ('select_ln38_2', reuse_test/before.cpp:38->reuse_test/before.cpp:71) [67]  (0 ns)
	'select' operation ('select_ln39_1', reuse_test/before.cpp:39->reuse_test/before.cpp:71) [79]  (0 ns)
	'add' operation ('add_ln46', reuse_test/before.cpp:46->reuse_test/before.cpp:71) [93]  (0.706 ns)

 <State 7>: 0.645ns
The critical path consists of the following:
	'mul' operation of DSP[54] ('empty_33', reuse_test/before.cpp:39->reuse_test/before.cpp:71) [53]  (0 ns)
	'add' operation of DSP[54] ('sum3_i', reuse_test/before.cpp:39->reuse_test/before.cpp:71) [54]  (0.645 ns)

 <State 8>: 2.11ns
The critical path consists of the following:
	'add' operation of DSP[54] ('sum3_i', reuse_test/before.cpp:39->reuse_test/before.cpp:71) [54]  (0.645 ns)
	'select' operation ('select_ln38_3', reuse_test/before.cpp:38->reuse_test/before.cpp:71) [68]  (0 ns)
	'select' operation ('select_ln39_2', reuse_test/before.cpp:39->reuse_test/before.cpp:71) [82]  (0.308 ns)
	'getelementptr' operation ('b_buf_addr', reuse_test/before.cpp:39->reuse_test/before.cpp:71) [84]  (0 ns)
	'load' operation ('b_buf_load', reuse_test/before.cpp:39->reuse_test/before.cpp:71) on array 'b_buf' [85]  (1.16 ns)

 <State 9>: 6.37ns
The critical path consists of the following:
	'load' operation ('b_buf_load', reuse_test/before.cpp:39->reuse_test/before.cpp:71) on array 'b_buf' [85]  (1.16 ns)
	'mul' operation ('mul_ln46', reuse_test/before.cpp:46->reuse_test/before.cpp:71) [97]  (3.17 ns)
	'add' operation ('add_ln46_1', reuse_test/before.cpp:46->reuse_test/before.cpp:71) [100]  (0.88 ns)
	'store' operation ('store_ln46', reuse_test/before.cpp:46->reuse_test/before.cpp:71) of variable 'add_ln46_1', reuse_test/before.cpp:46->reuse_test/before.cpp:71 on array 'local_c', reuse_test/before.cpp:37->reuse_test/before.cpp:71 [101]  (1.16 ns)

 <State 10>: 0ns
The critical path consists of the following:

 <State 11>: 0ns
The critical path consists of the following:

 <State 12>: 0ns
The critical path consists of the following:

 <State 13>: 0ns
The critical path consists of the following:

 <State 14>: 0ns
The critical path consists of the following:

 <State 15>: 0ns
The critical path consists of the following:

 <State 16>: 0ns
The critical path consists of the following:

 <State 17>: 0ns
The critical path consists of the following:

 <State 18>: 0ns
The critical path consists of the following:

 <State 19>: 0ns
The critical path consists of the following:

 <State 20>: 0ns
The critical path consists of the following:

 <State 21>: 0ns
The critical path consists of the following:

 <State 22>: 0ns
The critical path consists of the following:

 <State 23>: 0ns
The critical path consists of the following:

 <State 24>: 0ns
The critical path consists of the following:

 <State 25>: 0ns
The critical path consists of the following:

 <State 26>: 0ns
The critical path consists of the following:

 <State 27>: 0ns
The critical path consists of the following:

 <State 28>: 0ns
The critical path consists of the following:

 <State 29>: 0ns
The critical path consists of the following:

 <State 30>: 0ns
The critical path consists of the following:

 <State 31>: 0ns
The critical path consists of the following:

 <State 32>: 0ns
The critical path consists of the following:

 <State 33>: 0ns
The critical path consists of the following:

 <State 34>: 0ns
The critical path consists of the following:

 <State 35>: 0ns
The critical path consists of the following:

 <State 36>: 0ns
The critical path consists of the following:

 <State 37>: 0ns
The critical path consists of the following:

 <State 38>: 0ns
The critical path consists of the following:

 <State 39>: 0ns
The critical path consists of the following:

 <State 40>: 0ns
The critical path consists of the following:

 <State 41>: 0ns
The critical path consists of the following:

 <State 42>: 0ns
The critical path consists of the following:

 <State 43>: 0ns
The critical path consists of the following:

 <State 44>: 0ns
The critical path consists of the following:

 <State 45>: 0ns
The critical path consists of the following:

 <State 46>: 0ns
The critical path consists of the following:

 <State 47>: 0ns
The critical path consists of the following:

 <State 48>: 0ns
The critical path consists of the following:

 <State 49>: 0ns
The critical path consists of the following:

 <State 50>: 0ns
The critical path consists of the following:

 <State 51>: 0ns
The critical path consists of the following:

 <State 52>: 0ns
The critical path consists of the following:

 <State 53>: 0ns
The critical path consists of the following:

 <State 54>: 0ns
The critical path consists of the following:

 <State 55>: 0ns
The critical path consists of the following:

 <State 56>: 0ns
The critical path consists of the following:

 <State 57>: 0ns
The critical path consists of the following:

 <State 58>: 0ns
The critical path consists of the following:

 <State 59>: 0ns
The critical path consists of the following:

 <State 60>: 0ns
The critical path consists of the following:

 <State 61>: 0ns
The critical path consists of the following:

 <State 62>: 0ns
The critical path consists of the following:

 <State 63>: 0ns
The critical path consists of the following:

 <State 64>: 0ns
The critical path consists of the following:

 <State 65>: 0ns
The critical path consists of the following:

 <State 66>: 0ns
The critical path consists of the following:

 <State 67>: 0ns
The critical path consists of the following:

 <State 68>: 0ns
The critical path consists of the following:

 <State 69>: 0ns
The critical path consists of the following:

 <State 70>: 0ns
The critical path consists of the following:

 <State 71>: 0ns
The critical path consists of the following:

 <State 72>: 0ns
The critical path consists of the following:

 <State 73>: 0ns
The critical path consists of the following:

 <State 74>: 0ns
The critical path consists of the following:

 <State 75>: 0ns
The critical path consists of the following:

 <State 76>: 0ns
The critical path consists of the following:

 <State 77>: 0ns
The critical path consists of the following:

 <State 78>: 0ns
The critical path consists of the following:

 <State 79>: 0ns
The critical path consists of the following:

 <State 80>: 0ns
The critical path consists of the following:

 <State 81>: 0ns
The critical path consists of the following:

 <State 82>: 0ns
The critical path consists of the following:

 <State 83>: 0ns
The critical path consists of the following:

 <State 84>: 0ns
The critical path consists of the following:

 <State 85>: 0ns
The critical path consists of the following:

 <State 86>: 0ns
The critical path consists of the following:

 <State 87>: 0ns
The critical path consists of the following:

 <State 88>: 0ns
The critical path consists of the following:

 <State 89>: 0ns
The critical path consists of the following:

 <State 90>: 0ns
The critical path consists of the following:

 <State 91>: 0ns
The critical path consists of the following:

 <State 92>: 0ns
The critical path consists of the following:

 <State 93>: 0ns
The critical path consists of the following:

 <State 94>: 0ns
The critical path consists of the following:

 <State 95>: 0ns
The critical path consists of the following:

 <State 96>: 0ns
The critical path consists of the following:

 <State 97>: 0ns
The critical path consists of the following:

 <State 98>: 0ns
The critical path consists of the following:

 <State 99>: 0ns
The critical path consists of the following:

 <State 100>: 0ns
The critical path consists of the following:

 <State 101>: 0ns
The critical path consists of the following:

 <State 102>: 0ns
The critical path consists of the following:

 <State 103>: 0ns
The critical path consists of the following:

 <State 104>: 0ns
The critical path consists of the following:

 <State 105>: 0ns
The critical path consists of the following:

 <State 106>: 0ns
The critical path consists of the following:

 <State 107>: 0ns
The critical path consists of the following:

 <State 108>: 0ns
The critical path consists of the following:

 <State 109>: 0ns
The critical path consists of the following:

 <State 110>: 0ns
The critical path consists of the following:

 <State 111>: 0ns
The critical path consists of the following:

 <State 112>: 0ns
The critical path consists of the following:

 <State 113>: 0ns
The critical path consists of the following:

 <State 114>: 0ns
The critical path consists of the following:

 <State 115>: 0ns
The critical path consists of the following:

 <State 116>: 0ns
The critical path consists of the following:

 <State 117>: 0ns
The critical path consists of the following:

 <State 118>: 0ns
The critical path consists of the following:

 <State 119>: 0ns
The critical path consists of the following:

 <State 120>: 0ns
The critical path consists of the following:

 <State 121>: 0ns
The critical path consists of the following:

 <State 122>: 0ns
The critical path consists of the following:

 <State 123>: 0ns
The critical path consists of the following:

 <State 124>: 0ns
The critical path consists of the following:

 <State 125>: 0ns
The critical path consists of the following:

 <State 126>: 0ns
The critical path consists of the following:

 <State 127>: 0ns
The critical path consists of the following:

 <State 128>: 0ns
The critical path consists of the following:

 <State 129>: 0ns
The critical path consists of the following:

 <State 130>: 0ns
The critical path consists of the following:

 <State 131>: 0ns
The critical path consists of the following:

 <State 132>: 0ns
The critical path consists of the following:

 <State 133>: 0ns
The critical path consists of the following:

 <State 134>: 0ns
The critical path consists of the following:

 <State 135>: 0ns
The critical path consists of the following:

 <State 136>: 0ns
The critical path consists of the following:

 <State 137>: 0ns
The critical path consists of the following:

 <State 138>: 0ns
The critical path consists of the following:

 <State 139>: 0ns
The critical path consists of the following:

 <State 140>: 0ns
The critical path consists of the following:

 <State 141>: 0ns
The critical path consists of the following:

 <State 142>: 0ns
The critical path consists of the following:

 <State 143>: 0ns
The critical path consists of the following:

 <State 144>: 0ns
The critical path consists of the following:

 <State 145>: 0ns
The critical path consists of the following:

 <State 146>: 0ns
The critical path consists of the following:

 <State 147>: 0ns
The critical path consists of the following:

 <State 148>: 0ns
The critical path consists of the following:

 <State 149>: 0ns
The critical path consists of the following:

 <State 150>: 0ns
The critical path consists of the following:

 <State 151>: 0ns
The critical path consists of the following:

 <State 152>: 0ns
The critical path consists of the following:

 <State 153>: 0ns
The critical path consists of the following:

 <State 154>: 0ns
The critical path consists of the following:

 <State 155>: 0ns
The critical path consists of the following:

 <State 156>: 0ns
The critical path consists of the following:

 <State 157>: 0ns
The critical path consists of the following:

 <State 158>: 0ns
The critical path consists of the following:

 <State 159>: 0ns
The critical path consists of the following:

 <State 160>: 0ns
The critical path consists of the following:

 <State 161>: 0ns
The critical path consists of the following:

 <State 162>: 0ns
The critical path consists of the following:

 <State 163>: 0ns
The critical path consists of the following:

 <State 164>: 0ns
The critical path consists of the following:

 <State 165>: 0ns
The critical path consists of the following:

 <State 166>: 0ns
The critical path consists of the following:

 <State 167>: 0ns
The critical path consists of the following:

 <State 168>: 0ns
The critical path consists of the following:

 <State 169>: 0ns
The critical path consists of the following:

 <State 170>: 0ns
The critical path consists of the following:

 <State 171>: 0ns
The critical path consists of the following:

 <State 172>: 0ns
The critical path consists of the following:

 <State 173>: 0ns
The critical path consists of the following:

 <State 174>: 0ns
The critical path consists of the following:

 <State 175>: 0ns
The critical path consists of the following:

 <State 176>: 0ns
The critical path consists of the following:

 <State 177>: 0ns
The critical path consists of the following:

 <State 178>: 0ns
The critical path consists of the following:

 <State 179>: 0ns
The critical path consists of the following:

 <State 180>: 0ns
The critical path consists of the following:

 <State 181>: 0ns
The critical path consists of the following:

 <State 182>: 0ns
The critical path consists of the following:

 <State 183>: 0ns
The critical path consists of the following:

 <State 184>: 0ns
The critical path consists of the following:

 <State 185>: 0ns
The critical path consists of the following:

 <State 186>: 0ns
The critical path consists of the following:

 <State 187>: 0ns
The critical path consists of the following:

 <State 188>: 0ns
The critical path consists of the following:

 <State 189>: 0ns
The critical path consists of the following:

 <State 190>: 0ns
The critical path consists of the following:

 <State 191>: 0ns
The critical path consists of the following:

 <State 192>: 0ns
The critical path consists of the following:

 <State 193>: 0ns
The critical path consists of the following:

 <State 194>: 0ns
The critical path consists of the following:

 <State 195>: 0ns
The critical path consists of the following:

 <State 196>: 0ns
The critical path consists of the following:

 <State 197>: 0ns
The critical path consists of the following:

 <State 198>: 0ns
The critical path consists of the following:

 <State 199>: 0ns
The critical path consists of the following:

 <State 200>: 0ns
The critical path consists of the following:

 <State 201>: 0ns
The critical path consists of the following:

 <State 202>: 0ns
The critical path consists of the following:

 <State 203>: 0ns
The critical path consists of the following:

 <State 204>: 0ns
The critical path consists of the following:

 <State 205>: 0ns
The critical path consists of the following:

 <State 206>: 0ns
The critical path consists of the following:

 <State 207>: 0ns
The critical path consists of the following:

 <State 208>: 0ns
The critical path consists of the following:

 <State 209>: 0ns
The critical path consists of the following:

 <State 210>: 0ns
The critical path consists of the following:

 <State 211>: 0ns
The critical path consists of the following:

 <State 212>: 0ns
The critical path consists of the following:

 <State 213>: 0ns
The critical path consists of the following:

 <State 214>: 0ns
The critical path consists of the following:

 <State 215>: 0ns
The critical path consists of the following:

 <State 216>: 0ns
The critical path consists of the following:

 <State 217>: 0ns
The critical path consists of the following:

 <State 218>: 0ns
The critical path consists of the following:

 <State 219>: 0ns
The critical path consists of the following:

 <State 220>: 0ns
The critical path consists of the following:

 <State 221>: 0ns
The critical path consists of the following:

 <State 222>: 0ns
The critical path consists of the following:

 <State 223>: 0ns
The critical path consists of the following:

 <State 224>: 0ns
The critical path consists of the following:

 <State 225>: 0ns
The critical path consists of the following:

 <State 226>: 0ns
The critical path consists of the following:

 <State 227>: 0ns
The critical path consists of the following:

 <State 228>: 0ns
The critical path consists of the following:

 <State 229>: 0ns
The critical path consists of the following:

 <State 230>: 0ns
The critical path consists of the following:

 <State 231>: 0ns
The critical path consists of the following:

 <State 232>: 0ns
The critical path consists of the following:

 <State 233>: 0ns
The critical path consists of the following:

 <State 234>: 0ns
The critical path consists of the following:

 <State 235>: 0ns
The critical path consists of the following:

 <State 236>: 0ns
The critical path consists of the following:

 <State 237>: 0ns
The critical path consists of the following:

 <State 238>: 0ns
The critical path consists of the following:

 <State 239>: 0ns
The critical path consists of the following:

 <State 240>: 0ns
The critical path consists of the following:

 <State 241>: 0ns
The critical path consists of the following:

 <State 242>: 0ns
The critical path consists of the following:

 <State 243>: 0ns
The critical path consists of the following:

 <State 244>: 0ns
The critical path consists of the following:

 <State 245>: 0ns
The critical path consists of the following:

 <State 246>: 0ns
The critical path consists of the following:

 <State 247>: 0ns
The critical path consists of the following:

 <State 248>: 0ns
The critical path consists of the following:

 <State 249>: 0ns
The critical path consists of the following:

 <State 250>: 0ns
The critical path consists of the following:

 <State 251>: 0ns
The critical path consists of the following:

 <State 252>: 0ns
The critical path consists of the following:

 <State 253>: 0ns
The critical path consists of the following:

 <State 254>: 0ns
The critical path consists of the following:

 <State 255>: 0ns
The critical path consists of the following:

 <State 256>: 0ns
The critical path consists of the following:

 <State 257>: 0ns
The critical path consists of the following:

 <State 258>: 0ns
The critical path consists of the following:

 <State 259>: 0ns
The critical path consists of the following:

 <State 260>: 0ns
The critical path consists of the following:

 <State 261>: 0ns
The critical path consists of the following:

 <State 262>: 0ns
The critical path consists of the following:

 <State 263>: 0ns
The critical path consists of the following:

 <State 264>: 0ns
The critical path consists of the following:

 <State 265>: 0ns
The critical path consists of the following:

 <State 266>: 0ns
The critical path consists of the following:

 <State 267>: 0ns
The critical path consists of the following:

 <State 268>: 0ns
The critical path consists of the following:

 <State 269>: 0ns
The critical path consists of the following:

 <State 270>: 0ns
The critical path consists of the following:

 <State 271>: 0ns
The critical path consists of the following:

 <State 272>: 0ns
The critical path consists of the following:

 <State 273>: 0ns
The critical path consists of the following:

 <State 274>: 0ns
The critical path consists of the following:

 <State 275>: 0ns
The critical path consists of the following:

 <State 276>: 0ns
The critical path consists of the following:

 <State 277>: 0ns
The critical path consists of the following:

 <State 278>: 0ns
The critical path consists of the following:

 <State 279>: 0ns
The critical path consists of the following:

 <State 280>: 0ns
The critical path consists of the following:

 <State 281>: 0ns
The critical path consists of the following:

 <State 282>: 0ns
The critical path consists of the following:

 <State 283>: 0ns
The critical path consists of the following:

 <State 284>: 0ns
The critical path consists of the following:

 <State 285>: 0ns
The critical path consists of the following:

 <State 286>: 0ns
The critical path consists of the following:

 <State 287>: 0ns
The critical path consists of the following:

 <State 288>: 0ns
The critical path consists of the following:

 <State 289>: 0ns
The critical path consists of the following:

 <State 290>: 0ns
The critical path consists of the following:

 <State 291>: 0ns
The critical path consists of the following:

 <State 292>: 0ns
The critical path consists of the following:

 <State 293>: 0ns
The critical path consists of the following:

 <State 294>: 0ns
The critical path consists of the following:

 <State 295>: 0ns
The critical path consists of the following:

 <State 296>: 0ns
The critical path consists of the following:

 <State 297>: 0ns
The critical path consists of the following:

 <State 298>: 0ns
The critical path consists of the following:

 <State 299>: 0ns
The critical path consists of the following:

 <State 300>: 0ns
The critical path consists of the following:

 <State 301>: 0ns
The critical path consists of the following:

 <State 302>: 0ns
The critical path consists of the following:

 <State 303>: 0ns
The critical path consists of the following:

 <State 304>: 0ns
The critical path consists of the following:

 <State 305>: 0ns
The critical path consists of the following:

 <State 306>: 0ns
The critical path consists of the following:

 <State 307>: 0ns
The critical path consists of the following:

 <State 308>: 0ns
The critical path consists of the following:

 <State 309>: 0ns
The critical path consists of the following:

 <State 310>: 0ns
The critical path consists of the following:

 <State 311>: 0ns
The critical path consists of the following:

 <State 312>: 0ns
The critical path consists of the following:

 <State 313>: 0ns
The critical path consists of the following:

 <State 314>: 0ns
The critical path consists of the following:

 <State 315>: 0ns
The critical path consists of the following:

 <State 316>: 0ns
The critical path consists of the following:

 <State 317>: 0ns
The critical path consists of the following:

 <State 318>: 0ns
The critical path consists of the following:

 <State 319>: 0ns
The critical path consists of the following:

 <State 320>: 0ns
The critical path consists of the following:

 <State 321>: 0ns
The critical path consists of the following:

 <State 322>: 0ns
The critical path consists of the following:

 <State 323>: 0ns
The critical path consists of the following:

 <State 324>: 0ns
The critical path consists of the following:

 <State 325>: 0ns
The critical path consists of the following:

 <State 326>: 0ns
The critical path consists of the following:

 <State 327>: 0ns
The critical path consists of the following:

 <State 328>: 0ns
The critical path consists of the following:

 <State 329>: 0ns
The critical path consists of the following:

 <State 330>: 0ns
The critical path consists of the following:

 <State 331>: 0ns
The critical path consists of the following:

 <State 332>: 0ns
The critical path consists of the following:

 <State 333>: 0ns
The critical path consists of the following:

 <State 334>: 0ns
The critical path consists of the following:

 <State 335>: 0ns
The critical path consists of the following:

 <State 336>: 0ns
The critical path consists of the following:

 <State 337>: 0ns
The critical path consists of the following:

 <State 338>: 0ns
The critical path consists of the following:

 <State 339>: 0ns
The critical path consists of the following:

 <State 340>: 0ns
The critical path consists of the following:

 <State 341>: 0ns
The critical path consists of the following:

 <State 342>: 0ns
The critical path consists of the following:

 <State 343>: 0ns
The critical path consists of the following:

 <State 344>: 0ns
The critical path consists of the following:

 <State 345>: 0ns
The critical path consists of the following:

 <State 346>: 0ns
The critical path consists of the following:

 <State 347>: 0ns
The critical path consists of the following:

 <State 348>: 0ns
The critical path consists of the following:

 <State 349>: 0ns
The critical path consists of the following:

 <State 350>: 0ns
The critical path consists of the following:

 <State 351>: 0ns
The critical path consists of the following:

 <State 352>: 0ns
The critical path consists of the following:

 <State 353>: 0ns
The critical path consists of the following:

 <State 354>: 0ns
The critical path consists of the following:

 <State 355>: 0ns
The critical path consists of the following:

 <State 356>: 0ns
The critical path consists of the following:

 <State 357>: 0ns
The critical path consists of the following:

 <State 358>: 0ns
The critical path consists of the following:

 <State 359>: 0ns
The critical path consists of the following:

 <State 360>: 0ns
The critical path consists of the following:

 <State 361>: 0ns
The critical path consists of the following:

 <State 362>: 0ns
The critical path consists of the following:

 <State 363>: 0ns
The critical path consists of the following:

 <State 364>: 0ns
The critical path consists of the following:

 <State 365>: 0ns
The critical path consists of the following:

 <State 366>: 0ns
The critical path consists of the following:

 <State 367>: 0ns
The critical path consists of the following:

 <State 368>: 0ns
The critical path consists of the following:

 <State 369>: 0ns
The critical path consists of the following:

 <State 370>: 0ns
The critical path consists of the following:

 <State 371>: 0ns
The critical path consists of the following:

 <State 372>: 0ns
The critical path consists of the following:

 <State 373>: 0ns
The critical path consists of the following:

 <State 374>: 0ns
The critical path consists of the following:

 <State 375>: 0ns
The critical path consists of the following:

 <State 376>: 0ns
The critical path consists of the following:

 <State 377>: 0ns
The critical path consists of the following:

 <State 378>: 0ns
The critical path consists of the following:

 <State 379>: 0ns
The critical path consists of the following:

 <State 380>: 0ns
The critical path consists of the following:

 <State 381>: 0ns
The critical path consists of the following:

 <State 382>: 0ns
The critical path consists of the following:

 <State 383>: 0ns
The critical path consists of the following:

 <State 384>: 0ns
The critical path consists of the following:

 <State 385>: 0ns
The critical path consists of the following:

 <State 386>: 0ns
The critical path consists of the following:

 <State 387>: 0ns
The critical path consists of the following:

 <State 388>: 0ns
The critical path consists of the following:

 <State 389>: 0ns
The critical path consists of the following:

 <State 390>: 0ns
The critical path consists of the following:

 <State 391>: 0ns
The critical path consists of the following:

 <State 392>: 0ns
The critical path consists of the following:

 <State 393>: 0ns
The critical path consists of the following:

 <State 394>: 0ns
The critical path consists of the following:

 <State 395>: 0ns
The critical path consists of the following:

 <State 396>: 0ns
The critical path consists of the following:

 <State 397>: 0ns
The critical path consists of the following:

 <State 398>: 0ns
The critical path consists of the following:

 <State 399>: 0ns
The critical path consists of the following:

 <State 400>: 0ns
The critical path consists of the following:

 <State 401>: 0ns
The critical path consists of the following:

 <State 402>: 0ns
The critical path consists of the following:

 <State 403>: 0ns
The critical path consists of the following:

 <State 404>: 0ns
The critical path consists of the following:

 <State 405>: 0ns
The critical path consists of the following:

 <State 406>: 0ns
The critical path consists of the following:

 <State 407>: 0ns
The critical path consists of the following:

 <State 408>: 0ns
The critical path consists of the following:

 <State 409>: 0ns
The critical path consists of the following:

 <State 410>: 0ns
The critical path consists of the following:

 <State 411>: 0ns
The critical path consists of the following:

 <State 412>: 0ns
The critical path consists of the following:

 <State 413>: 0ns
The critical path consists of the following:

 <State 414>: 0ns
The critical path consists of the following:

 <State 415>: 0ns
The critical path consists of the following:

 <State 416>: 0ns
The critical path consists of the following:

 <State 417>: 0ns
The critical path consists of the following:

 <State 418>: 0ns
The critical path consists of the following:

 <State 419>: 0ns
The critical path consists of the following:

 <State 420>: 0ns
The critical path consists of the following:

 <State 421>: 0ns
The critical path consists of the following:

 <State 422>: 0ns
The critical path consists of the following:

 <State 423>: 0ns
The critical path consists of the following:

 <State 424>: 0ns
The critical path consists of the following:

 <State 425>: 0ns
The critical path consists of the following:

 <State 426>: 0ns
The critical path consists of the following:

 <State 427>: 0ns
The critical path consists of the following:

 <State 428>: 0ns
The critical path consists of the following:

 <State 429>: 0ns
The critical path consists of the following:

 <State 430>: 0ns
The critical path consists of the following:

 <State 431>: 0ns
The critical path consists of the following:

 <State 432>: 0ns
The critical path consists of the following:

 <State 433>: 0ns
The critical path consists of the following:

 <State 434>: 0ns
The critical path consists of the following:

 <State 435>: 0ns
The critical path consists of the following:

 <State 436>: 0ns
The critical path consists of the following:

 <State 437>: 0ns
The critical path consists of the following:

 <State 438>: 0ns
The critical path consists of the following:

 <State 439>: 0ns
The critical path consists of the following:

 <State 440>: 0ns
The critical path consists of the following:

 <State 441>: 0ns
The critical path consists of the following:

 <State 442>: 0ns
The critical path consists of the following:


============================================================
+ Verbose Summary: Binding
============================================================
N/A
* FSMD analyzer results:
  - Output states:
 - Input state : 
  - Chain level:
	State 1
	State 2
	State 3
	State 4
	State 5
	State 6
	State 7
	State 8
	State 9
	State 10
	State 11
	State 12
	State 13
	State 14
	State 15
	State 16
	State 17
	State 18
	State 19
	State 20
	State 21
	State 22
	State 23
	State 24
	State 25
	State 26
	State 27
	State 28
	State 29
	State 30
	State 31
	State 32
	State 33
	State 34
	State 35
	State 36
	State 37
	State 38
	State 39
	State 40
	State 41
	State 42
	State 43
	State 44
	State 45
	State 46
	State 47
	State 48
	State 49
	State 50
	State 51
	State 52
	State 53
	State 54
	State 55
	State 56
	State 57
	State 58
	State 59
	State 60
	State 61
	State 62
	State 63
	State 64
	State 65
	State 66
	State 67
	State 68
	State 69
	State 70
	State 71
	State 72
	State 73
	State 74
	State 75
	State 76
	State 77
	State 78
	State 79
	State 80
	State 81
	State 82
	State 83
	State 84
	State 85
	State 86
	State 87
	State 88
	State 89
	State 90
	State 91
	State 92
	State 93
	State 94
	State 95
	State 96
	State 97
	State 98
	State 99
	State 100
	State 101
	State 102
	State 103
	State 104
	State 105
	State 106
	State 107
	State 108
	State 109
	State 110
	State 111
	State 112
	State 113
	State 114
	State 115
	State 116
	State 117
	State 118
	State 119
	State 120
	State 121
	State 122
	State 123
	State 124
	State 125
	State 126
	State 127
	State 128
	State 129
	State 130
	State 131
	State 132
	State 133
	State 134
	State 135
	State 136
	State 137
	State 138
	State 139
	State 140
	State 141
	State 142
	State 143
	State 144
	State 145
	State 146
	State 147
	State 148
	State 149
	State 150
	State 151
	State 152
	State 153
	State 154
	State 155
	State 156
	State 157
	State 158
	State 159
	State 160
	State 161
	State 162
	State 163
	State 164
	State 165
	State 166
	State 167
	State 168
	State 169
	State 170
	State 171
	State 172
	State 173
	State 174
	State 175
	State 176
	State 177
	State 178
	State 179
	State 180
	State 181
	State 182
	State 183
	State 184
	State 185
	State 186
	State 187
	State 188
	State 189
	State 190
	State 191
	State 192
	State 193
	State 194
	State 195
	State 196
	State 197
	State 198
	State 199
	State 200
	State 201
	State 202
	State 203
	State 204
	State 205
	State 206
	State 207
	State 208
	State 209
	State 210
	State 211
	State 212
	State 213
	State 214
	State 215
	State 216
	State 217
	State 218
	State 219
	State 220
	State 221
	State 222
	State 223
	State 224
	State 225
	State 226
	State 227
	State 228
	State 229
	State 230
	State 231
	State 232
	State 233
	State 234
	State 235
	State 236
	State 237
	State 238
	State 239
	State 240
	State 241
	State 242
	State 243
	State 244
	State 245
	State 246
	State 247
	State 248
	State 249
	State 250
	State 251
	State 252
	State 253
	State 254
	State 255
	State 256
	State 257
	State 258
	State 259
	State 260
	State 261
	State 262
	State 263
	State 264
	State 265
	State 266
	State 267
	State 268
	State 269
	State 270
	State 271
	State 272
	State 273
	State 274
	State 275
	State 276
	State 277
	State 278
	State 279
	State 280
	State 281
	State 282
	State 283
	State 284
	State 285
	State 286
	State 287
	State 288
	State 289
	State 290
	State 291
	State 292
	State 293
	State 294
	State 295
	State 296
	State 297
	State 298
	State 299
	State 300
	State 301
	State 302
	State 303
	State 304
	State 305
	State 306
	State 307
	State 308
	State 309
	State 310
	State 311
	State 312
	State 313
	State 314
	State 315
	State 316
	State 317
	State 318
	State 319
	State 320
	State 321
	State 322
	State 323
	State 324
	State 325
	State 326
	State 327
	State 328
	State 329
	State 330
	State 331
	State 332
	State 333
	State 334
	State 335
	State 336
	State 337
	State 338
	State 339
	State 340
	State 341
	State 342
	State 343
	State 344
	State 345
	State 346
	State 347
	State 348
	State 349
	State 350
	State 351
	State 352
	State 353
	State 354
	State 355
	State 356
	State 357
	State 358
	State 359
	State 360
	State 361
	State 362
	State 363
	State 364
	State 365
	State 366
	State 367
	State 368
	State 369
	State 370
	State 371
	State 372
	State 373
	State 374
	State 375
	State 376
	State 377
	State 378
	State 379
	State 380
	State 381
	State 382
	State 383
	State 384
	State 385
	State 386
	State 387
	State 388
	State 389
	State 390
	State 391
	State 392
	State 393
	State 394
	State 395
	State 396
	State 397
	State 398
	State 399
	State 400
	State 401
	State 402
	State 403
	State 404
	State 405
	State 406
	State 407
	State 408
	State 409
	State 410
	State 411
	State 412
	State 413
	State 414
	State 415
	State 416
	State 417
	State 418
	State 419
	State 420
	State 421
	State 422
	State 423
	State 424
	State 425
	State 426
	State 427
	State 428
	State 429
	State 430
	State 431
	State 432
	State 433
	State 434
	State 435
	State 436
	State 437
	State 438
	State 439
	State 440
	State 441
	State 442


============================================================
+ Verbose Summary: Datapath Resource usage 
============================================================
N/A
