

================================================================
== Vitis HLS Report for 'dataflow_parent_loop_proc'
================================================================
* Date:           Thu Jul 21 11:39:48 2022

* Version:        2020.1 (Build 2902540 on Wed May 27 20:16:15 MDT 2020)
* Project:        reuse_test
* Solution:       solution1 (Vivado IP Flow Target)
* Product family: virtexuplus
* Target device:  xcu200-fsgd2104-2-e


================================================================
== Performance Estimates
================================================================
+ Timing: 
    * Summary: 
    +--------+----------+----------+------------+
    |  Clock |  Target  | Estimated| Uncertainty|
    +--------+----------+----------+------------+
    |ap_clk  | 10.00 ns | 6.366 ns |   2.70 ns  |
    +--------+----------+----------+------------+

+ Latency: 
    * Summary: 
    +---------+---------+----------+----------+-----+-----+---------+
    |  Latency (cycles) |  Latency (absolute) |  Interval | Pipeline|
    |   min   |   max   |    min   |    max   | min | max |   Type  |
    +---------+---------+----------+----------+-----+-----+---------+
    |        ?|        ?|         ?|         ?|    ?|    ?|   none  |
    +---------+---------+----------+----------+-----+-----+---------+

    + Detail: 
        * Instance: 
        N/A

        * Loop: 
        +-------------------+---------+---------+----------+-----------+-----------+------+----------+
        |                   |  Latency (cycles) | Iteration|  Initiation Interval  | Trip |          |
        |     Loop Name     |   min   |   max   |  Latency |  achieved |   target  | Count| Pipelined|
        +-------------------+---------+---------+----------+-----------+-----------+------+----------+
        |- VITIS_LOOP_65_3  |        ?|        ?|         ?|          -|          -|     ?|    no    |
        +-------------------+---------+---------+----------+-----------+-----------+------+----------+

============================================================
+ Verbose Summary: Synthesis Manager
============================================================
InlineROM: 1
ExposeGlobal: 0
============================================================
+ Verbose Summary: CDFG Model
============================================================
IsTopModel: 0
ResetActiveHigh: 1
IsCombinational: 2
IsDatapathOnly: 0
HasWiredReturn: 1
HasMFsm: 0
HasVarLatency: 1
IsPipeline: 0
IsRtlPipelined: 0
IsInstanceOverlapped: 0
IsDontTouch: 0
HasImplIP: 0
IsGatedGlobalClock: 0


============================================================
+ Verbose Summary: Schedule
============================================================
* Number of FSM states : 3
* Pipeline : 0
* Dataflow Pipeline: 1
  DF-Pipeline-0: Size = 2, States = { 2 3 }

* FSM state transitions: 
1 --> 2 
2 --> 3 
3 --> 2 

* FSM state operations: 

State 1 <SV = 0> <Delay = 0.60>
ST_1 : Operation 4 [1/1] (0.00ns)   --->   "%tilenumc_read = read i32 @_ssdm_op_Read.ap_auto.i32, i32 %tilenumc"   --->   Operation 4 'read' 'tilenumc_read' <Predicate = true> <Delay = 0.00>
ST_1 : Operation 5 [1/1] (0.00ns)   --->   "%tilen_read = read i32 @_ssdm_op_Read.ap_auto.i32, i32 %tilen"   --->   Operation 5 'read' 'tilen_read' <Predicate = true> <Delay = 0.00>
ST_1 : Operation 6 [1/1] (0.00ns)   --->   "%tilenuma_read = read i32 @_ssdm_op_Read.ap_auto.i32, i32 %tilenuma"   --->   Operation 6 'read' 'tilenuma_read' <Predicate = true> <Delay = 0.00>
ST_1 : Operation 7 [1/1] (0.00ns)   --->   "%numc_iter_read = read i32 @_ssdm_op_Read.ap_auto.i32, i32 %numc_iter"   --->   Operation 7 'read' 'numc_iter_read' <Predicate = true> <Delay = 0.00>
ST_1 : Operation 8 [1/1] (0.60ns)   --->   "%br_ln0 = br void"   --->   Operation 8 'br' 'br_ln0' <Predicate = true> <Delay = 0.60>

State 2 <SV = 1> <Delay = 0.98>
ST_2 : Operation 9 [1/1] (0.00ns)   --->   "%onc = phi i31, void %newFuncRoot, i31 %onc_1, void %.split"   --->   Operation 9 'phi' 'onc' <Predicate = true> <Delay = 0.00>
ST_2 : Operation 10 [1/1] (0.00ns)   --->   "%zext_ln65 = zext i31 %onc" [reuse_test/before.cpp:65]   --->   Operation 10 'zext' 'zext_ln65' <Predicate = true> <Delay = 0.00>
ST_2 : Operation 11 [1/1] (0.85ns)   --->   "%icmp_ln65 = icmp_slt  i32 %zext_ln65, i32 %numc_iter_read" [reuse_test/before.cpp:65]   --->   Operation 11 'icmp' 'icmp_ln65' <Predicate = true> <Delay = 0.85> <CoreInst = "Cmp">   --->   Core 10 'Cmp' <Latency = 0> <II = 1> <Delay = 0.85> <FuncUnit> <Opcode : 'icmp'> <InPorts = 2> <OutPorts = 1>
ST_2 : Operation 12 [1/1] (0.00ns)   --->   "%specdataflowpipeline_ln65 = specdataflowpipeline void @_ssdm_op_SpecDataflowPipeline, i32, i32, void @dataflow_parent_loop_str, i31 %onc, i32 %numc_iter" [reuse_test/before.cpp:65]   --->   Operation 12 'specdataflowpipeline' 'specdataflowpipeline_ln65' <Predicate = true> <Delay = 0.00>
ST_2 : Operation 13 [1/1] (0.87ns)   --->   "%onc_1 = add i31 %onc, i31" [reuse_test/before.cpp:65]   --->   Operation 13 'add' 'onc_1' <Predicate = true> <Delay = 0.87> <CoreInst = "Adder">   --->   Core 1 'Adder' <Latency = 0> <II = 1> <Delay = 0.87> <FuncUnit> <Opcode : 'add' 'sub'> <InPorts = 2> <OutPorts = 1>
ST_2 : Operation 14 [1/1] (0.00ns)   --->   "%br_ln65 = br i1 %icmp_ln65, void %.exitStub, void %.split" [reuse_test/before.cpp:65]   --->   Operation 14 'br' 'br_ln65' <Predicate = true> <Delay = 0.00>
ST_2 : Operation 15 [2/2] (0.00ns)   --->   "%call_ln74 = call void @dataflow_in_loop_VITIS_LOOP_65_3, i32 %A, i32 %tilenuma_read, i32 %tilen_read, i32 %B, i32 %tilenumc_read, i32 %C" [reuse_test/before.cpp:74]   --->   Operation 15 'call' 'call_ln74' <Predicate = (icmp_ln65)> <Delay = 0.00> <CoreType = "Generic">   --->   Core 0 '' <Latency = 0> <II = 1> <Delay = 1.00> <Generic> <Opcode : >
ST_2 : Operation 16 [1/1] (0.00ns)   --->   "%ret_ln0 = ret"   --->   Operation 16 'ret' 'ret_ln0' <Predicate = (!icmp_ln65)> <Delay = 0.00>

State 3 <SV = 2> <Delay = 0.00>
ST_3 : Operation 17 [1/1] (0.00ns)   --->   "%specloopname_ln65 = specloopname void @_ssdm_op_SpecLoopName, void @empty_6" [reuse_test/before.cpp:65]   --->   Operation 17 'specloopname' 'specloopname_ln65' <Predicate = (icmp_ln65)> <Delay = 0.00>
ST_3 : Operation 18 [1/1] (0.00ns)   --->   "%specstablecontent_ln65 = specstablecontent void @_ssdm_op_SpecStableContent, i32 %A, void" [reuse_test/before.cpp:65]   --->   Operation 18 'specstablecontent' 'specstablecontent_ln65' <Predicate = (icmp_ln65)> <Delay = 0.00>
ST_3 : Operation 19 [1/1] (0.00ns)   --->   "%specstablecontent_ln66 = specstablecontent void @_ssdm_op_SpecStableContent, i32 %B, void" [reuse_test/before.cpp:66]   --->   Operation 19 'specstablecontent' 'specstablecontent_ln66' <Predicate = (icmp_ln65)> <Delay = 0.00>
ST_3 : Operation 20 [1/1] (0.00ns)   --->   "%specstablecontent_ln67 = specstablecontent void @_ssdm_op_SpecStableContent, i32 %C, void" [reuse_test/before.cpp:67]   --->   Operation 20 'specstablecontent' 'specstablecontent_ln67' <Predicate = (icmp_ln65)> <Delay = 0.00>
ST_3 : Operation 21 [1/2] (0.00ns)   --->   "%call_ln74 = call void @dataflow_in_loop_VITIS_LOOP_65_3, i32 %A, i32 %tilenuma_read, i32 %tilen_read, i32 %B, i32 %tilenumc_read, i32 %C" [reuse_test/before.cpp:74]   --->   Operation 21 'call' 'call_ln74' <Predicate = (icmp_ln65)> <Delay = 0.00> <CoreType = "Generic">   --->   Core 0 '' <Latency = 0> <II = 1> <Delay = 1.00> <Generic> <Opcode : >
ST_3 : Operation 22 [1/1] (0.00ns)   --->   "%br_ln65 = br void" [reuse_test/before.cpp:65]   --->   Operation 22 'br' 'br_ln65' <Predicate = (icmp_ln65)> <Delay = 0.00>


============================================================
+ Verbose Summary: Timing violations
============================================================
Target clock period: 10ns, clock uncertainty: 2.7ns.

 <State 1>: 0.603ns
The critical path consists of the following:
	multiplexor before 'phi' operation ('onc') with incoming values : ('onc', reuse_test/before.cpp:65) [14]  (0.603 ns)

 <State 2>: 0.981ns
The critical path consists of the following:
	'phi' operation ('onc') with incoming values : ('onc', reuse_test/before.cpp:65) [14]  (0 ns)
	'add' operation ('onc', reuse_test/before.cpp:65) [18]  (0.874 ns)
	blocking operation 0.107 ns on control path)

 <State 3>: 0ns
The critical path consists of the following:


============================================================
+ Verbose Summary: Binding
============================================================
N/A
* FSMD analyzer results:
  - Output states:
 - Input state : 
  - Chain level:
	State 1
	State 2
	State 3


============================================================
+ Verbose Summary: Datapath Resource usage 
============================================================
N/A
