

================================================================
== Vitis HLS Report for 'load_b'
================================================================
* Date:           Thu Jul 21 11:39:45 2022

* Version:        2020.1 (Build 2902540 on Wed May 27 20:16:15 MDT 2020)
* Project:        reuse_test
* Solution:       solution1 (Vivado IP Flow Target)
* Product family: virtexuplus
* Target device:  xcu200-fsgd2104-2-e


================================================================
== Performance Estimates
================================================================
+ Timing: 
    * Summary: 
    +--------+----------+----------+------------+
    |  Clock |  Target  | Estimated| Uncertainty|
    +--------+----------+----------+------------+
    |ap_clk  | 10.00 ns | 4.628 ns |   2.70 ns  |
    +--------+----------+----------+------------+

+ Latency: 
    * Summary: 
    +---------+---------+----------+----------+-----+-----+---------+
    |  Latency (cycles) |  Latency (absolute) |  Interval | Pipeline|
    |   min   |   max   |    min   |    max   | min | max |   Type  |
    +---------+---------+----------+----------+-----+-----+---------+
    |        ?|        ?|         ?|         ?|    ?|    ?|   none  |
    +---------+---------+----------+----------+-----+-----+---------+

    + Detail: 
        * Instance: 
        N/A

        * Loop: 
        +-----------------------------------+---------+---------+----------+-----------+-----------+------+----------+
        |                                   |  Latency (cycles) | Iteration|  Initiation Interval  | Trip |          |
        |             Loop Name             |   min   |   max   |  Latency |  achieved |   target  | Count| Pipelined|
        +-----------------------------------+---------+---------+----------+-----------+-----------+------+----------+
        |- VITIS_LOOP_14_1_VITIS_LOOP_15_2  |        ?|        ?|       485|          1|          1|     ?|    yes   |
        +-----------------------------------+---------+---------+----------+-----------+-----------+------+----------+

============================================================
+ Verbose Summary: Synthesis Manager
============================================================
InlineROM: 1
ExposeGlobal: 0
============================================================
+ Verbose Summary: CDFG Model
============================================================
IsTopModel: 0
ResetActiveHigh: 1
IsCombinational: 2
IsDatapathOnly: 0
HasWiredReturn: 1
HasMFsm: 0
HasVarLatency: 1
IsPipeline: 0
IsRtlPipelined: 0
IsInstanceOverlapped: 0
IsDontTouch: 0
HasImplIP: 0
IsGatedGlobalClock: 0

+ Individual pipeline summary: 
  * Pipeline-0: initiation interval (II) = 1, depth = 485


============================================================
+ Verbose Summary: Schedule
============================================================
* Number of FSM states : 487
* Pipeline : 1
  Pipeline-0 : II = 1, D = 485, States = { 2 3 4 5 6 7 8 9 10 11 12 13 14 15 16 17 18 19 20 21 22 23 24 25 26 27 28 29 30 31 32 33 34 35 36 37 38 39 40 41 42 43 44 45 46 47 48 49 50 51 52 53 54 55 56 57 58 59 60 61 62 63 64 65 66 67 68 69 70 71 72 73 74 75 76 77 78 79 80 81 82 83 84 85 86 87 88 89 90 91 92 93 94 95 96 97 98 99 100 101 102 103 104 105 106 107 108 109 110 111 112 113 114 115 116 117 118 119 120 121 122 123 124 125 126 127 128 129 130 131 132 133 134 135 136 137 138 139 140 141 142 143 144 145 146 147 148 149 150 151 152 153 154 155 156 157 158 159 160 161 162 163 164 165 166 167 168 169 170 171 172 173 174 175 176 177 178 179 180 181 182 183 184 185 186 187 188 189 190 191 192 193 194 195 196 197 198 199 200 201 202 203 204 205 206 207 208 209 210 211 212 213 214 215 216 217 218 219 220 221 222 223 224 225 226 227 228 229 230 231 232 233 234 235 236 237 238 239 240 241 242 243 244 245 246 247 248 249 250 251 252 253 254 255 256 257 258 259 260 261 262 263 264 265 266 267 268 269 270 271 272 273 274 275 276 277 278 279 280 281 282 283 284 285 286 287 288 289 290 291 292 293 294 295 296 297 298 299 300 301 302 303 304 305 306 307 308 309 310 311 312 313 314 315 316 317 318 319 320 321 322 323 324 325 326 327 328 329 330 331 332 333 334 335 336 337 338 339 340 341 342 343 344 345 346 347 348 349 350 351 352 353 354 355 356 357 358 359 360 361 362 363 364 365 366 367 368 369 370 371 372 373 374 375 376 377 378 379 380 381 382 383 384 385 386 387 388 389 390 391 392 393 394 395 396 397 398 399 400 401 402 403 404 405 406 407 408 409 410 411 412 413 414 415 416 417 418 419 420 421 422 423 424 425 426 427 428 429 430 431 432 433 434 435 436 437 438 439 440 441 442 443 444 445 446 447 448 449 450 451 452 453 454 455 456 457 458 459 460 461 462 463 464 465 466 467 468 469 470 471 472 473 474 475 476 477 478 479 480 481 482 483 484 485 486 }
* Dataflow Pipeline: 0

* FSM state transitions: 
1 --> 2 
2 --> 487 3 
3 --> 4 
4 --> 5 
5 --> 6 
6 --> 7 
7 --> 8 
8 --> 9 
9 --> 10 
10 --> 11 
11 --> 12 
12 --> 13 
13 --> 14 
14 --> 15 
15 --> 16 
16 --> 17 
17 --> 18 
18 --> 19 
19 --> 20 
20 --> 21 
21 --> 22 
22 --> 23 
23 --> 24 
24 --> 25 
25 --> 26 
26 --> 27 
27 --> 28 
28 --> 29 
29 --> 30 
30 --> 31 
31 --> 32 
32 --> 33 
33 --> 34 
34 --> 35 
35 --> 36 
36 --> 37 
37 --> 38 
38 --> 39 
39 --> 40 
40 --> 41 
41 --> 42 
42 --> 43 
43 --> 44 
44 --> 45 
45 --> 46 
46 --> 47 
47 --> 48 
48 --> 49 
49 --> 50 
50 --> 51 
51 --> 52 
52 --> 53 
53 --> 54 
54 --> 55 
55 --> 56 
56 --> 57 
57 --> 58 
58 --> 59 
59 --> 60 
60 --> 61 
61 --> 62 
62 --> 63 
63 --> 64 
64 --> 65 
65 --> 66 
66 --> 67 
67 --> 68 
68 --> 69 
69 --> 70 
70 --> 71 
71 --> 72 
72 --> 73 
73 --> 74 
74 --> 75 
75 --> 76 
76 --> 77 
77 --> 78 
78 --> 79 
79 --> 80 
80 --> 81 
81 --> 82 
82 --> 83 
83 --> 84 
84 --> 85 
85 --> 86 
86 --> 87 
87 --> 88 
88 --> 89 
89 --> 90 
90 --> 91 
91 --> 92 
92 --> 93 
93 --> 94 
94 --> 95 
95 --> 96 
96 --> 97 
97 --> 98 
98 --> 99 
99 --> 100 
100 --> 101 
101 --> 102 
102 --> 103 
103 --> 104 
104 --> 105 
105 --> 106 
106 --> 107 
107 --> 108 
108 --> 109 
109 --> 110 
110 --> 111 
111 --> 112 
112 --> 113 
113 --> 114 
114 --> 115 
115 --> 116 
116 --> 117 
117 --> 118 
118 --> 119 
119 --> 120 
120 --> 121 
121 --> 122 
122 --> 123 
123 --> 124 
124 --> 125 
125 --> 126 
126 --> 127 
127 --> 128 
128 --> 129 
129 --> 130 
130 --> 131 
131 --> 132 
132 --> 133 
133 --> 134 
134 --> 135 
135 --> 136 
136 --> 137 
137 --> 138 
138 --> 139 
139 --> 140 
140 --> 141 
141 --> 142 
142 --> 143 
143 --> 144 
144 --> 145 
145 --> 146 
146 --> 147 
147 --> 148 
148 --> 149 
149 --> 150 
150 --> 151 
151 --> 152 
152 --> 153 
153 --> 154 
154 --> 155 
155 --> 156 
156 --> 157 
157 --> 158 
158 --> 159 
159 --> 160 
160 --> 161 
161 --> 162 
162 --> 163 
163 --> 164 
164 --> 165 
165 --> 166 
166 --> 167 
167 --> 168 
168 --> 169 
169 --> 170 
170 --> 171 
171 --> 172 
172 --> 173 
173 --> 174 
174 --> 175 
175 --> 176 
176 --> 177 
177 --> 178 
178 --> 179 
179 --> 180 
180 --> 181 
181 --> 182 
182 --> 183 
183 --> 184 
184 --> 185 
185 --> 186 
186 --> 187 
187 --> 188 
188 --> 189 
189 --> 190 
190 --> 191 
191 --> 192 
192 --> 193 
193 --> 194 
194 --> 195 
195 --> 196 
196 --> 197 
197 --> 198 
198 --> 199 
199 --> 200 
200 --> 201 
201 --> 202 
202 --> 203 
203 --> 204 
204 --> 205 
205 --> 206 
206 --> 207 
207 --> 208 
208 --> 209 
209 --> 210 
210 --> 211 
211 --> 212 
212 --> 213 
213 --> 214 
214 --> 215 
215 --> 216 
216 --> 217 
217 --> 218 
218 --> 219 
219 --> 220 
220 --> 221 
221 --> 222 
222 --> 223 
223 --> 224 
224 --> 225 
225 --> 226 
226 --> 227 
227 --> 228 
228 --> 229 
229 --> 230 
230 --> 231 
231 --> 232 
232 --> 233 
233 --> 234 
234 --> 235 
235 --> 236 
236 --> 237 
237 --> 238 
238 --> 239 
239 --> 240 
240 --> 241 
241 --> 242 
242 --> 243 
243 --> 244 
244 --> 245 
245 --> 246 
246 --> 247 
247 --> 248 
248 --> 249 
249 --> 250 
250 --> 251 
251 --> 252 
252 --> 253 
253 --> 254 
254 --> 255 
255 --> 256 
256 --> 257 
257 --> 258 
258 --> 259 
259 --> 260 
260 --> 261 
261 --> 262 
262 --> 263 
263 --> 264 
264 --> 265 
265 --> 266 
266 --> 267 
267 --> 268 
268 --> 269 
269 --> 270 
270 --> 271 
271 --> 272 
272 --> 273 
273 --> 274 
274 --> 275 
275 --> 276 
276 --> 277 
277 --> 278 
278 --> 279 
279 --> 280 
280 --> 281 
281 --> 282 
282 --> 283 
283 --> 284 
284 --> 285 
285 --> 286 
286 --> 287 
287 --> 288 
288 --> 289 
289 --> 290 
290 --> 291 
291 --> 292 
292 --> 293 
293 --> 294 
294 --> 295 
295 --> 296 
296 --> 297 
297 --> 298 
298 --> 299 
299 --> 300 
300 --> 301 
301 --> 302 
302 --> 303 
303 --> 304 
304 --> 305 
305 --> 306 
306 --> 307 
307 --> 308 
308 --> 309 
309 --> 310 
310 --> 311 
311 --> 312 
312 --> 313 
313 --> 314 
314 --> 315 
315 --> 316 
316 --> 317 
317 --> 318 
318 --> 319 
319 --> 320 
320 --> 321 
321 --> 322 
322 --> 323 
323 --> 324 
324 --> 325 
325 --> 326 
326 --> 327 
327 --> 328 
328 --> 329 
329 --> 330 
330 --> 331 
331 --> 332 
332 --> 333 
333 --> 334 
334 --> 335 
335 --> 336 
336 --> 337 
337 --> 338 
338 --> 339 
339 --> 340 
340 --> 341 
341 --> 342 
342 --> 343 
343 --> 344 
344 --> 345 
345 --> 346 
346 --> 347 
347 --> 348 
348 --> 349 
349 --> 350 
350 --> 351 
351 --> 352 
352 --> 353 
353 --> 354 
354 --> 355 
355 --> 356 
356 --> 357 
357 --> 358 
358 --> 359 
359 --> 360 
360 --> 361 
361 --> 362 
362 --> 363 
363 --> 364 
364 --> 365 
365 --> 366 
366 --> 367 
367 --> 368 
368 --> 369 
369 --> 370 
370 --> 371 
371 --> 372 
372 --> 373 
373 --> 374 
374 --> 375 
375 --> 376 
376 --> 377 
377 --> 378 
378 --> 379 
379 --> 380 
380 --> 381 
381 --> 382 
382 --> 383 
383 --> 384 
384 --> 385 
385 --> 386 
386 --> 387 
387 --> 388 
388 --> 389 
389 --> 390 
390 --> 391 
391 --> 392 
392 --> 393 
393 --> 394 
394 --> 395 
395 --> 396 
396 --> 397 
397 --> 398 
398 --> 399 
399 --> 400 
400 --> 401 
401 --> 402 
402 --> 403 
403 --> 404 
404 --> 405 
405 --> 406 
406 --> 407 
407 --> 408 
408 --> 409 
409 --> 410 
410 --> 411 
411 --> 412 
412 --> 413 
413 --> 414 
414 --> 415 
415 --> 416 
416 --> 417 
417 --> 418 
418 --> 419 
419 --> 420 
420 --> 421 
421 --> 422 
422 --> 423 
423 --> 424 
424 --> 425 
425 --> 426 
426 --> 427 
427 --> 428 
428 --> 429 
429 --> 430 
430 --> 431 
431 --> 432 
432 --> 433 
433 --> 434 
434 --> 435 
435 --> 436 
436 --> 437 
437 --> 438 
438 --> 439 
439 --> 440 
440 --> 441 
441 --> 442 
442 --> 443 
443 --> 444 
444 --> 445 
445 --> 446 
446 --> 447 
447 --> 448 
448 --> 449 
449 --> 450 
450 --> 451 
451 --> 452 
452 --> 453 
453 --> 454 
454 --> 455 
455 --> 456 
456 --> 457 
457 --> 458 
458 --> 459 
459 --> 460 
460 --> 461 
461 --> 462 
462 --> 463 
463 --> 464 
464 --> 465 
465 --> 466 
466 --> 467 
467 --> 468 
468 --> 469 
469 --> 470 
470 --> 471 
471 --> 472 
472 --> 473 
473 --> 474 
474 --> 475 
475 --> 476 
476 --> 477 
477 --> 478 
478 --> 479 
479 --> 480 
480 --> 481 
481 --> 482 
482 --> 483 
483 --> 484 
484 --> 485 
485 --> 486 
486 --> 2 
487 --> 

* FSM state operations: 

State 1 <SV = 0> <Delay = 4.62>
ST_1 : Operation 488 [1/1] (0.00ns)   --->   "%specinterface_ln0 = specinterface void @_ssdm_op_SpecInterface, i32 %tilenumc, void @ap_fifo_str, i32, i32, void @p_str, i32, i32, void @p_str, void @p_str, void @p_str, i32, i32, i32, i32, void @p_str, void @ScalarProp_str"   --->   Operation 488 'specinterface' 'specinterface_ln0' <Predicate = true> <Delay = 0.00>
ST_1 : Operation 489 [1/1] (0.00ns)   --->   "%specinterface_ln0 = specinterface void @_ssdm_op_SpecInterface, i32 %tilenuma, void @ap_fifo_str, i32, i32, void @p_str, i32, i32, void @p_str, void @p_str, void @p_str, i32, i32, i32, i32, void @p_str, void @ScalarProp_str"   --->   Operation 489 'specinterface' 'specinterface_ln0' <Predicate = true> <Delay = 0.00>
ST_1 : Operation 490 [1/1] (1.45ns)   --->   "%tilenuma_read = read i32 @_ssdm_op_Read.ap_fifo.i32P, i32 %tilenuma" [reuse_test/before.cpp:14]   --->   Operation 490 'read' 'tilenuma_read' <Predicate = true> <Delay = 1.45> <CoreInst = "FIFO_SRL">   --->   Core 21 'FIFO_SRL' <Latency = 0> <II = 1> <Delay = 1.45> <Storage> <Opcode : 'read' 'write' 'nbread' 'nbwrite'> <Ports = 0> <Width = 32> <Depth = 2> <FIFO>
ST_1 : Operation 491 [1/1] (1.45ns)   --->   "%tilenumc_read = read i32 @_ssdm_op_Read.ap_fifo.i32P, i32 %tilenumc" [reuse_test/before.cpp:15]   --->   Operation 491 'read' 'tilenumc_read' <Predicate = true> <Delay = 1.45> <CoreInst = "FIFO_SRL">   --->   Core 21 'FIFO_SRL' <Latency = 0> <II = 1> <Delay = 1.45> <Storage> <Opcode : 'read' 'write' 'nbread' 'nbwrite'> <Ports = 0> <Width = 32> <Depth = 2> <FIFO>
ST_1 : Operation 492 [1/1] (0.00ns)   --->   "%specstablecontent_ln0 = specstablecontent void @_ssdm_op_SpecStableContent, i32 %B, void"   --->   Operation 492 'specstablecontent' 'specstablecontent_ln0' <Predicate = true> <Delay = 0.00>
ST_1 : Operation 493 [1/1] (0.00ns)   --->   "%empty = trunc i32 %tilenumc_read" [reuse_test/before.cpp:15]   --->   Operation 493 'trunc' 'empty' <Predicate = true> <Delay = 0.00>
ST_1 : Operation 494 [1/1] (0.00ns)   --->   "%cast = zext i32 %tilenuma_read" [reuse_test/before.cpp:14]   --->   Operation 494 'zext' 'cast' <Predicate = true> <Delay = 0.00>
ST_1 : Operation 495 [1/1] (0.00ns)   --->   "%cast1 = zext i32 %tilenumc_read" [reuse_test/before.cpp:15]   --->   Operation 495 'zext' 'cast1' <Predicate = true> <Delay = 0.00>
ST_1 : Operation 496 [1/1] (3.17ns)   --->   "%bound = mul i64 %cast1, i64 %cast" [reuse_test/before.cpp:15]   --->   Operation 496 'mul' 'bound' <Predicate = true> <Delay = 3.17> <CoreInst = "Multiplier">   --->   Core 4 'Multiplier' <Latency = 0> <II = 1> <Delay = 3.17> <FuncUnit> <Opcode : 'mul'> <InPorts = 2> <OutPorts = 1>
ST_1 : Operation 497 [1/1] (0.60ns)   --->   "%br_ln14 = br void %bb.i" [reuse_test/before.cpp:14->reuse_test/before.cpp:71]   --->   Operation 497 'br' 'br_ln14' <Predicate = true> <Delay = 0.60>

State 2 <SV = 1> <Delay = 2.10>
ST_2 : Operation 498 [1/1] (0.00ns)   --->   "%indvar_flatten = phi i64, void %entry, i64 %add_ln14, void %bb1" [reuse_test/before.cpp:14->reuse_test/before.cpp:71]   --->   Operation 498 'phi' 'indvar_flatten' <Predicate = true> <Delay = 0.00>
ST_2 : Operation 499 [1/1] (0.00ns)   --->   "%i = phi i32, void %entry, i32 %select_ln14_1, void %bb1" [reuse_test/before.cpp:14->reuse_test/before.cpp:71]   --->   Operation 499 'phi' 'i' <Predicate = true> <Delay = 0.00>
ST_2 : Operation 500 [1/1] (0.00ns)   --->   "%j = phi i32, void %entry, i32 %add_ln15, void %bb1" [reuse_test/before.cpp:15->reuse_test/before.cpp:71]   --->   Operation 500 'phi' 'j' <Predicate = true> <Delay = 0.00>
ST_2 : Operation 501 [1/1] (0.00ns)   --->   "%specpipeline_ln0 = specpipeline void @_ssdm_op_SpecPipeline, i32, i32, i32, i32, void @p_str"   --->   Operation 501 'specpipeline' 'specpipeline_ln0' <Predicate = true> <Delay = 0.00>
ST_2 : Operation 502 [1/1] (1.06ns)   --->   "%icmp_ln14 = icmp_eq  i64 %indvar_flatten, i64 %bound" [reuse_test/before.cpp:14->reuse_test/before.cpp:71]   --->   Operation 502 'icmp' 'icmp_ln14' <Predicate = true> <Delay = 1.06> <CoreInst = "Cmp">   --->   Core 10 'Cmp' <Latency = 0> <II = 1> <Delay = 0.85> <FuncUnit> <Opcode : 'icmp'> <InPorts = 2> <OutPorts = 1>
ST_2 : Operation 503 [1/1] (1.14ns)   --->   "%add_ln14 = add i64 %indvar_flatten, i64" [reuse_test/before.cpp:14->reuse_test/before.cpp:71]   --->   Operation 503 'add' 'add_ln14' <Predicate = true> <Delay = 1.14> <CoreInst = "Adder">   --->   Core 1 'Adder' <Latency = 0> <II = 1> <Delay = 0.88> <FuncUnit> <Opcode : 'add' 'sub'> <InPorts = 2> <OutPorts = 1>
ST_2 : Operation 504 [1/1] (0.00ns)   --->   "%br_ln14 = br i1 %icmp_ln14, void %bb1, void %.exit" [reuse_test/before.cpp:14->reuse_test/before.cpp:71]   --->   Operation 504 'br' 'br_ln14' <Predicate = true> <Delay = 0.00>
ST_2 : Operation 505 [1/1] (0.85ns)   --->   "%icmp_ln15 = icmp_eq  i32 %j, i32 %tilenumc_read" [reuse_test/before.cpp:15->reuse_test/before.cpp:71]   --->   Operation 505 'icmp' 'icmp_ln15' <Predicate = (!icmp_ln14)> <Delay = 0.85> <CoreInst = "Cmp">   --->   Core 10 'Cmp' <Latency = 0> <II = 1> <Delay = 0.85> <FuncUnit> <Opcode : 'icmp'> <InPorts = 2> <OutPorts = 1>
ST_2 : Operation 506 [1/1] (0.22ns)   --->   "%select_ln14 = select i1 %icmp_ln15, i32, i32 %j" [reuse_test/before.cpp:14->reuse_test/before.cpp:71]   --->   Operation 506 'select' 'select_ln14' <Predicate = (!icmp_ln14)> <Delay = 0.22> <CoreInst = "Sel">   --->   Core 11 'Sel' <Latency = 0> <II = 1> <Delay = 0.22> <FuncUnit> <Opcode : 'select'> <InPorts = 3> <OutPorts = 1>
ST_2 : Operation 507 [1/1] (0.88ns)   --->   "%add_ln14_1 = add i32, i32 %i" [reuse_test/before.cpp:14->reuse_test/before.cpp:71]   --->   Operation 507 'add' 'add_ln14_1' <Predicate = (!icmp_ln14)> <Delay = 0.88> <CoreInst = "Adder">   --->   Core 1 'Adder' <Latency = 0> <II = 1> <Delay = 0.88> <FuncUnit> <Opcode : 'add' 'sub'> <InPorts = 2> <OutPorts = 1>
ST_2 : Operation 508 [1/1] (0.22ns)   --->   "%select_ln14_1 = select i1 %icmp_ln15, i32 %add_ln14_1, i32 %i" [reuse_test/before.cpp:14->reuse_test/before.cpp:71]   --->   Operation 508 'select' 'select_ln14_1' <Predicate = (!icmp_ln14)> <Delay = 0.22> <CoreInst = "Sel">   --->   Core 11 'Sel' <Latency = 0> <II = 1> <Delay = 0.22> <FuncUnit> <Opcode : 'select'> <InPorts = 3> <OutPorts = 1>
ST_2 : Operation 509 [1/1] (0.00ns)   --->   "%trunc_ln14 = trunc i32 %select_ln14_1" [reuse_test/before.cpp:14->reuse_test/before.cpp:71]   --->   Operation 509 'trunc' 'trunc_ln14' <Predicate = (!icmp_ln14)> <Delay = 0.00>
ST_2 : Operation 510 [3/3] (0.99ns) (grouped into DSP with root node add_ln19)   --->   "%mul_ln14 = mul i7 %trunc_ln14, i7 %empty" [reuse_test/before.cpp:14->reuse_test/before.cpp:71]   --->   Operation 510 'mul' 'mul_ln14' <Predicate = (!icmp_ln14)> <Delay = 0.99> <CoreInst = "DSP48">   --->   Core 71 'DSP48' <Latency = 3> <II = 1> <Delay = 0.53> <IPBlock> <Opcode : 'mul' 'add' 'sub' 'select'> <InPorts = 2> <OutPorts = 1> <Sync> <CReg>
ST_2 : Operation 511 [1/1] (0.00ns)   --->   "%empty_19 = trunc i32 %select_ln14" [reuse_test/before.cpp:14->reuse_test/before.cpp:71]   --->   Operation 511 'trunc' 'empty_19' <Predicate = (!icmp_ln14)> <Delay = 0.00>
ST_2 : Operation 512 [1/1] (0.00ns)   --->   "%rbegin_i = specregionbegin i32 @_ssdm_op_SpecRegionBegin, void @empty_9" [reuse_test/before.cpp:15->reuse_test/before.cpp:71]   --->   Operation 512 'specregionbegin' 'rbegin_i' <Predicate = (!icmp_ln14)> <Delay = 0.00>
ST_2 : Operation 513 [1/1] (0.00ns)   --->   "%B_read = read i32 @_ssdm_op_Read.ap_auto.volatile.i32P, i32 %B" [reuse_test/before.cpp:19->reuse_test/before.cpp:71]   --->   Operation 513 'read' 'B_read' <Predicate = (!icmp_ln14)> <Delay = 0.00>
ST_2 : Operation 514 [1/1] (0.00ns)   --->   "%speclatency_ln20 = speclatency void @_ssdm_op_SpecLatency, i64, i64, void @empty_8" [reuse_test/before.cpp:20->reuse_test/before.cpp:71]   --->   Operation 514 'speclatency' 'speclatency_ln20' <Predicate = (!icmp_ln14)> <Delay = 0.00>
ST_2 : Operation 515 [1/1] (0.88ns)   --->   "%add_ln15 = add i32, i32 %select_ln14" [reuse_test/before.cpp:15->reuse_test/before.cpp:71]   --->   Operation 515 'add' 'add_ln15' <Predicate = (!icmp_ln14)> <Delay = 0.88> <CoreInst = "Adder">   --->   Core 1 'Adder' <Latency = 0> <II = 1> <Delay = 0.88> <FuncUnit> <Opcode : 'add' 'sub'> <InPorts = 2> <OutPorts = 1>

State 3 <SV = 2> <Delay = 0.99>
ST_3 : Operation 516 [2/3] (0.99ns) (grouped into DSP with root node add_ln19)   --->   "%mul_ln14 = mul i7 %trunc_ln14, i7 %empty" [reuse_test/before.cpp:14->reuse_test/before.cpp:71]   --->   Operation 516 'mul' 'mul_ln14' <Predicate = (!icmp_ln14)> <Delay = 0.99> <CoreInst = "DSP48">   --->   Core 71 'DSP48' <Latency = 3> <II = 1> <Delay = 0.53> <IPBlock> <Opcode : 'mul' 'add' 'sub' 'select'> <InPorts = 2> <OutPorts = 1> <Sync> <CReg>

State 4 <SV = 3> <Delay = 0.64>
ST_4 : Operation 517 [1/3] (0.00ns) (grouped into DSP with root node add_ln19)   --->   "%mul_ln14 = mul i7 %trunc_ln14, i7 %empty" [reuse_test/before.cpp:14->reuse_test/before.cpp:71]   --->   Operation 517 'mul' 'mul_ln14' <Predicate = (!icmp_ln14)> <Delay = 0.00> <CoreInst = "DSP48">   --->   Core 71 'DSP48' <Latency = 3> <II = 1> <Delay = 0.53> <IPBlock> <Opcode : 'mul' 'add' 'sub' 'select'> <InPorts = 2> <OutPorts = 1> <Sync> <CReg>
ST_4 : Operation 518 [2/2] (0.64ns) (root node of the DSP)   --->   "%add_ln19 = add i7 %empty_19, i7 %mul_ln14" [reuse_test/before.cpp:19->reuse_test/before.cpp:71]   --->   Operation 518 'add' 'add_ln19' <Predicate = (!icmp_ln14)> <Delay = 0.64> <CoreInst = "DSP48">   --->   Core 71 'DSP48' <Latency = 3> <II = 1> <Delay = 0.53> <IPBlock> <Opcode : 'mul' 'add' 'sub' 'select'> <InPorts = 2> <OutPorts = 1> <Sync> <CReg>

State 5 <SV = 4> <Delay = 1.80>
ST_5 : Operation 519 [1/2] (0.64ns) (root node of the DSP)   --->   "%add_ln19 = add i7 %empty_19, i7 %mul_ln14" [reuse_test/before.cpp:19->reuse_test/before.cpp:71]   --->   Operation 519 'add' 'add_ln19' <Predicate = (!icmp_ln14)> <Delay = 0.64> <CoreInst = "DSP48">   --->   Core 71 'DSP48' <Latency = 3> <II = 1> <Delay = 0.53> <IPBlock> <Opcode : 'mul' 'add' 'sub' 'select'> <InPorts = 2> <OutPorts = 1> <Sync> <CReg>
ST_5 : Operation 520 [1/1] (0.00ns)   --->   "%zext_ln19 = zext i7 %add_ln19" [reuse_test/before.cpp:19->reuse_test/before.cpp:71]   --->   Operation 520 'zext' 'zext_ln19' <Predicate = (!icmp_ln14)> <Delay = 0.00>
ST_5 : Operation 521 [1/1] (0.00ns)   --->   "%b_buf_addr = getelementptr i32 %b_buf, i64, i64 %zext_ln19" [reuse_test/before.cpp:19->reuse_test/before.cpp:71]   --->   Operation 521 'getelementptr' 'b_buf_addr' <Predicate = (!icmp_ln14)> <Delay = 0.00>
ST_5 : Operation 522 [1/1] (1.15ns)   --->   "%store_ln19 = store i32 %B_read, i7 %b_buf_addr" [reuse_test/before.cpp:19->reuse_test/before.cpp:71]   --->   Operation 522 'store' 'store_ln19' <Predicate = (!icmp_ln14)> <Delay = 1.15> <CoreInst = "RAM">   --->   Core 23 'RAM' <Latency = 1> <II = 1> <Delay = 1.15> <Storage> <Opcode : 'load' 'store'> <Ports = 2> <Width = 32> <Depth = 100> <RAM>

State 6 <SV = 5> <Delay = 0.00>

State 7 <SV = 6> <Delay = 0.00>

State 8 <SV = 7> <Delay = 0.00>

State 9 <SV = 8> <Delay = 0.00>

State 10 <SV = 9> <Delay = 0.00>

State 11 <SV = 10> <Delay = 0.00>

State 12 <SV = 11> <Delay = 0.00>

State 13 <SV = 12> <Delay = 0.00>

State 14 <SV = 13> <Delay = 0.00>

State 15 <SV = 14> <Delay = 0.00>

State 16 <SV = 15> <Delay = 0.00>

State 17 <SV = 16> <Delay = 0.00>

State 18 <SV = 17> <Delay = 0.00>

State 19 <SV = 18> <Delay = 0.00>

State 20 <SV = 19> <Delay = 0.00>

State 21 <SV = 20> <Delay = 0.00>

State 22 <SV = 21> <Delay = 0.00>

State 23 <SV = 22> <Delay = 0.00>

State 24 <SV = 23> <Delay = 0.00>

State 25 <SV = 24> <Delay = 0.00>

State 26 <SV = 25> <Delay = 0.00>

State 27 <SV = 26> <Delay = 0.00>

State 28 <SV = 27> <Delay = 0.00>

State 29 <SV = 28> <Delay = 0.00>

State 30 <SV = 29> <Delay = 0.00>

State 31 <SV = 30> <Delay = 0.00>

State 32 <SV = 31> <Delay = 0.00>

State 33 <SV = 32> <Delay = 0.00>

State 34 <SV = 33> <Delay = 0.00>

State 35 <SV = 34> <Delay = 0.00>

State 36 <SV = 35> <Delay = 0.00>

State 37 <SV = 36> <Delay = 0.00>

State 38 <SV = 37> <Delay = 0.00>

State 39 <SV = 38> <Delay = 0.00>

State 40 <SV = 39> <Delay = 0.00>

State 41 <SV = 40> <Delay = 0.00>

State 42 <SV = 41> <Delay = 0.00>

State 43 <SV = 42> <Delay = 0.00>

State 44 <SV = 43> <Delay = 0.00>

State 45 <SV = 44> <Delay = 0.00>

State 46 <SV = 45> <Delay = 0.00>

State 47 <SV = 46> <Delay = 0.00>

State 48 <SV = 47> <Delay = 0.00>

State 49 <SV = 48> <Delay = 0.00>

State 50 <SV = 49> <Delay = 0.00>

State 51 <SV = 50> <Delay = 0.00>

State 52 <SV = 51> <Delay = 0.00>

State 53 <SV = 52> <Delay = 0.00>

State 54 <SV = 53> <Delay = 0.00>

State 55 <SV = 54> <Delay = 0.00>

State 56 <SV = 55> <Delay = 0.00>

State 57 <SV = 56> <Delay = 0.00>

State 58 <SV = 57> <Delay = 0.00>

State 59 <SV = 58> <Delay = 0.00>

State 60 <SV = 59> <Delay = 0.00>

State 61 <SV = 60> <Delay = 0.00>

State 62 <SV = 61> <Delay = 0.00>

State 63 <SV = 62> <Delay = 0.00>

State 64 <SV = 63> <Delay = 0.00>

State 65 <SV = 64> <Delay = 0.00>

State 66 <SV = 65> <Delay = 0.00>

State 67 <SV = 66> <Delay = 0.00>

State 68 <SV = 67> <Delay = 0.00>

State 69 <SV = 68> <Delay = 0.00>

State 70 <SV = 69> <Delay = 0.00>

State 71 <SV = 70> <Delay = 0.00>

State 72 <SV = 71> <Delay = 0.00>

State 73 <SV = 72> <Delay = 0.00>

State 74 <SV = 73> <Delay = 0.00>

State 75 <SV = 74> <Delay = 0.00>

State 76 <SV = 75> <Delay = 0.00>

State 77 <SV = 76> <Delay = 0.00>

State 78 <SV = 77> <Delay = 0.00>

State 79 <SV = 78> <Delay = 0.00>

State 80 <SV = 79> <Delay = 0.00>

State 81 <SV = 80> <Delay = 0.00>

State 82 <SV = 81> <Delay = 0.00>

State 83 <SV = 82> <Delay = 0.00>

State 84 <SV = 83> <Delay = 0.00>

State 85 <SV = 84> <Delay = 0.00>

State 86 <SV = 85> <Delay = 0.00>

State 87 <SV = 86> <Delay = 0.00>

State 88 <SV = 87> <Delay = 0.00>

State 89 <SV = 88> <Delay = 0.00>

State 90 <SV = 89> <Delay = 0.00>

State 91 <SV = 90> <Delay = 0.00>

State 92 <SV = 91> <Delay = 0.00>

State 93 <SV = 92> <Delay = 0.00>

State 94 <SV = 93> <Delay = 0.00>

State 95 <SV = 94> <Delay = 0.00>

State 96 <SV = 95> <Delay = 0.00>

State 97 <SV = 96> <Delay = 0.00>

State 98 <SV = 97> <Delay = 0.00>

State 99 <SV = 98> <Delay = 0.00>

State 100 <SV = 99> <Delay = 0.00>

State 101 <SV = 100> <Delay = 0.00>

State 102 <SV = 101> <Delay = 0.00>

State 103 <SV = 102> <Delay = 0.00>

State 104 <SV = 103> <Delay = 0.00>

State 105 <SV = 104> <Delay = 0.00>

State 106 <SV = 105> <Delay = 0.00>

State 107 <SV = 106> <Delay = 0.00>

State 108 <SV = 107> <Delay = 0.00>

State 109 <SV = 108> <Delay = 0.00>

State 110 <SV = 109> <Delay = 0.00>

State 111 <SV = 110> <Delay = 0.00>

State 112 <SV = 111> <Delay = 0.00>

State 113 <SV = 112> <Delay = 0.00>

State 114 <SV = 113> <Delay = 0.00>

State 115 <SV = 114> <Delay = 0.00>

State 116 <SV = 115> <Delay = 0.00>

State 117 <SV = 116> <Delay = 0.00>

State 118 <SV = 117> <Delay = 0.00>

State 119 <SV = 118> <Delay = 0.00>

State 120 <SV = 119> <Delay = 0.00>

State 121 <SV = 120> <Delay = 0.00>

State 122 <SV = 121> <Delay = 0.00>

State 123 <SV = 122> <Delay = 0.00>

State 124 <SV = 123> <Delay = 0.00>

State 125 <SV = 124> <Delay = 0.00>

State 126 <SV = 125> <Delay = 0.00>

State 127 <SV = 126> <Delay = 0.00>

State 128 <SV = 127> <Delay = 0.00>

State 129 <SV = 128> <Delay = 0.00>

State 130 <SV = 129> <Delay = 0.00>

State 131 <SV = 130> <Delay = 0.00>

State 132 <SV = 131> <Delay = 0.00>

State 133 <SV = 132> <Delay = 0.00>

State 134 <SV = 133> <Delay = 0.00>

State 135 <SV = 134> <Delay = 0.00>

State 136 <SV = 135> <Delay = 0.00>

State 137 <SV = 136> <Delay = 0.00>

State 138 <SV = 137> <Delay = 0.00>

State 139 <SV = 138> <Delay = 0.00>

State 140 <SV = 139> <Delay = 0.00>

State 141 <SV = 140> <Delay = 0.00>

State 142 <SV = 141> <Delay = 0.00>

State 143 <SV = 142> <Delay = 0.00>

State 144 <SV = 143> <Delay = 0.00>

State 145 <SV = 144> <Delay = 0.00>

State 146 <SV = 145> <Delay = 0.00>

State 147 <SV = 146> <Delay = 0.00>

State 148 <SV = 147> <Delay = 0.00>

State 149 <SV = 148> <Delay = 0.00>

State 150 <SV = 149> <Delay = 0.00>

State 151 <SV = 150> <Delay = 0.00>

State 152 <SV = 151> <Delay = 0.00>

State 153 <SV = 152> <Delay = 0.00>

State 154 <SV = 153> <Delay = 0.00>

State 155 <SV = 154> <Delay = 0.00>

State 156 <SV = 155> <Delay = 0.00>

State 157 <SV = 156> <Delay = 0.00>

State 158 <SV = 157> <Delay = 0.00>

State 159 <SV = 158> <Delay = 0.00>

State 160 <SV = 159> <Delay = 0.00>

State 161 <SV = 160> <Delay = 0.00>

State 162 <SV = 161> <Delay = 0.00>

State 163 <SV = 162> <Delay = 0.00>

State 164 <SV = 163> <Delay = 0.00>

State 165 <SV = 164> <Delay = 0.00>

State 166 <SV = 165> <Delay = 0.00>

State 167 <SV = 166> <Delay = 0.00>

State 168 <SV = 167> <Delay = 0.00>

State 169 <SV = 168> <Delay = 0.00>

State 170 <SV = 169> <Delay = 0.00>

State 171 <SV = 170> <Delay = 0.00>

State 172 <SV = 171> <Delay = 0.00>

State 173 <SV = 172> <Delay = 0.00>

State 174 <SV = 173> <Delay = 0.00>

State 175 <SV = 174> <Delay = 0.00>

State 176 <SV = 175> <Delay = 0.00>

State 177 <SV = 176> <Delay = 0.00>

State 178 <SV = 177> <Delay = 0.00>

State 179 <SV = 178> <Delay = 0.00>

State 180 <SV = 179> <Delay = 0.00>

State 181 <SV = 180> <Delay = 0.00>

State 182 <SV = 181> <Delay = 0.00>

State 183 <SV = 182> <Delay = 0.00>

State 184 <SV = 183> <Delay = 0.00>

State 185 <SV = 184> <Delay = 0.00>

State 186 <SV = 185> <Delay = 0.00>

State 187 <SV = 186> <Delay = 0.00>

State 188 <SV = 187> <Delay = 0.00>

State 189 <SV = 188> <Delay = 0.00>

State 190 <SV = 189> <Delay = 0.00>

State 191 <SV = 190> <Delay = 0.00>

State 192 <SV = 191> <Delay = 0.00>

State 193 <SV = 192> <Delay = 0.00>

State 194 <SV = 193> <Delay = 0.00>

State 195 <SV = 194> <Delay = 0.00>

State 196 <SV = 195> <Delay = 0.00>

State 197 <SV = 196> <Delay = 0.00>

State 198 <SV = 197> <Delay = 0.00>

State 199 <SV = 198> <Delay = 0.00>

State 200 <SV = 199> <Delay = 0.00>

State 201 <SV = 200> <Delay = 0.00>

State 202 <SV = 201> <Delay = 0.00>

State 203 <SV = 202> <Delay = 0.00>

State 204 <SV = 203> <Delay = 0.00>

State 205 <SV = 204> <Delay = 0.00>

State 206 <SV = 205> <Delay = 0.00>

State 207 <SV = 206> <Delay = 0.00>

State 208 <SV = 207> <Delay = 0.00>

State 209 <SV = 208> <Delay = 0.00>

State 210 <SV = 209> <Delay = 0.00>

State 211 <SV = 210> <Delay = 0.00>

State 212 <SV = 211> <Delay = 0.00>

State 213 <SV = 212> <Delay = 0.00>

State 214 <SV = 213> <Delay = 0.00>

State 215 <SV = 214> <Delay = 0.00>

State 216 <SV = 215> <Delay = 0.00>

State 217 <SV = 216> <Delay = 0.00>

State 218 <SV = 217> <Delay = 0.00>

State 219 <SV = 218> <Delay = 0.00>

State 220 <SV = 219> <Delay = 0.00>

State 221 <SV = 220> <Delay = 0.00>

State 222 <SV = 221> <Delay = 0.00>

State 223 <SV = 222> <Delay = 0.00>

State 224 <SV = 223> <Delay = 0.00>

State 225 <SV = 224> <Delay = 0.00>

State 226 <SV = 225> <Delay = 0.00>

State 227 <SV = 226> <Delay = 0.00>

State 228 <SV = 227> <Delay = 0.00>

State 229 <SV = 228> <Delay = 0.00>

State 230 <SV = 229> <Delay = 0.00>

State 231 <SV = 230> <Delay = 0.00>

State 232 <SV = 231> <Delay = 0.00>

State 233 <SV = 232> <Delay = 0.00>

State 234 <SV = 233> <Delay = 0.00>

State 235 <SV = 234> <Delay = 0.00>

State 236 <SV = 235> <Delay = 0.00>

State 237 <SV = 236> <Delay = 0.00>

State 238 <SV = 237> <Delay = 0.00>

State 239 <SV = 238> <Delay = 0.00>

State 240 <SV = 239> <Delay = 0.00>

State 241 <SV = 240> <Delay = 0.00>

State 242 <SV = 241> <Delay = 0.00>

State 243 <SV = 242> <Delay = 0.00>

State 244 <SV = 243> <Delay = 0.00>

State 245 <SV = 244> <Delay = 0.00>

State 246 <SV = 245> <Delay = 0.00>

State 247 <SV = 246> <Delay = 0.00>

State 248 <SV = 247> <Delay = 0.00>

State 249 <SV = 248> <Delay = 0.00>

State 250 <SV = 249> <Delay = 0.00>

State 251 <SV = 250> <Delay = 0.00>

State 252 <SV = 251> <Delay = 0.00>

State 253 <SV = 252> <Delay = 0.00>

State 254 <SV = 253> <Delay = 0.00>

State 255 <SV = 254> <Delay = 0.00>

State 256 <SV = 255> <Delay = 0.00>

State 257 <SV = 256> <Delay = 0.00>

State 258 <SV = 257> <Delay = 0.00>

State 259 <SV = 258> <Delay = 0.00>

State 260 <SV = 259> <Delay = 0.00>

State 261 <SV = 260> <Delay = 0.00>

State 262 <SV = 261> <Delay = 0.00>

State 263 <SV = 262> <Delay = 0.00>

State 264 <SV = 263> <Delay = 0.00>

State 265 <SV = 264> <Delay = 0.00>

State 266 <SV = 265> <Delay = 0.00>

State 267 <SV = 266> <Delay = 0.00>

State 268 <SV = 267> <Delay = 0.00>

State 269 <SV = 268> <Delay = 0.00>

State 270 <SV = 269> <Delay = 0.00>

State 271 <SV = 270> <Delay = 0.00>

State 272 <SV = 271> <Delay = 0.00>

State 273 <SV = 272> <Delay = 0.00>

State 274 <SV = 273> <Delay = 0.00>

State 275 <SV = 274> <Delay = 0.00>

State 276 <SV = 275> <Delay = 0.00>

State 277 <SV = 276> <Delay = 0.00>

State 278 <SV = 277> <Delay = 0.00>

State 279 <SV = 278> <Delay = 0.00>

State 280 <SV = 279> <Delay = 0.00>

State 281 <SV = 280> <Delay = 0.00>

State 282 <SV = 281> <Delay = 0.00>

State 283 <SV = 282> <Delay = 0.00>

State 284 <SV = 283> <Delay = 0.00>

State 285 <SV = 284> <Delay = 0.00>

State 286 <SV = 285> <Delay = 0.00>

State 287 <SV = 286> <Delay = 0.00>

State 288 <SV = 287> <Delay = 0.00>

State 289 <SV = 288> <Delay = 0.00>

State 290 <SV = 289> <Delay = 0.00>

State 291 <SV = 290> <Delay = 0.00>

State 292 <SV = 291> <Delay = 0.00>

State 293 <SV = 292> <Delay = 0.00>

State 294 <SV = 293> <Delay = 0.00>

State 295 <SV = 294> <Delay = 0.00>

State 296 <SV = 295> <Delay = 0.00>

State 297 <SV = 296> <Delay = 0.00>

State 298 <SV = 297> <Delay = 0.00>

State 299 <SV = 298> <Delay = 0.00>

State 300 <SV = 299> <Delay = 0.00>

State 301 <SV = 300> <Delay = 0.00>

State 302 <SV = 301> <Delay = 0.00>

State 303 <SV = 302> <Delay = 0.00>

State 304 <SV = 303> <Delay = 0.00>

State 305 <SV = 304> <Delay = 0.00>

State 306 <SV = 305> <Delay = 0.00>

State 307 <SV = 306> <Delay = 0.00>

State 308 <SV = 307> <Delay = 0.00>

State 309 <SV = 308> <Delay = 0.00>

State 310 <SV = 309> <Delay = 0.00>

State 311 <SV = 310> <Delay = 0.00>

State 312 <SV = 311> <Delay = 0.00>

State 313 <SV = 312> <Delay = 0.00>

State 314 <SV = 313> <Delay = 0.00>

State 315 <SV = 314> <Delay = 0.00>

State 316 <SV = 315> <Delay = 0.00>

State 317 <SV = 316> <Delay = 0.00>

State 318 <SV = 317> <Delay = 0.00>

State 319 <SV = 318> <Delay = 0.00>

State 320 <SV = 319> <Delay = 0.00>

State 321 <SV = 320> <Delay = 0.00>

State 322 <SV = 321> <Delay = 0.00>

State 323 <SV = 322> <Delay = 0.00>

State 324 <SV = 323> <Delay = 0.00>

State 325 <SV = 324> <Delay = 0.00>

State 326 <SV = 325> <Delay = 0.00>

State 327 <SV = 326> <Delay = 0.00>

State 328 <SV = 327> <Delay = 0.00>

State 329 <SV = 328> <Delay = 0.00>

State 330 <SV = 329> <Delay = 0.00>

State 331 <SV = 330> <Delay = 0.00>

State 332 <SV = 331> <Delay = 0.00>

State 333 <SV = 332> <Delay = 0.00>

State 334 <SV = 333> <Delay = 0.00>

State 335 <SV = 334> <Delay = 0.00>

State 336 <SV = 335> <Delay = 0.00>

State 337 <SV = 336> <Delay = 0.00>

State 338 <SV = 337> <Delay = 0.00>

State 339 <SV = 338> <Delay = 0.00>

State 340 <SV = 339> <Delay = 0.00>

State 341 <SV = 340> <Delay = 0.00>

State 342 <SV = 341> <Delay = 0.00>

State 343 <SV = 342> <Delay = 0.00>

State 344 <SV = 343> <Delay = 0.00>

State 345 <SV = 344> <Delay = 0.00>

State 346 <SV = 345> <Delay = 0.00>

State 347 <SV = 346> <Delay = 0.00>

State 348 <SV = 347> <Delay = 0.00>

State 349 <SV = 348> <Delay = 0.00>

State 350 <SV = 349> <Delay = 0.00>

State 351 <SV = 350> <Delay = 0.00>

State 352 <SV = 351> <Delay = 0.00>

State 353 <SV = 352> <Delay = 0.00>

State 354 <SV = 353> <Delay = 0.00>

State 355 <SV = 354> <Delay = 0.00>

State 356 <SV = 355> <Delay = 0.00>

State 357 <SV = 356> <Delay = 0.00>

State 358 <SV = 357> <Delay = 0.00>

State 359 <SV = 358> <Delay = 0.00>

State 360 <SV = 359> <Delay = 0.00>

State 361 <SV = 360> <Delay = 0.00>

State 362 <SV = 361> <Delay = 0.00>

State 363 <SV = 362> <Delay = 0.00>

State 364 <SV = 363> <Delay = 0.00>

State 365 <SV = 364> <Delay = 0.00>

State 366 <SV = 365> <Delay = 0.00>

State 367 <SV = 366> <Delay = 0.00>

State 368 <SV = 367> <Delay = 0.00>

State 369 <SV = 368> <Delay = 0.00>

State 370 <SV = 369> <Delay = 0.00>

State 371 <SV = 370> <Delay = 0.00>

State 372 <SV = 371> <Delay = 0.00>

State 373 <SV = 372> <Delay = 0.00>

State 374 <SV = 373> <Delay = 0.00>

State 375 <SV = 374> <Delay = 0.00>

State 376 <SV = 375> <Delay = 0.00>

State 377 <SV = 376> <Delay = 0.00>

State 378 <SV = 377> <Delay = 0.00>

State 379 <SV = 378> <Delay = 0.00>

State 380 <SV = 379> <Delay = 0.00>

State 381 <SV = 380> <Delay = 0.00>

State 382 <SV = 381> <Delay = 0.00>

State 383 <SV = 382> <Delay = 0.00>

State 384 <SV = 383> <Delay = 0.00>

State 385 <SV = 384> <Delay = 0.00>

State 386 <SV = 385> <Delay = 0.00>

State 387 <SV = 386> <Delay = 0.00>

State 388 <SV = 387> <Delay = 0.00>

State 389 <SV = 388> <Delay = 0.00>

State 390 <SV = 389> <Delay = 0.00>

State 391 <SV = 390> <Delay = 0.00>

State 392 <SV = 391> <Delay = 0.00>

State 393 <SV = 392> <Delay = 0.00>

State 394 <SV = 393> <Delay = 0.00>

State 395 <SV = 394> <Delay = 0.00>

State 396 <SV = 395> <Delay = 0.00>

State 397 <SV = 396> <Delay = 0.00>

State 398 <SV = 397> <Delay = 0.00>

State 399 <SV = 398> <Delay = 0.00>

State 400 <SV = 399> <Delay = 0.00>

State 401 <SV = 400> <Delay = 0.00>

State 402 <SV = 401> <Delay = 0.00>

State 403 <SV = 402> <Delay = 0.00>

State 404 <SV = 403> <Delay = 0.00>

State 405 <SV = 404> <Delay = 0.00>

State 406 <SV = 405> <Delay = 0.00>

State 407 <SV = 406> <Delay = 0.00>

State 408 <SV = 407> <Delay = 0.00>

State 409 <SV = 408> <Delay = 0.00>

State 410 <SV = 409> <Delay = 0.00>

State 411 <SV = 410> <Delay = 0.00>

State 412 <SV = 411> <Delay = 0.00>

State 413 <SV = 412> <Delay = 0.00>

State 414 <SV = 413> <Delay = 0.00>

State 415 <SV = 414> <Delay = 0.00>

State 416 <SV = 415> <Delay = 0.00>

State 417 <SV = 416> <Delay = 0.00>

State 418 <SV = 417> <Delay = 0.00>

State 419 <SV = 418> <Delay = 0.00>

State 420 <SV = 419> <Delay = 0.00>

State 421 <SV = 420> <Delay = 0.00>

State 422 <SV = 421> <Delay = 0.00>

State 423 <SV = 422> <Delay = 0.00>

State 424 <SV = 423> <Delay = 0.00>

State 425 <SV = 424> <Delay = 0.00>

State 426 <SV = 425> <Delay = 0.00>

State 427 <SV = 426> <Delay = 0.00>

State 428 <SV = 427> <Delay = 0.00>

State 429 <SV = 428> <Delay = 0.00>

State 430 <SV = 429> <Delay = 0.00>

State 431 <SV = 430> <Delay = 0.00>

State 432 <SV = 431> <Delay = 0.00>

State 433 <SV = 432> <Delay = 0.00>

State 434 <SV = 433> <Delay = 0.00>

State 435 <SV = 434> <Delay = 0.00>

State 436 <SV = 435> <Delay = 0.00>

State 437 <SV = 436> <Delay = 0.00>

State 438 <SV = 437> <Delay = 0.00>

State 439 <SV = 438> <Delay = 0.00>

State 440 <SV = 439> <Delay = 0.00>

State 441 <SV = 440> <Delay = 0.00>

State 442 <SV = 441> <Delay = 0.00>

State 443 <SV = 442> <Delay = 0.00>

State 444 <SV = 443> <Delay = 0.00>

State 445 <SV = 444> <Delay = 0.00>

State 446 <SV = 445> <Delay = 0.00>

State 447 <SV = 446> <Delay = 0.00>

State 448 <SV = 447> <Delay = 0.00>

State 449 <SV = 448> <Delay = 0.00>

State 450 <SV = 449> <Delay = 0.00>

State 451 <SV = 450> <Delay = 0.00>

State 452 <SV = 451> <Delay = 0.00>

State 453 <SV = 452> <Delay = 0.00>

State 454 <SV = 453> <Delay = 0.00>

State 455 <SV = 454> <Delay = 0.00>

State 456 <SV = 455> <Delay = 0.00>

State 457 <SV = 456> <Delay = 0.00>

State 458 <SV = 457> <Delay = 0.00>

State 459 <SV = 458> <Delay = 0.00>

State 460 <SV = 459> <Delay = 0.00>

State 461 <SV = 460> <Delay = 0.00>

State 462 <SV = 461> <Delay = 0.00>

State 463 <SV = 462> <Delay = 0.00>

State 464 <SV = 463> <Delay = 0.00>

State 465 <SV = 464> <Delay = 0.00>

State 466 <SV = 465> <Delay = 0.00>

State 467 <SV = 466> <Delay = 0.00>

State 468 <SV = 467> <Delay = 0.00>

State 469 <SV = 468> <Delay = 0.00>

State 470 <SV = 469> <Delay = 0.00>

State 471 <SV = 470> <Delay = 0.00>

State 472 <SV = 471> <Delay = 0.00>

State 473 <SV = 472> <Delay = 0.00>

State 474 <SV = 473> <Delay = 0.00>

State 475 <SV = 474> <Delay = 0.00>

State 476 <SV = 475> <Delay = 0.00>

State 477 <SV = 476> <Delay = 0.00>

State 478 <SV = 477> <Delay = 0.00>

State 479 <SV = 478> <Delay = 0.00>

State 480 <SV = 479> <Delay = 0.00>

State 481 <SV = 480> <Delay = 0.00>

State 482 <SV = 481> <Delay = 0.00>

State 483 <SV = 482> <Delay = 0.00>

State 484 <SV = 483> <Delay = 0.00>

State 485 <SV = 484> <Delay = 0.00>

State 486 <SV = 485> <Delay = 0.00>
ST_486 : Operation 523 [1/1] (0.00ns)   --->   "%specloopname_ln0 = specloopname void @_ssdm_op_SpecLoopName, void @VITIS_LOOP_14_1_VITIS_LOOP_15_2_str"   --->   Operation 523 'specloopname' 'specloopname_ln0' <Predicate = (!icmp_ln14)> <Delay = 0.00>
ST_486 : Operation 524 [1/1] (0.00ns)   --->   "%specpipeline_ln0 = specpipeline void @_ssdm_op_SpecPipeline, i32, i32, i32, i32, void @p_str"   --->   Operation 524 'specpipeline' 'specpipeline_ln0' <Predicate = (!icmp_ln14)> <Delay = 0.00>
ST_486 : Operation 525 [1/1] (0.00ns)   --->   "%specloopname_ln15 = specloopname void @_ssdm_op_SpecLoopName, void @empty_10" [reuse_test/before.cpp:15->reuse_test/before.cpp:71]   --->   Operation 525 'specloopname' 'specloopname_ln15' <Predicate = (!icmp_ln14)> <Delay = 0.00>
ST_486 : Operation 526 [1/1] (0.00ns)   --->   "%rend_i = specregionend i32 @_ssdm_op_SpecRegionEnd, void @empty_9, i32 %rbegin_i" [reuse_test/before.cpp:20->reuse_test/before.cpp:71]   --->   Operation 526 'specregionend' 'rend_i' <Predicate = (!icmp_ln14)> <Delay = 0.00>
ST_486 : Operation 527 [1/1] (0.00ns)   --->   "%br_ln0 = br void %bb.i"   --->   Operation 527 'br' 'br_ln0' <Predicate = (!icmp_ln14)> <Delay = 0.00>

State 487 <SV = 2> <Delay = 0.00>
ST_487 : Operation 528 [1/1] (0.00ns)   --->   "%ret_ln71 = ret" [reuse_test/before.cpp:71]   --->   Operation 528 'ret' 'ret_ln71' <Predicate = true> <Delay = 0.00>


============================================================
+ Verbose Summary: Binding
============================================================
STG Binding: 
---------------- STG Properties BEGIN ----------------
- Is combinational: 0
- Is one-state seq: 0
- Is datapath-only: 0
- Is pipelined: 0
- Is top level: 0
Port [ Return ] is wired: 1; IO mode=ap_ctrl_hs:ce=0
Port [ B]:  wired=1; compound=0; hidden=0; nouse=0; global=0; static=0; extern=0; dir=0; type=0; pingpong=0; private_global=0; IO mode=ap_stable:ce=0
Port [ b_buf]:  wired=1; compound=1; hidden=0; nouse=0; global=0; static=0; extern=0; dir=1; type=1; pingpong=1; private_global=0; MemPort=[03]; IO mode=ap_memory:ce=0
Port [ tilenuma]:  wired=1; compound=1; hidden=0; nouse=0; global=0; static=0; extern=0; dir=0; type=3; pingpong=0; private_global=0; IO mode=ap_fifo:ce=0
Port [ tilenumc]:  wired=1; compound=1; hidden=0; nouse=0; global=0; static=0; extern=0; dir=0; type=3; pingpong=0; private_global=0; IO mode=ap_fifo:ce=0
---------------- STG Properties END ------------------

---------------- Datapath Model BEGIN ----------------

<LifeTime>
<method=bitvector/>
specinterface_ln0     (specinterface    ) [ 00000000000000000000000000000000000000000000000000000000000000000000000000000000000000000000000000000000000000000000000000000000000000000000000000000000000000000000000000000000000000000000000000000000000000000000000000000000000000000000000000000000000000000000000000000000000000000000000000000000000000000000000000000000000000000000000000000000000000000000000000000000000000000000000000000000000000000000000000000000000000000000000000000000000000000000000000000000000000000000000000000000]
specinterface_ln0     (specinterface    ) [ 00000000000000000000000000000000000000000000000000000000000000000000000000000000000000000000000000000000000000000000000000000000000000000000000000000000000000000000000000000000000000000000000000000000000000000000000000000000000000000000000000000000000000000000000000000000000000000000000000000000000000000000000000000000000000000000000000000000000000000000000000000000000000000000000000000000000000000000000000000000000000000000000000000000000000000000000000000000000000000000000000000000]
tilenuma_read         (read             ) [ 00000000000000000000000000000000000000000000000000000000000000000000000000000000000000000000000000000000000000000000000000000000000000000000000000000000000000000000000000000000000000000000000000000000000000000000000000000000000000000000000000000000000000000000000000000000000000000000000000000000000000000000000000000000000000000000000000000000000000000000000000000000000000000000000000000000000000000000000000000000000000000000000000000000000000000000000000000000000000000000000000000000]
tilenumc_read         (read             ) [ 00111111111111111111111111111111111111111111111111111111111111111111111111111111111111111111111111111111111111111111111111111111111111111111111111111111111111111111111111111111111111111111111111111111111111111111111111111111111111111111111111111111111111111111111111111111111111111111111111111111111111111111111111111111111111111111111111111111111111111111111111111111111111111111111111111111111111111111111111111111111111111111111111111111111111111111111111111111111111111111111111111110]
specstablecontent_ln0 (specstablecontent) [ 00000000000000000000000000000000000000000000000000000000000000000000000000000000000000000000000000000000000000000000000000000000000000000000000000000000000000000000000000000000000000000000000000000000000000000000000000000000000000000000000000000000000000000000000000000000000000000000000000000000000000000000000000000000000000000000000000000000000000000000000000000000000000000000000000000000000000000000000000000000000000000000000000000000000000000000000000000000000000000000000000000000]
empty                 (trunc            ) [ 00111111111111111111111111111111111111111111111111111111111111111111111111111111111111111111111111111111111111111111111111111111111111111111111111111111111111111111111111111111111111111111111111111111111111111111111111111111111111111111111111111111111111111111111111111111111111111111111111111111111111111111111111111111111111111111111111111111111111111111111111111111111111111111111111111111111111111111111111111111111111111111111111111111111111111111111111111111111111111111111111111110]
cast                  (zext             ) [ 00000000000000000000000000000000000000000000000000000000000000000000000000000000000000000000000000000000000000000000000000000000000000000000000000000000000000000000000000000000000000000000000000000000000000000000000000000000000000000000000000000000000000000000000000000000000000000000000000000000000000000000000000000000000000000000000000000000000000000000000000000000000000000000000000000000000000000000000000000000000000000000000000000000000000000000000000000000000000000000000000000000]
cast1                 (zext             ) [ 00000000000000000000000000000000000000000000000000000000000000000000000000000000000000000000000000000000000000000000000000000000000000000000000000000000000000000000000000000000000000000000000000000000000000000000000000000000000000000000000000000000000000000000000000000000000000000000000000000000000000000000000000000000000000000000000000000000000000000000000000000000000000000000000000000000000000000000000000000000000000000000000000000000000000000000000000000000000000000000000000000000]
bound                 (mul              ) [ 00111111111111111111111111111111111111111111111111111111111111111111111111111111111111111111111111111111111111111111111111111111111111111111111111111111111111111111111111111111111111111111111111111111111111111111111111111111111111111111111111111111111111111111111111111111111111111111111111111111111111111111111111111111111111111111111111111111111111111111111111111111111111111111111111111111111111111111111111111111111111111111111111111111111111111111111111111111111111111111111111111110]
br_ln14               (br               ) [ 01111111111111111111111111111111111111111111111111111111111111111111111111111111111111111111111111111111111111111111111111111111111111111111111111111111111111111111111111111111111111111111111111111111111111111111111111111111111111111111111111111111111111111111111111111111111111111111111111111111111111111111111111111111111111111111111111111111111111111111111111111111111111111111111111111111111111111111111111111111111111111111111111111111111111111111111111111111111111111111111111111110]
indvar_flatten        (phi              ) [ 00100000000000000000000000000000000000000000000000000000000000000000000000000000000000000000000000000000000000000000000000000000000000000000000000000000000000000000000000000000000000000000000000000000000000000000000000000000000000000000000000000000000000000000000000000000000000000000000000000000000000000000000000000000000000000000000000000000000000000000000000000000000000000000000000000000000000000000000000000000000000000000000000000000000000000000000000000000000000000000000000000000]
i                     (phi              ) [ 00100000000000000000000000000000000000000000000000000000000000000000000000000000000000000000000000000000000000000000000000000000000000000000000000000000000000000000000000000000000000000000000000000000000000000000000000000000000000000000000000000000000000000000000000000000000000000000000000000000000000000000000000000000000000000000000000000000000000000000000000000000000000000000000000000000000000000000000000000000000000000000000000000000000000000000000000000000000000000000000000000000]
j                     (phi              ) [ 00100000000000000000000000000000000000000000000000000000000000000000000000000000000000000000000000000000000000000000000000000000000000000000000000000000000000000000000000000000000000000000000000000000000000000000000000000000000000000000000000000000000000000000000000000000000000000000000000000000000000000000000000000000000000000000000000000000000000000000000000000000000000000000000000000000000000000000000000000000000000000000000000000000000000000000000000000000000000000000000000000000]
specpipeline_ln0      (specpipeline     ) [ 00000000000000000000000000000000000000000000000000000000000000000000000000000000000000000000000000000000000000000000000000000000000000000000000000000000000000000000000000000000000000000000000000000000000000000000000000000000000000000000000000000000000000000000000000000000000000000000000000000000000000000000000000000000000000000000000000000000000000000000000000000000000000000000000000000000000000000000000000000000000000000000000000000000000000000000000000000000000000000000000000000000]
icmp_ln14             (icmp             ) [ 00111111111111111111111111111111111111111111111111111111111111111111111111111111111111111111111111111111111111111111111111111111111111111111111111111111111111111111111111111111111111111111111111111111111111111111111111111111111111111111111111111111111111111111111111111111111111111111111111111111111111111111111111111111111111111111111111111111111111111111111111111111111111111111111111111111111111111111111111111111111111111111111111111111111111111111111111111111111111111111111111111110]
add_ln14              (add              ) [ 01111111111111111111111111111111111111111111111111111111111111111111111111111111111111111111111111111111111111111111111111111111111111111111111111111111111111111111111111111111111111111111111111111111111111111111111111111111111111111111111111111111111111111111111111111111111111111111111111111111111111111111111111111111111111111111111111111111111111111111111111111111111111111111111111111111111111111111111111111111111111111111111111111111111111111111111111111111111111111111111111111110]
br_ln14               (br               ) [ 00000000000000000000000000000000000000000000000000000000000000000000000000000000000000000000000000000000000000000000000000000000000000000000000000000000000000000000000000000000000000000000000000000000000000000000000000000000000000000000000000000000000000000000000000000000000000000000000000000000000000000000000000000000000000000000000000000000000000000000000000000000000000000000000000000000000000000000000000000000000000000000000000000000000000000000000000000000000000000000000000000000]
icmp_ln15             (icmp             ) [ 00000000000000000000000000000000000000000000000000000000000000000000000000000000000000000000000000000000000000000000000000000000000000000000000000000000000000000000000000000000000000000000000000000000000000000000000000000000000000000000000000000000000000000000000000000000000000000000000000000000000000000000000000000000000000000000000000000000000000000000000000000000000000000000000000000000000000000000000000000000000000000000000000000000000000000000000000000000000000000000000000000000]
select_ln14           (select           ) [ 00000000000000000000000000000000000000000000000000000000000000000000000000000000000000000000000000000000000000000000000000000000000000000000000000000000000000000000000000000000000000000000000000000000000000000000000000000000000000000000000000000000000000000000000000000000000000000000000000000000000000000000000000000000000000000000000000000000000000000000000000000000000000000000000000000000000000000000000000000000000000000000000000000000000000000000000000000000000000000000000000000000]
add_ln14_1            (add              ) [ 00000000000000000000000000000000000000000000000000000000000000000000000000000000000000000000000000000000000000000000000000000000000000000000000000000000000000000000000000000000000000000000000000000000000000000000000000000000000000000000000000000000000000000000000000000000000000000000000000000000000000000000000000000000000000000000000000000000000000000000000000000000000000000000000000000000000000000000000000000000000000000000000000000000000000000000000000000000000000000000000000000000]
select_ln14_1         (select           ) [ 01111111111111111111111111111111111111111111111111111111111111111111111111111111111111111111111111111111111111111111111111111111111111111111111111111111111111111111111111111111111111111111111111111111111111111111111111111111111111111111111111111111111111111111111111111111111111111111111111111111111111111111111111111111111111111111111111111111111111111111111111111111111111111111111111111111111111111111111111111111111111111111111111111111111111111111111111111111111111111111111111111110]
trunc_ln14            (trunc            ) [ 00111000000000000000000000000000000000000000000000000000000000000000000000000000000000000000000000000000000000000000000000000000000000000000000000000000000000000000000000000000000000000000000000000000000000000000000000000000000000000000000000000000000000000000000000000000000000000000000000000000000000000000000000000000000000000000000000000000000000000000000000000000000000000000000000000000000000000000000000000000000000000000000000000000000000000000000000000000000000000000000000000000]
empty_19              (trunc            ) [ 00111100000000000000000000000000000000000000000000000000000000000000000000000000000000000000000000000000000000000000000000000000000000000000000000000000000000000000000000000000000000000000000000000000000000000000000000000000000000000000000000000000000000000000000000000000000000000000000000000000000000000000000000000000000000000000000000000000000000000000000000000000000000000000000000000000000000000000000000000000000000000000000000000000000000000000000000000000000000000000000000000000]
rbegin_i              (specregionbegin  ) [ 00111111111111111111111111111111111111111111111111111111111111111111111111111111111111111111111111111111111111111111111111111111111111111111111111111111111111111111111111111111111111111111111111111111111111111111111111111111111111111111111111111111111111111111111111111111111111111111111111111111111111111111111111111111111111111111111111111111111111111111111111111111111111111111111111111111111111111111111111111111111111111111111111111111111111111111111111111111111111111111111111111110]
B_read                (read             ) [ 00111100000000000000000000000000000000000000000000000000000000000000000000000000000000000000000000000000000000000000000000000000000000000000000000000000000000000000000000000000000000000000000000000000000000000000000000000000000000000000000000000000000000000000000000000000000000000000000000000000000000000000000000000000000000000000000000000000000000000000000000000000000000000000000000000000000000000000000000000000000000000000000000000000000000000000000000000000000000000000000000000000]
speclatency_ln20      (speclatency      ) [ 00000000000000000000000000000000000000000000000000000000000000000000000000000000000000000000000000000000000000000000000000000000000000000000000000000000000000000000000000000000000000000000000000000000000000000000000000000000000000000000000000000000000000000000000000000000000000000000000000000000000000000000000000000000000000000000000000000000000000000000000000000000000000000000000000000000000000000000000000000000000000000000000000000000000000000000000000000000000000000000000000000000]
add_ln15              (add              ) [ 01111111111111111111111111111111111111111111111111111111111111111111111111111111111111111111111111111111111111111111111111111111111111111111111111111111111111111111111111111111111111111111111111111111111111111111111111111111111111111111111111111111111111111111111111111111111111111111111111111111111111111111111111111111111111111111111111111111111111111111111111111111111111111111111111111111111111111111111111111111111111111111111111111111111111111111111111111111111111111111111111111110]
mul_ln14              (mul              ) [ 00100100000000000000000000000000000000000000000000000000000000000000000000000000000000000000000000000000000000000000000000000000000000000000000000000000000000000000000000000000000000000000000000000000000000000000000000000000000000000000000000000000000000000000000000000000000000000000000000000000000000000000000000000000000000000000000000000000000000000000000000000000000000000000000000000000000000000000000000000000000000000000000000000000000000000000000000000000000000000000000000000000]
add_ln19              (add              ) [ 00000000000000000000000000000000000000000000000000000000000000000000000000000000000000000000000000000000000000000000000000000000000000000000000000000000000000000000000000000000000000000000000000000000000000000000000000000000000000000000000000000000000000000000000000000000000000000000000000000000000000000000000000000000000000000000000000000000000000000000000000000000000000000000000000000000000000000000000000000000000000000000000000000000000000000000000000000000000000000000000000000000]
zext_ln19             (zext             ) [ 00000000000000000000000000000000000000000000000000000000000000000000000000000000000000000000000000000000000000000000000000000000000000000000000000000000000000000000000000000000000000000000000000000000000000000000000000000000000000000000000000000000000000000000000000000000000000000000000000000000000000000000000000000000000000000000000000000000000000000000000000000000000000000000000000000000000000000000000000000000000000000000000000000000000000000000000000000000000000000000000000000000]
b_buf_addr            (getelementptr    ) [ 00000000000000000000000000000000000000000000000000000000000000000000000000000000000000000000000000000000000000000000000000000000000000000000000000000000000000000000000000000000000000000000000000000000000000000000000000000000000000000000000000000000000000000000000000000000000000000000000000000000000000000000000000000000000000000000000000000000000000000000000000000000000000000000000000000000000000000000000000000000000000000000000000000000000000000000000000000000000000000000000000000000]
store_ln19            (store            ) [ 00000000000000000000000000000000000000000000000000000000000000000000000000000000000000000000000000000000000000000000000000000000000000000000000000000000000000000000000000000000000000000000000000000000000000000000000000000000000000000000000000000000000000000000000000000000000000000000000000000000000000000000000000000000000000000000000000000000000000000000000000000000000000000000000000000000000000000000000000000000000000000000000000000000000000000000000000000000000000000000000000000000]
specloopname_ln0      (specloopname     ) [ 00000000000000000000000000000000000000000000000000000000000000000000000000000000000000000000000000000000000000000000000000000000000000000000000000000000000000000000000000000000000000000000000000000000000000000000000000000000000000000000000000000000000000000000000000000000000000000000000000000000000000000000000000000000000000000000000000000000000000000000000000000000000000000000000000000000000000000000000000000000000000000000000000000000000000000000000000000000000000000000000000000000]
specpipeline_ln0      (specpipeline     ) [ 00000000000000000000000000000000000000000000000000000000000000000000000000000000000000000000000000000000000000000000000000000000000000000000000000000000000000000000000000000000000000000000000000000000000000000000000000000000000000000000000000000000000000000000000000000000000000000000000000000000000000000000000000000000000000000000000000000000000000000000000000000000000000000000000000000000000000000000000000000000000000000000000000000000000000000000000000000000000000000000000000000000]
specloopname_ln15     (specloopname     ) [ 00000000000000000000000000000000000000000000000000000000000000000000000000000000000000000000000000000000000000000000000000000000000000000000000000000000000000000000000000000000000000000000000000000000000000000000000000000000000000000000000000000000000000000000000000000000000000000000000000000000000000000000000000000000000000000000000000000000000000000000000000000000000000000000000000000000000000000000000000000000000000000000000000000000000000000000000000000000000000000000000000000000]
rend_i                (specregionend    ) [ 00000000000000000000000000000000000000000000000000000000000000000000000000000000000000000000000000000000000000000000000000000000000000000000000000000000000000000000000000000000000000000000000000000000000000000000000000000000000000000000000000000000000000000000000000000000000000000000000000000000000000000000000000000000000000000000000000000000000000000000000000000000000000000000000000000000000000000000000000000000000000000000000000000000000000000000000000000000000000000000000000000000]
br_ln0                (br               ) [ 01111111111111111111111111111111111111111111111111111111111111111111111111111111111111111111111111111111111111111111111111111111111111111111111111111111111111111111111111111111111111111111111111111111111111111111111111111111111111111111111111111111111111111111111111111111111111111111111111111111111111111111111111111111111111111111111111111111111111111111111111111111111111111111111111111111111111111111111111111111111111111111111111111111111111111111111111111111111111111111111111111110]
ret_ln71              (ret              ) [ 00000000000000000000000000000000000000000000000000000000000000000000000000000000000000000000000000000000000000000000000000000000000000000000000000000000000000000000000000000000000000000000000000000000000000000000000000000000000000000000000000000000000000000000000000000000000000000000000000000000000000000000000000000000000000000000000000000000000000000000000000000000000000000000000000000000000000000000000000000000000000000000000000000000000000000000000000000000000000000000000000000000]
</LifeTime>

<model>

<comp_list>
<comp id="0" class="1000" name="B">
<pin_list>
<pin id="1" dir="1" index="0" bw="1" slack="0"/>
</pin_list>
<bind>
<StgValue><ssdm name="B"/></StgValue>
</bind>
</comp>

<comp id="2" class="1000" name="b_buf">
<pin_list>
<pin id="3" dir="1" index="0" bw="1" slack="0"/>
</pin_list>
<bind>
<StgValue><ssdm name="b_buf"/><MemPortTyVec>0 3 </MemPortTyVec>
</StgValue>
</bind>
</comp>

<comp id="4" class="1000" name="tilenuma">
<pin_list>
<pin id="5" dir="1" index="0" bw="1" slack="0"/>
</pin_list>
<bind>
<StgValue><ssdm name="tilenuma"/></StgValue>
</bind>
</comp>

<comp id="6" class="1000" name="tilenumc">
<pin_list>
<pin id="7" dir="1" index="0" bw="1" slack="0"/>
</pin_list>
<bind>
<StgValue><ssdm name="tilenumc"/></StgValue>
</bind>
</comp>

<comp id="8" class="1001" name="const_8">
<pin_list>
<pin id="9" dir="1" index="0" bw="1" slack="2147483647"/>
</pin_list>
<bind>
<StgValue><ssdm name="_ssdm_op_SpecInterface"/></StgValue>
</bind>
</comp>

<comp id="10" class="1001" name="const_10">
<pin_list>
<pin id="11" dir="1" index="0" bw="1" slack="2147483647"/>
</pin_list>
<bind>
<StgValue><ssdm name="ap_fifo_str"/></StgValue>
</bind>
</comp>

<comp id="12" class="1001" name="const_12">
<pin_list>
<pin id="13" dir="1" index="0" bw="1" slack="0"/>
</pin_list>
<bind>
<StgValue><ssdm name=""/></StgValue>
</bind>
</comp>

<comp id="14" class="1001" name="const_14">
<pin_list>
<pin id="15" dir="1" index="0" bw="1" slack="2147483647"/>
</pin_list>
<bind>
<StgValue><ssdm name="p_str"/></StgValue>
</bind>
</comp>

<comp id="16" class="1001" name="const_16">
<pin_list>
<pin id="17" dir="1" index="0" bw="1" slack="2147483647"/>
</pin_list>
<bind>
<StgValue><ssdm name=""/></StgValue>
</bind>
</comp>

<comp id="18" class="1001" name="const_18">
<pin_list>
<pin id="19" dir="1" index="0" bw="1" slack="2147483647"/>
</pin_list>
<bind>
<StgValue><ssdm name=""/></StgValue>
</bind>
</comp>

<comp id="20" class="1001" name="const_20">
<pin_list>
<pin id="21" dir="1" index="0" bw="1" slack="2147483647"/>
</pin_list>
<bind>
<StgValue><ssdm name="ScalarProp_str"/></StgValue>
</bind>
</comp>

<comp id="22" class="1001" name="const_22">
<pin_list>
<pin id="23" dir="1" index="0" bw="1" slack="0"/>
</pin_list>
<bind>
<StgValue><ssdm name="_ssdm_op_Read.ap_fifo.i32P"/></StgValue>
</bind>
</comp>

<comp id="24" class="1001" name="const_24">
<pin_list>
<pin id="25" dir="1" index="0" bw="1" slack="2147483647"/>
</pin_list>
<bind>
<StgValue><ssdm name="_ssdm_op_SpecStableContent"/></StgValue>
</bind>
</comp>

<comp id="26" class="1001" name="const_26">
<pin_list>
<pin id="27" dir="1" index="0" bw="1" slack="2147483647"/>
</pin_list>
<bind>
<StgValue><ssdm name=""/></StgValue>
</bind>
</comp>

<comp id="28" class="1001" name="const_28">
<pin_list>
<pin id="29" dir="1" index="0" bw="1" slack="0"/>
</pin_list>
<bind>
<StgValue><ssdm name=""/></StgValue>
</bind>
</comp>

<comp id="30" class="1001" name="const_30">
<pin_list>
<pin id="31" dir="1" index="0" bw="1" slack="2147483647"/>
</pin_list>
<bind>
<StgValue><ssdm name="_ssdm_op_SpecPipeline"/></StgValue>
</bind>
</comp>

<comp id="32" class="1001" name="const_32">
<pin_list>
<pin id="33" dir="1" index="0" bw="1" slack="2147483647"/>
</pin_list>
<bind>
<StgValue><ssdm name=""/></StgValue>
</bind>
</comp>

<comp id="34" class="1001" name="const_34">
<pin_list>
<pin id="35" dir="1" index="0" bw="1" slack="0"/>
</pin_list>
<bind>
<StgValue><ssdm name=""/></StgValue>
</bind>
</comp>

<comp id="36" class="1001" name="const_36">
<pin_list>
<pin id="37" dir="1" index="0" bw="1" slack="0"/>
</pin_list>
<bind>
<StgValue><ssdm name=""/></StgValue>
</bind>
</comp>

<comp id="38" class="1001" name="const_38">
<pin_list>
<pin id="39" dir="1" index="0" bw="1" slack="2147483647"/>
</pin_list>
<bind>
<StgValue><ssdm name="_ssdm_op_SpecRegionBegin"/></StgValue>
</bind>
</comp>

<comp id="40" class="1001" name="const_40">
<pin_list>
<pin id="41" dir="1" index="0" bw="1" slack="2147483647"/>
</pin_list>
<bind>
<StgValue><ssdm name="empty_9"/></StgValue>
</bind>
</comp>

<comp id="42" class="1001" name="const_42">
<pin_list>
<pin id="43" dir="1" index="0" bw="1" slack="0"/>
</pin_list>
<bind>
<StgValue><ssdm name="_ssdm_op_Read.ap_auto.volatile.i32P"/></StgValue>
</bind>
</comp>

<comp id="44" class="1001" name="const_44">
<pin_list>
<pin id="45" dir="1" index="0" bw="1" slack="2147483647"/>
</pin_list>
<bind>
<StgValue><ssdm name="_ssdm_op_SpecLatency"/></StgValue>
</bind>
</comp>

<comp id="46" class="1001" name="const_46">
<pin_list>
<pin id="47" dir="1" index="0" bw="1" slack="2147483647"/>
</pin_list>
<bind>
<StgValue><ssdm name=""/></StgValue>
</bind>
</comp>

<comp id="48" class="1001" name="const_48">
<pin_list>
<pin id="49" dir="1" index="0" bw="1" slack="2147483647"/>
</pin_list>
<bind>
<StgValue><ssdm name="empty_8"/></StgValue>
</bind>
</comp>

<comp id="50" class="1001" name="const_50">
<pin_list>
<pin id="51" dir="1" index="0" bw="1" slack="2147483647"/>
</pin_list>
<bind>
<StgValue><ssdm name="_ssdm_op_SpecLoopName"/></StgValue>
</bind>
</comp>

<comp id="52" class="1001" name="const_52">
<pin_list>
<pin id="53" dir="1" index="0" bw="1" slack="2147483647"/>
</pin_list>
<bind>
<StgValue><ssdm name="VITIS_LOOP_14_1_VITIS_LOOP_15_2_str"/></StgValue>
</bind>
</comp>

<comp id="54" class="1001" name="const_54">
<pin_list>
<pin id="55" dir="1" index="0" bw="1" slack="2147483647"/>
</pin_list>
<bind>
<StgValue><ssdm name="empty_10"/></StgValue>
</bind>
</comp>

<comp id="56" class="1001" name="const_56">
<pin_list>
<pin id="57" dir="1" index="0" bw="1" slack="2147483647"/>
</pin_list>
<bind>
<StgValue><ssdm name="_ssdm_op_SpecRegionEnd"/></StgValue>
</bind>
</comp>

<comp id="58" class="1004" name="tilenuma_read_read_fu_58">
<pin_list>
<pin id="59" dir="0" index="0" bw="32" slack="0"/>
<pin id="60" dir="0" index="1" bw="32" slack="0"/>
<pin id="61" dir="1" index="2" bw="32" slack="0"/>
</pin_list>
<bind>
<opcode="read(1150) " fcode="read"/>
<opset="tilenuma_read/1 "/>
</bind>
</comp>

<comp id="64" class="1004" name="tilenumc_read_read_fu_64">
<pin_list>
<pin id="65" dir="0" index="0" bw="32" slack="0"/>
<pin id="66" dir="0" index="1" bw="32" slack="0"/>
<pin id="67" dir="1" index="2" bw="32" slack="0"/>
</pin_list>
<bind>
<opcode="read(1150) " fcode="read"/>
<opset="tilenumc_read/1 "/>
</bind>
</comp>

<comp id="70" class="1004" name="B_read_read_fu_70">
<pin_list>
<pin id="71" dir="0" index="0" bw="32" slack="0"/>
<pin id="72" dir="0" index="1" bw="32" slack="0"/>
<pin id="73" dir="1" index="2" bw="32" slack="3"/>
</pin_list>
<bind>
<opcode="read(1150) " fcode="read"/>
<opset="B_read/2 "/>
</bind>
</comp>

<comp id="76" class="1004" name="b_buf_addr_gep_fu_76">
<pin_list>
<pin id="77" dir="0" index="0" bw="32" slack="0"/>
<pin id="78" dir="0" index="1" bw="1" slack="0"/>
<pin id="79" dir="0" index="2" bw="7" slack="0"/>
<pin id="80" dir="1" index="3" bw="7" slack="0"/>
</pin_list>
<bind>
<opcode="getelementptr(29) " fcode="getelementptr"/>
<opset="b_buf_addr/5 "/>
</bind>
</comp>

<comp id="83" class="1004" name="store_ln19_access_fu_83">
<pin_list>
<pin id="84" dir="0" index="0" bw="7" slack="0"/>
<pin id="85" dir="0" index="1" bw="32" slack="3"/>
<pin id="86" dir="0" index="2" bw="0" slack="2147483647"/>
<pin id="87" dir="1" index="3" bw="32" slack="2147483647"/>
</pin_list>
<bind>
<opcode="store(28) " fcode="store"/>
<opset="store_ln19/5 "/>
</bind>
</comp>

<comp id="89" class="1005" name="indvar_flatten_reg_89">
<pin_list>
<pin id="90" dir="0" index="0" bw="64" slack="1"/>
<pin id="91" dir="1" index="1" bw="64" slack="1"/>
</pin_list>
<bind>
<opset="indvar_flatten (phireg) "/>
</bind>
</comp>

<comp id="93" class="1004" name="indvar_flatten_phi_fu_93">
<pin_list>
<pin id="94" dir="0" index="0" bw="1" slack="1"/>
<pin id="95" dir="0" index="1" bw="0" slack="2147483647"/>
<pin id="96" dir="0" index="2" bw="64" slack="0"/>
<pin id="97" dir="0" index="3" bw="0" slack="2147483647"/>
<pin id="98" dir="1" index="4" bw="64" slack="0"/>
</pin_list>
<bind>
<opcode="phi(47) " fcode="phi"/>
<opset="indvar_flatten/2 "/>
</bind>
</comp>

<comp id="100" class="1005" name="i_reg_100">
<pin_list>
<pin id="101" dir="0" index="0" bw="32" slack="1"/>
<pin id="102" dir="1" index="1" bw="32" slack="1"/>
</pin_list>
<bind>
<opset="i (phireg) "/>
</bind>
</comp>

<comp id="104" class="1004" name="i_phi_fu_104">
<pin_list>
<pin id="105" dir="0" index="0" bw="1" slack="1"/>
<pin id="106" dir="0" index="1" bw="0" slack="2147483647"/>
<pin id="107" dir="0" index="2" bw="32" slack="0"/>
<pin id="108" dir="0" index="3" bw="0" slack="2147483647"/>
<pin id="109" dir="1" index="4" bw="32" slack="0"/>
</pin_list>
<bind>
<opcode="phi(47) " fcode="phi"/>
<opset="i/2 "/>
</bind>
</comp>

<comp id="111" class="1005" name="j_reg_111">
<pin_list>
<pin id="112" dir="0" index="0" bw="32" slack="1"/>
<pin id="113" dir="1" index="1" bw="32" slack="1"/>
</pin_list>
<bind>
<opset="j (phireg) "/>
</bind>
</comp>

<comp id="115" class="1004" name="j_phi_fu_115">
<pin_list>
<pin id="116" dir="0" index="0" bw="1" slack="1"/>
<pin id="117" dir="0" index="1" bw="0" slack="2147483647"/>
<pin id="118" dir="0" index="2" bw="32" slack="0"/>
<pin id="119" dir="0" index="3" bw="0" slack="2147483647"/>
<pin id="120" dir="1" index="4" bw="32" slack="0"/>
</pin_list>
<bind>
<opcode="phi(47) " fcode="phi"/>
<opset="j/2 "/>
</bind>
</comp>

<comp id="122" class="1004" name="empty_fu_122">
<pin_list>
<pin id="123" dir="0" index="0" bw="32" slack="0"/>
<pin id="124" dir="1" index="1" bw="7" slack="1"/>
</pin_list>
<bind>
<opcode="trunc(33) " fcode="trunc"/>
<opset="empty/1 "/>
</bind>
</comp>

<comp id="126" class="1004" name="cast_fu_126">
<pin_list>
<pin id="127" dir="0" index="0" bw="32" slack="0"/>
<pin id="128" dir="1" index="1" bw="64" slack="0"/>
</pin_list>
<bind>
<opcode="zext(34) " fcode="zext"/>
<opset="cast/1 "/>
</bind>
</comp>

<comp id="130" class="1004" name="cast1_fu_130">
<pin_list>
<pin id="131" dir="0" index="0" bw="32" slack="0"/>
<pin id="132" dir="1" index="1" bw="64" slack="0"/>
</pin_list>
<bind>
<opcode="zext(34) " fcode="zext"/>
<opset="cast1/1 "/>
</bind>
</comp>

<comp id="134" class="1004" name="bound_fu_134">
<pin_list>
<pin id="135" dir="0" index="0" bw="32" slack="0"/>
<pin id="136" dir="0" index="1" bw="32" slack="0"/>
<pin id="137" dir="1" index="2" bw="64" slack="1"/>
</pin_list>
<bind>
<opcode="mul(12) " fcode="mul"/>
<opset="bound/1 "/>
</bind>
</comp>

<comp id="140" class="1004" name="icmp_ln14_fu_140">
<pin_list>
<pin id="141" dir="0" index="0" bw="64" slack="0"/>
<pin id="142" dir="0" index="1" bw="64" slack="1"/>
<pin id="143" dir="1" index="2" bw="1" slack="1"/>
</pin_list>
<bind>
<opcode="icmp(45) " fcode="icmp"/>
<opset="icmp_ln14/2 "/>
</bind>
</comp>

<comp id="145" class="1004" name="add_ln14_fu_145">
<pin_list>
<pin id="146" dir="0" index="0" bw="64" slack="0"/>
<pin id="147" dir="0" index="1" bw="1" slack="0"/>
<pin id="148" dir="1" index="2" bw="64" slack="0"/>
</pin_list>
<bind>
<opcode="add(8) " fcode="add"/>
<opset="add_ln14/2 "/>
</bind>
</comp>

<comp id="151" class="1004" name="icmp_ln15_fu_151">
<pin_list>
<pin id="152" dir="0" index="0" bw="32" slack="0"/>
<pin id="153" dir="0" index="1" bw="32" slack="1"/>
<pin id="154" dir="1" index="2" bw="1" slack="0"/>
</pin_list>
<bind>
<opcode="icmp(45) " fcode="icmp"/>
<opset="icmp_ln15/2 "/>
</bind>
</comp>

<comp id="156" class="1004" name="select_ln14_fu_156">
<pin_list>
<pin id="157" dir="0" index="0" bw="1" slack="0"/>
<pin id="158" dir="0" index="1" bw="1" slack="0"/>
<pin id="159" dir="0" index="2" bw="32" slack="0"/>
<pin id="160" dir="1" index="3" bw="32" slack="0"/>
</pin_list>
<bind>
<opcode="select(49) " fcode="select"/>
<opset="select_ln14/2 "/>
</bind>
</comp>

<comp id="164" class="1004" name="add_ln14_1_fu_164">
<pin_list>
<pin id="165" dir="0" index="0" bw="1" slack="0"/>
<pin id="166" dir="0" index="1" bw="32" slack="0"/>
<pin id="167" dir="1" index="2" bw="32" slack="0"/>
</pin_list>
<bind>
<opcode="add(8) " fcode="add"/>
<opset="add_ln14_1/2 "/>
</bind>
</comp>

<comp id="170" class="1004" name="select_ln14_1_fu_170">
<pin_list>
<pin id="171" dir="0" index="0" bw="1" slack="0"/>
<pin id="172" dir="0" index="1" bw="32" slack="0"/>
<pin id="173" dir="0" index="2" bw="32" slack="0"/>
<pin id="174" dir="1" index="3" bw="32" slack="0"/>
</pin_list>
<bind>
<opcode="select(49) " fcode="select"/>
<opset="select_ln14_1/2 "/>
</bind>
</comp>

<comp id="178" class="1004" name="trunc_ln14_fu_178">
<pin_list>
<pin id="179" dir="0" index="0" bw="32" slack="0"/>
<pin id="180" dir="1" index="1" bw="7" slack="0"/>
</pin_list>
<bind>
<opcode="trunc(33) " fcode="trunc"/>
<opset="trunc_ln14/2 "/>
</bind>
</comp>

<comp id="182" class="1004" name="empty_19_fu_182">
<pin_list>
<pin id="183" dir="0" index="0" bw="32" slack="0"/>
<pin id="184" dir="1" index="1" bw="7" slack="2"/>
</pin_list>
<bind>
<opcode="trunc(33) " fcode="trunc"/>
<opset="empty_19/2 "/>
</bind>
</comp>

<comp id="186" class="1004" name="add_ln15_fu_186">
<pin_list>
<pin id="187" dir="0" index="0" bw="1" slack="0"/>
<pin id="188" dir="0" index="1" bw="32" slack="0"/>
<pin id="189" dir="1" index="2" bw="32" slack="0"/>
</pin_list>
<bind>
<opcode="add(8) " fcode="add"/>
<opset="add_ln15/2 "/>
</bind>
</comp>

<comp id="192" class="1004" name="zext_ln19_fu_192">
<pin_list>
<pin id="193" dir="0" index="0" bw="7" slack="0"/>
<pin id="194" dir="1" index="1" bw="64" slack="0"/>
</pin_list>
<bind>
<opcode="zext(34) " fcode="zext"/>
<opset="zext_ln19/5 "/>
</bind>
</comp>

<comp id="196" class="1007" name="grp_fu_196">
<pin_list>
<pin id="197" dir="0" index="0" bw="7" slack="0"/>
<pin id="198" dir="0" index="1" bw="7" slack="1"/>
<pin id="199" dir="0" index="2" bw="7" slack="2147483647"/>
<pin id="200" dir="1" index="3" bw="7" slack="0"/>
</pin_list>
<bind>
<opcode="muladd(1172) " fcode="muladd"/>
<opset="mul_ln14/2 add_ln19/4 "/>
</bind>
</comp>

<comp id="203" class="1005" name="tilenumc_read_reg_203">
<pin_list>
<pin id="204" dir="0" index="0" bw="32" slack="1"/>
<pin id="205" dir="1" index="1" bw="32" slack="1"/>
</pin_list>
<bind>
<opset="tilenumc_read "/>
</bind>
</comp>

<comp id="208" class="1005" name="empty_reg_208">
<pin_list>
<pin id="209" dir="0" index="0" bw="7" slack="1"/>
<pin id="210" dir="1" index="1" bw="7" slack="1"/>
</pin_list>
<bind>
<opset="empty "/>
</bind>
</comp>

<comp id="213" class="1005" name="bound_reg_213">
<pin_list>
<pin id="214" dir="0" index="0" bw="64" slack="1"/>
<pin id="215" dir="1" index="1" bw="64" slack="1"/>
</pin_list>
<bind>
<opset="bound "/>
</bind>
</comp>

<comp id="218" class="1005" name="icmp_ln14_reg_218">
<pin_list>
<pin id="219" dir="0" index="0" bw="1" slack="1"/>
<pin id="220" dir="1" index="1" bw="1" slack="2147483647"/>
</pin_list>
<bind>
<opset="icmp_ln14 "/>
</bind>
</comp>

<comp id="222" class="1005" name="add_ln14_reg_222">
<pin_list>
<pin id="223" dir="0" index="0" bw="64" slack="0"/>
<pin id="224" dir="1" index="1" bw="64" slack="0"/>
</pin_list>
<bind>
<opset="add_ln14 "/>
</bind>
</comp>

<comp id="227" class="1005" name="select_ln14_1_reg_227">
<pin_list>
<pin id="228" dir="0" index="0" bw="32" slack="0"/>
<pin id="229" dir="1" index="1" bw="32" slack="0"/>
</pin_list>
<bind>
<opset="select_ln14_1 "/>
</bind>
</comp>

<comp id="232" class="1005" name="trunc_ln14_reg_232">
<pin_list>
<pin id="233" dir="0" index="0" bw="7" slack="1"/>
<pin id="234" dir="1" index="1" bw="7" slack="1"/>
</pin_list>
<bind>
<opset="trunc_ln14 "/>
</bind>
</comp>

<comp id="237" class="1005" name="empty_19_reg_237">
<pin_list>
<pin id="238" dir="0" index="0" bw="7" slack="2"/>
<pin id="239" dir="1" index="1" bw="7" slack="2"/>
</pin_list>
<bind>
<opset="empty_19 "/>
</bind>
</comp>

<comp id="242" class="1005" name="B_read_reg_242">
<pin_list>
<pin id="243" dir="0" index="0" bw="32" slack="3"/>
<pin id="244" dir="1" index="1" bw="32" slack="3"/>
</pin_list>
<bind>
<opset="B_read "/>
</bind>
</comp>

<comp id="247" class="1005" name="add_ln15_reg_247">
<pin_list>
<pin id="248" dir="0" index="0" bw="32" slack="0"/>
<pin id="249" dir="1" index="1" bw="32" slack="0"/>
</pin_list>
<bind>
<opset="add_ln15 "/>
</bind>
</comp>

</comp_list>

<net_list>
<net id="62"><net_src comp="22" pin="0"/><net_sink comp="58" pin=0"/></net>

<net id="63"><net_src comp="4" pin="0"/><net_sink comp="58" pin=1"/></net>

<net id="68"><net_src comp="22" pin="0"/><net_sink comp="64" pin=0"/></net>

<net id="69"><net_src comp="6" pin="0"/><net_sink comp="64" pin=1"/></net>

<net id="74"><net_src comp="42" pin="0"/><net_sink comp="70" pin=0"/></net>

<net id="75"><net_src comp="0" pin="0"/><net_sink comp="70" pin=1"/></net>

<net id="81"><net_src comp="2" pin="0"/><net_sink comp="76" pin=0"/></net>

<net id="82"><net_src comp="28" pin="0"/><net_sink comp="76" pin=1"/></net>

<net id="88"><net_src comp="76" pin="3"/><net_sink comp="83" pin=0"/></net>

<net id="92"><net_src comp="28" pin="0"/><net_sink comp="89" pin=0"/></net>

<net id="99"><net_src comp="89" pin="1"/><net_sink comp="93" pin=0"/></net>

<net id="103"><net_src comp="12" pin="0"/><net_sink comp="100" pin=0"/></net>

<net id="110"><net_src comp="100" pin="1"/><net_sink comp="104" pin=0"/></net>

<net id="114"><net_src comp="12" pin="0"/><net_sink comp="111" pin=0"/></net>

<net id="121"><net_src comp="111" pin="1"/><net_sink comp="115" pin=0"/></net>

<net id="125"><net_src comp="64" pin="2"/><net_sink comp="122" pin=0"/></net>

<net id="129"><net_src comp="58" pin="2"/><net_sink comp="126" pin=0"/></net>

<net id="133"><net_src comp="64" pin="2"/><net_sink comp="130" pin=0"/></net>

<net id="138"><net_src comp="130" pin="1"/><net_sink comp="134" pin=0"/></net>

<net id="139"><net_src comp="126" pin="1"/><net_sink comp="134" pin=1"/></net>

<net id="144"><net_src comp="93" pin="4"/><net_sink comp="140" pin=0"/></net>

<net id="149"><net_src comp="93" pin="4"/><net_sink comp="145" pin=0"/></net>

<net id="150"><net_src comp="36" pin="0"/><net_sink comp="145" pin=1"/></net>

<net id="155"><net_src comp="115" pin="4"/><net_sink comp="151" pin=0"/></net>

<net id="161"><net_src comp="151" pin="2"/><net_sink comp="156" pin=0"/></net>

<net id="162"><net_src comp="12" pin="0"/><net_sink comp="156" pin=1"/></net>

<net id="163"><net_src comp="115" pin="4"/><net_sink comp="156" pin=2"/></net>

<net id="168"><net_src comp="34" pin="0"/><net_sink comp="164" pin=0"/></net>

<net id="169"><net_src comp="104" pin="4"/><net_sink comp="164" pin=1"/></net>

<net id="175"><net_src comp="151" pin="2"/><net_sink comp="170" pin=0"/></net>

<net id="176"><net_src comp="164" pin="2"/><net_sink comp="170" pin=1"/></net>

<net id="177"><net_src comp="104" pin="4"/><net_sink comp="170" pin=2"/></net>

<net id="181"><net_src comp="170" pin="3"/><net_sink comp="178" pin=0"/></net>

<net id="185"><net_src comp="156" pin="3"/><net_sink comp="182" pin=0"/></net>

<net id="190"><net_src comp="34" pin="0"/><net_sink comp="186" pin=0"/></net>

<net id="191"><net_src comp="156" pin="3"/><net_sink comp="186" pin=1"/></net>

<net id="195"><net_src comp="192" pin="1"/><net_sink comp="76" pin=2"/></net>

<net id="201"><net_src comp="178" pin="1"/><net_sink comp="196" pin=0"/></net>

<net id="202"><net_src comp="196" pin="3"/><net_sink comp="192" pin=0"/></net>

<net id="206"><net_src comp="64" pin="2"/><net_sink comp="203" pin=0"/></net>

<net id="207"><net_src comp="203" pin="1"/><net_sink comp="151" pin=1"/></net>

<net id="211"><net_src comp="122" pin="1"/><net_sink comp="208" pin=0"/></net>

<net id="212"><net_src comp="208" pin="1"/><net_sink comp="196" pin=1"/></net>

<net id="216"><net_src comp="134" pin="2"/><net_sink comp="213" pin=0"/></net>

<net id="217"><net_src comp="213" pin="1"/><net_sink comp="140" pin=1"/></net>

<net id="221"><net_src comp="140" pin="2"/><net_sink comp="218" pin=0"/></net>

<net id="225"><net_src comp="145" pin="2"/><net_sink comp="222" pin=0"/></net>

<net id="226"><net_src comp="222" pin="1"/><net_sink comp="93" pin=2"/></net>

<net id="230"><net_src comp="170" pin="3"/><net_sink comp="227" pin=0"/></net>

<net id="231"><net_src comp="227" pin="1"/><net_sink comp="104" pin=2"/></net>

<net id="235"><net_src comp="178" pin="1"/><net_sink comp="232" pin=0"/></net>

<net id="236"><net_src comp="232" pin="1"/><net_sink comp="196" pin=0"/></net>

<net id="240"><net_src comp="182" pin="1"/><net_sink comp="237" pin=0"/></net>

<net id="241"><net_src comp="237" pin="1"/><net_sink comp="196" pin=0"/></net>

<net id="245"><net_src comp="70" pin="2"/><net_sink comp="242" pin=0"/></net>

<net id="246"><net_src comp="242" pin="1"/><net_sink comp="83" pin=1"/></net>

<net id="250"><net_src comp="186" pin="2"/><net_sink comp="247" pin=0"/></net>

<net id="251"><net_src comp="247" pin="1"/><net_sink comp="115" pin=2"/></net>

</net_list>

</model> 
---------------- Datapath Model END ------------------

* FSMD analyzer results:
  - Output states:
	Port: b_buf | {5 }
 - Input state : 
	Port: load_b : B | {2 }
	Port: load_b : tilenuma | {1 }
	Port: load_b : tilenumc | {1 }
  - Chain level:
	State 1
		bound : 1
	State 2
		icmp_ln14 : 1
		add_ln14 : 1
		br_ln14 : 2
		icmp_ln15 : 1
		select_ln14 : 2
		add_ln14_1 : 1
		select_ln14_1 : 2
		trunc_ln14 : 3
		mul_ln14 : 4
		empty_19 : 3
		add_ln15 : 3
	State 3
	State 4
		add_ln19 : 1
	State 5
		zext_ln19 : 1
		b_buf_addr : 2
		store_ln19 : 3
	State 6
	State 7
	State 8
	State 9
	State 10
	State 11
	State 12
	State 13
	State 14
	State 15
	State 16
	State 17
	State 18
	State 19
	State 20
	State 21
	State 22
	State 23
	State 24
	State 25
	State 26
	State 27
	State 28
	State 29
	State 30
	State 31
	State 32
	State 33
	State 34
	State 35
	State 36
	State 37
	State 38
	State 39
	State 40
	State 41
	State 42
	State 43
	State 44
	State 45
	State 46
	State 47
	State 48
	State 49
	State 50
	State 51
	State 52
	State 53
	State 54
	State 55
	State 56
	State 57
	State 58
	State 59
	State 60
	State 61
	State 62
	State 63
	State 64
	State 65
	State 66
	State 67
	State 68
	State 69
	State 70
	State 71
	State 72
	State 73
	State 74
	State 75
	State 76
	State 77
	State 78
	State 79
	State 80
	State 81
	State 82
	State 83
	State 84
	State 85
	State 86
	State 87
	State 88
	State 89
	State 90
	State 91
	State 92
	State 93
	State 94
	State 95
	State 96
	State 97
	State 98
	State 99
	State 100
	State 101
	State 102
	State 103
	State 104
	State 105
	State 106
	State 107
	State 108
	State 109
	State 110
	State 111
	State 112
	State 113
	State 114
	State 115
	State 116
	State 117
	State 118
	State 119
	State 120
	State 121
	State 122
	State 123
	State 124
	State 125
	State 126
	State 127
	State 128
	State 129
	State 130
	State 131
	State 132
	State 133
	State 134
	State 135
	State 136
	State 137
	State 138
	State 139
	State 140
	State 141
	State 142
	State 143
	State 144
	State 145
	State 146
	State 147
	State 148
	State 149
	State 150
	State 151
	State 152
	State 153
	State 154
	State 155
	State 156
	State 157
	State 158
	State 159
	State 160
	State 161
	State 162
	State 163
	State 164
	State 165
	State 166
	State 167
	State 168
	State 169
	State 170
	State 171
	State 172
	State 173
	State 174
	State 175
	State 176
	State 177
	State 178
	State 179
	State 180
	State 181
	State 182
	State 183
	State 184
	State 185
	State 186
	State 187
	State 188
	State 189
	State 190
	State 191
	State 192
	State 193
	State 194
	State 195
	State 196
	State 197
	State 198
	State 199
	State 200
	State 201
	State 202
	State 203
	State 204
	State 205
	State 206
	State 207
	State 208
	State 209
	State 210
	State 211
	State 212
	State 213
	State 214
	State 215
	State 216
	State 217
	State 218
	State 219
	State 220
	State 221
	State 222
	State 223
	State 224
	State 225
	State 226
	State 227
	State 228
	State 229
	State 230
	State 231
	State 232
	State 233
	State 234
	State 235
	State 236
	State 237
	State 238
	State 239
	State 240
	State 241
	State 242
	State 243
	State 244
	State 245
	State 246
	State 247
	State 248
	State 249
	State 250
	State 251
	State 252
	State 253
	State 254
	State 255
	State 256
	State 257
	State 258
	State 259
	State 260
	State 261
	State 262
	State 263
	State 264
	State 265
	State 266
	State 267
	State 268
	State 269
	State 270
	State 271
	State 272
	State 273
	State 274
	State 275
	State 276
	State 277
	State 278
	State 279
	State 280
	State 281
	State 282
	State 283
	State 284
	State 285
	State 286
	State 287
	State 288
	State 289
	State 290
	State 291
	State 292
	State 293
	State 294
	State 295
	State 296
	State 297
	State 298
	State 299
	State 300
	State 301
	State 302
	State 303
	State 304
	State 305
	State 306
	State 307
	State 308
	State 309
	State 310
	State 311
	State 312
	State 313
	State 314
	State 315
	State 316
	State 317
	State 318
	State 319
	State 320
	State 321
	State 322
	State 323
	State 324
	State 325
	State 326
	State 327
	State 328
	State 329
	State 330
	State 331
	State 332
	State 333
	State 334
	State 335
	State 336
	State 337
	State 338
	State 339
	State 340
	State 341
	State 342
	State 343
	State 344
	State 345
	State 346
	State 347
	State 348
	State 349
	State 350
	State 351
	State 352
	State 353
	State 354
	State 355
	State 356
	State 357
	State 358
	State 359
	State 360
	State 361
	State 362
	State 363
	State 364
	State 365
	State 366
	State 367
	State 368
	State 369
	State 370
	State 371
	State 372
	State 373
	State 374
	State 375
	State 376
	State 377
	State 378
	State 379
	State 380
	State 381
	State 382
	State 383
	State 384
	State 385
	State 386
	State 387
	State 388
	State 389
	State 390
	State 391
	State 392
	State 393
	State 394
	State 395
	State 396
	State 397
	State 398
	State 399
	State 400
	State 401
	State 402
	State 403
	State 404
	State 405
	State 406
	State 407
	State 408
	State 409
	State 410
	State 411
	State 412
	State 413
	State 414
	State 415
	State 416
	State 417
	State 418
	State 419
	State 420
	State 421
	State 422
	State 423
	State 424
	State 425
	State 426
	State 427
	State 428
	State 429
	State 430
	State 431
	State 432
	State 433
	State 434
	State 435
	State 436
	State 437
	State 438
	State 439
	State 440
	State 441
	State 442
	State 443
	State 444
	State 445
	State 446
	State 447
	State 448
	State 449
	State 450
	State 451
	State 452
	State 453
	State 454
	State 455
	State 456
	State 457
	State 458
	State 459
	State 460
	State 461
	State 462
	State 463
	State 464
	State 465
	State 466
	State 467
	State 468
	State 469
	State 470
	State 471
	State 472
	State 473
	State 474
	State 475
	State 476
	State 477
	State 478
	State 479
	State 480
	State 481
	State 482
	State 483
	State 484
	State 485
	State 486
	State 487


============================================================
+ Verbose Summary: Datapath Resource usage 
============================================================

* Functional unit list:
|----------|--------------------------|---------|---------|---------|
| Operation|      Functional Unit     |   DSP   |    FF   |   LUT   |
|----------|--------------------------|---------|---------|---------|
|          |      add_ln14_fu_145     |    0    |    0    |    71   |
|    add   |     add_ln14_1_fu_164    |    0    |    0    |    39   |
|          |      add_ln15_fu_186     |    0    |    0    |    39   |
|----------|--------------------------|---------|---------|---------|
|  select  |    select_ln14_fu_156    |    0    |    0    |    32   |
|          |   select_ln14_1_fu_170   |    0    |    0    |    32   |
|----------|--------------------------|---------|---------|---------|
|   icmp   |     icmp_ln14_fu_140     |    0    |    0    |    29   |
|          |     icmp_ln15_fu_151     |    0    |    0    |    20   |
|----------|--------------------------|---------|---------|---------|
|    mul   |       bound_fu_134       |    4    |    0    |    20   |
|----------|--------------------------|---------|---------|---------|
|  muladd  |        grp_fu_196        |    1    |    0    |    0    |
|----------|--------------------------|---------|---------|---------|
|          | tilenuma_read_read_fu_58 |    0    |    0    |    0    |
|   read   | tilenumc_read_read_fu_64 |    0    |    0    |    0    |
|          |     B_read_read_fu_70    |    0    |    0    |    0    |
|----------|--------------------------|---------|---------|---------|
|          |       empty_fu_122       |    0    |    0    |    0    |
|   trunc  |     trunc_ln14_fu_178    |    0    |    0    |    0    |
|          |      empty_19_fu_182     |    0    |    0    |    0    |
|----------|--------------------------|---------|---------|---------|
|          |        cast_fu_126       |    0    |    0    |    0    |
|   zext   |       cast1_fu_130       |    0    |    0    |    0    |
|          |     zext_ln19_fu_192     |    0    |    0    |    0    |
|----------|--------------------------|---------|---------|---------|
|   Total  |                          |    5    |    0    |   282   |
|----------|--------------------------|---------|---------|---------|

Memories:
N/A

* Register list:
+---------------------+--------+
|                     |   FF   |
+---------------------+--------+
|    B_read_reg_242   |   32   |
|   add_ln14_reg_222  |   64   |
|   add_ln15_reg_247  |   32   |
|    bound_reg_213    |   64   |
|   empty_19_reg_237  |    7   |
|    empty_reg_208    |    7   |
|      i_reg_100      |   32   |
|  icmp_ln14_reg_218  |    1   |
|indvar_flatten_reg_89|   64   |
|      j_reg_111      |   32   |
|select_ln14_1_reg_227|   32   |
|tilenumc_read_reg_203|   32   |
|  trunc_ln14_reg_232 |    7   |
+---------------------+--------+
|        Total        |   406  |
+---------------------+--------+

* Multiplexer (MUX) list: 
|------------|------|------|------|--------||---------||---------|
|    Comp    |  Pin | Size |  BW  | S x BW ||  Delay  ||   LUT   |
|------------|------|------|------|--------||---------||---------|
| grp_fu_196 |  p0  |   3  |   7  |   21   ||    15   |
|------------|------|------|------|--------||---------||---------|
|    Total   |      |      |      |   21   || 0.61725 ||    15   |
|------------|------|------|------|--------||---------||---------|



* Summary:
+-----------+--------+--------+--------+--------+
|           |   DSP  |  Delay |   FF   |   LUT  |
+-----------+--------+--------+--------+--------+
|  Function |    5   |    -   |    0   |   282  |
|   Memory  |    -   |    -   |    -   |    -   |
|Multiplexer|    -   |    0   |    -   |   15   |
|  Register |    -   |    -   |   406  |    -   |
+-----------+--------+--------+--------+--------+
|   Total   |    5   |    0   |   406  |   297  |
+-----------+--------+--------+--------+--------+
