

================================================================
== Vitis HLS Report for 'region_before'
================================================================
* Date:           Thu Jul 21 11:39:48 2022

* Version:        2020.1 (Build 2902540 on Wed May 27 20:16:15 MDT 2020)
* Project:        reuse_test
* Solution:       solution1 (Vivado IP Flow Target)
* Product family: virtexuplus
* Target device:  xcu200-fsgd2104-2-e


================================================================
== Performance Estimates
================================================================
+ Timing: 
    * Summary: 
    +--------+----------+----------+------------+
    |  Clock |  Target  | Estimated| Uncertainty|
    +--------+----------+----------+------------+
    |ap_clk  | 10.00 ns | 6.366 ns |   2.70 ns  |
    +--------+----------+----------+------------+

+ Latency: 
    * Summary: 
    +---------+---------+----------+----------+-----+-----+---------+
    |  Latency (cycles) |  Latency (absolute) |  Interval | Pipeline|
    |   min   |   max   |    min   |    max   | min | max |   Type  |
    +---------+---------+----------+----------+-----+-----+---------+
    |        ?|        ?|         ?|         ?|    ?|    ?|   none  |
    +---------+---------+----------+----------+-----+-----+---------+

    + Detail: 
        * Instance: 
        N/A

        * Loop: 
        +-------------------+---------+---------+----------+-----------+-----------+------+----------+
        |                   |  Latency (cycles) | Iteration|  Initiation Interval  | Trip |          |
        |     Loop Name     |   min   |   max   |  Latency |  achieved |   target  | Count| Pipelined|
        +-------------------+---------+---------+----------+-----------+-----------+------+----------+
        |- VITIS_LOOP_63_1  |        ?|        ?|         ?|          -|          -|     ?|    no    |
        +-------------------+---------+---------+----------+-----------+-----------+------+----------+

============================================================
+ Verbose Summary: Synthesis Manager
============================================================
InlineROM: 1
ExposeGlobal: 0
============================================================
+ Verbose Summary: CDFG Model
============================================================
IsTopModel: 1
ResetActiveHigh: 1
IsCombinational: 2
IsDatapathOnly: 0
HasWiredReturn: 1
HasMFsm: 0
HasVarLatency: 1
IsPipeline: 0
IsRtlPipelined: 0
IsInstanceOverlapped: 0
IsDontTouch: 0
HasImplIP: 0
IsGatedGlobalClock: 0


============================================================
+ Verbose Summary: Schedule
============================================================
* Number of FSM states : 3
* Pipeline : 0
* Dataflow Pipeline: 1
  DF-Pipeline-0: Size = 2, States = { 2 3 }

* FSM state transitions: 
1 --> 2 
2 --> 3 
3 --> 2 

* FSM state operations: 

State 1 <SV = 0> <Delay = 0.60>
ST_1 : Operation 4 [1/1] (0.00ns)   --->   "%spectopmodule_ln0 = spectopmodule void @_ssdm_op_SpecTopModule, void @empty_3"   --->   Operation 4 'spectopmodule' 'spectopmodule_ln0' <Predicate = true> <Delay = 0.00>
ST_1 : Operation 5 [1/1] (0.00ns)   --->   "%specbitsmap_ln0 = specbitsmap void @_ssdm_op_SpecBitsMap, i32 %A"   --->   Operation 5 'specbitsmap' 'specbitsmap_ln0' <Predicate = true> <Delay = 0.00>
ST_1 : Operation 6 [1/1] (0.00ns)   --->   "%specinterface_ln0 = specinterface void @_ssdm_op_SpecInterface, i32 %A, void @empty_11, i32, i32, void @empty_8, i32, i32, void @empty_8, void @empty_8, void @empty_8, i32, i32, i32, i32, void @empty_8, void @empty_8"   --->   Operation 6 'specinterface' 'specinterface_ln0' <Predicate = true> <Delay = 0.00>
ST_1 : Operation 7 [1/1] (0.00ns)   --->   "%specbitsmap_ln0 = specbitsmap void @_ssdm_op_SpecBitsMap, i32 %B"   --->   Operation 7 'specbitsmap' 'specbitsmap_ln0' <Predicate = true> <Delay = 0.00>
ST_1 : Operation 8 [1/1] (0.00ns)   --->   "%specinterface_ln0 = specinterface void @_ssdm_op_SpecInterface, i32 %B, void @empty_11, i32, i32, void @empty_8, i32, i32, void @empty_8, void @empty_8, void @empty_8, i32, i32, i32, i32, void @empty_8, void @empty_8"   --->   Operation 8 'specinterface' 'specinterface_ln0' <Predicate = true> <Delay = 0.00>
ST_1 : Operation 9 [1/1] (0.00ns)   --->   "%specbitsmap_ln0 = specbitsmap void @_ssdm_op_SpecBitsMap, i32 %C"   --->   Operation 9 'specbitsmap' 'specbitsmap_ln0' <Predicate = true> <Delay = 0.00>
ST_1 : Operation 10 [1/1] (0.00ns)   --->   "%specinterface_ln0 = specinterface void @_ssdm_op_SpecInterface, i32 %C, void @empty_11, i32, i32, void @empty_8, i32, i32, void @empty_8, void @empty_8, void @empty_8, i32, i32, i32, i32, void @empty_8, void @empty_8"   --->   Operation 10 'specinterface' 'specinterface_ln0' <Predicate = true> <Delay = 0.00>
ST_1 : Operation 11 [1/1] (0.00ns)   --->   "%specbitsmap_ln0 = specbitsmap void @_ssdm_op_SpecBitsMap, i32 %numa"   --->   Operation 11 'specbitsmap' 'specbitsmap_ln0' <Predicate = true> <Delay = 0.00>
ST_1 : Operation 12 [1/1] (0.00ns)   --->   "%specinterface_ln0 = specinterface void @_ssdm_op_SpecInterface, i32 %numa, void @empty_11, i32, i32, void @empty_8, i32, i32, void @empty_8, void @empty_8, void @empty_8, i32, i32, i32, i32, void @empty_8, void @empty_8"   --->   Operation 12 'specinterface' 'specinterface_ln0' <Predicate = true> <Delay = 0.00>
ST_1 : Operation 13 [1/1] (0.00ns)   --->   "%specbitsmap_ln0 = specbitsmap void @_ssdm_op_SpecBitsMap, i32 %numc"   --->   Operation 13 'specbitsmap' 'specbitsmap_ln0' <Predicate = true> <Delay = 0.00>
ST_1 : Operation 14 [1/1] (0.00ns)   --->   "%specinterface_ln0 = specinterface void @_ssdm_op_SpecInterface, i32 %numc, void @empty_11, i32, i32, void @empty_8, i32, i32, void @empty_8, void @empty_8, void @empty_8, i32, i32, i32, i32, void @empty_8, void @empty_8"   --->   Operation 14 'specinterface' 'specinterface_ln0' <Predicate = true> <Delay = 0.00>
ST_1 : Operation 15 [1/1] (0.00ns)   --->   "%specbitsmap_ln0 = specbitsmap void @_ssdm_op_SpecBitsMap, i32 %n"   --->   Operation 15 'specbitsmap' 'specbitsmap_ln0' <Predicate = true> <Delay = 0.00>
ST_1 : Operation 16 [1/1] (0.00ns)   --->   "%specinterface_ln0 = specinterface void @_ssdm_op_SpecInterface, i32 %n, void @empty_11, i32, i32, void @empty_8, i32, i32, void @empty_8, void @empty_8, void @empty_8, i32, i32, i32, i32, void @empty_8, void @empty_8"   --->   Operation 16 'specinterface' 'specinterface_ln0' <Predicate = true> <Delay = 0.00>
ST_1 : Operation 17 [1/1] (0.00ns)   --->   "%specbitsmap_ln0 = specbitsmap void @_ssdm_op_SpecBitsMap, i32 %tilenuma"   --->   Operation 17 'specbitsmap' 'specbitsmap_ln0' <Predicate = true> <Delay = 0.00>
ST_1 : Operation 18 [1/1] (0.00ns)   --->   "%specinterface_ln0 = specinterface void @_ssdm_op_SpecInterface, i32 %tilenuma, void @empty_11, i32, i32, void @empty_8, i32, i32, void @empty_8, void @empty_8, void @empty_8, i32, i32, i32, i32, void @empty_8, void @empty_8"   --->   Operation 18 'specinterface' 'specinterface_ln0' <Predicate = true> <Delay = 0.00>
ST_1 : Operation 19 [1/1] (0.00ns)   --->   "%specbitsmap_ln0 = specbitsmap void @_ssdm_op_SpecBitsMap, i32 %tilenumc"   --->   Operation 19 'specbitsmap' 'specbitsmap_ln0' <Predicate = true> <Delay = 0.00>
ST_1 : Operation 20 [1/1] (0.00ns)   --->   "%specinterface_ln0 = specinterface void @_ssdm_op_SpecInterface, i32 %tilenumc, void @empty_11, i32, i32, void @empty_8, i32, i32, void @empty_8, void @empty_8, void @empty_8, i32, i32, i32, i32, void @empty_8, void @empty_8"   --->   Operation 20 'specinterface' 'specinterface_ln0' <Predicate = true> <Delay = 0.00>
ST_1 : Operation 21 [1/1] (0.00ns)   --->   "%specbitsmap_ln0 = specbitsmap void @_ssdm_op_SpecBitsMap, i32 %tilen"   --->   Operation 21 'specbitsmap' 'specbitsmap_ln0' <Predicate = true> <Delay = 0.00>
ST_1 : Operation 22 [1/1] (0.00ns)   --->   "%specinterface_ln0 = specinterface void @_ssdm_op_SpecInterface, i32 %tilen, void @empty_11, i32, i32, void @empty_8, i32, i32, void @empty_8, void @empty_8, void @empty_8, i32, i32, i32, i32, void @empty_8, void @empty_8"   --->   Operation 22 'specinterface' 'specinterface_ln0' <Predicate = true> <Delay = 0.00>
ST_1 : Operation 23 [1/1] (0.00ns)   --->   "%specbitsmap_ln0 = specbitsmap void @_ssdm_op_SpecBitsMap, i32 %numa_iter"   --->   Operation 23 'specbitsmap' 'specbitsmap_ln0' <Predicate = true> <Delay = 0.00>
ST_1 : Operation 24 [1/1] (0.00ns)   --->   "%specinterface_ln0 = specinterface void @_ssdm_op_SpecInterface, i32 %numa_iter, void @empty_11, i32, i32, void @empty_8, i32, i32, void @empty_8, void @empty_8, void @empty_8, i32, i32, i32, i32, void @empty_8, void @empty_8"   --->   Operation 24 'specinterface' 'specinterface_ln0' <Predicate = true> <Delay = 0.00>
ST_1 : Operation 25 [1/1] (0.00ns)   --->   "%specbitsmap_ln0 = specbitsmap void @_ssdm_op_SpecBitsMap, i32 %numc_iter"   --->   Operation 25 'specbitsmap' 'specbitsmap_ln0' <Predicate = true> <Delay = 0.00>
ST_1 : Operation 26 [1/1] (0.00ns)   --->   "%specinterface_ln0 = specinterface void @_ssdm_op_SpecInterface, i32 %numc_iter, void @empty_11, i32, i32, void @empty_8, i32, i32, void @empty_8, void @empty_8, void @empty_8, i32, i32, i32, i32, void @empty_8, void @empty_8"   --->   Operation 26 'specinterface' 'specinterface_ln0' <Predicate = true> <Delay = 0.00>
ST_1 : Operation 27 [1/1] (0.00ns)   --->   "%specbitsmap_ln0 = specbitsmap void @_ssdm_op_SpecBitsMap, i32 %n_iter"   --->   Operation 27 'specbitsmap' 'specbitsmap_ln0' <Predicate = true> <Delay = 0.00>
ST_1 : Operation 28 [1/1] (0.00ns)   --->   "%specinterface_ln0 = specinterface void @_ssdm_op_SpecInterface, i32 %n_iter, void @empty_11, i32, i32, void @empty_8, i32, i32, void @empty_8, void @empty_8, void @empty_8, i32, i32, i32, i32, void @empty_8, void @empty_8"   --->   Operation 28 'specinterface' 'specinterface_ln0' <Predicate = true> <Delay = 0.00>
ST_1 : Operation 29 [1/1] (0.00ns)   --->   "%n_iter_read = read i32 @_ssdm_op_Read.ap_auto.i32, i32 %n_iter" [reuse_test/before.cpp:53]   --->   Operation 29 'read' 'n_iter_read' <Predicate = true> <Delay = 0.00>
ST_1 : Operation 30 [1/1] (0.00ns)   --->   "%numc_iter_read = read i32 @_ssdm_op_Read.ap_auto.i32, i32 %numc_iter" [reuse_test/before.cpp:53]   --->   Operation 30 'read' 'numc_iter_read' <Predicate = true> <Delay = 0.00>
ST_1 : Operation 31 [1/1] (0.00ns)   --->   "%numa_iter_read = read i32 @_ssdm_op_Read.ap_auto.i32, i32 %numa_iter" [reuse_test/before.cpp:53]   --->   Operation 31 'read' 'numa_iter_read' <Predicate = true> <Delay = 0.00>
ST_1 : Operation 32 [1/1] (0.00ns)   --->   "%tilen_read = read i32 @_ssdm_op_Read.ap_auto.i32, i32 %tilen" [reuse_test/before.cpp:53]   --->   Operation 32 'read' 'tilen_read' <Predicate = true> <Delay = 0.00>
ST_1 : Operation 33 [1/1] (0.00ns)   --->   "%tilenumc_read = read i32 @_ssdm_op_Read.ap_auto.i32, i32 %tilenumc" [reuse_test/before.cpp:53]   --->   Operation 33 'read' 'tilenumc_read' <Predicate = true> <Delay = 0.00>
ST_1 : Operation 34 [1/1] (0.00ns)   --->   "%tilenuma_read = read i32 @_ssdm_op_Read.ap_auto.i32, i32 %tilenuma" [reuse_test/before.cpp:53]   --->   Operation 34 'read' 'tilenuma_read' <Predicate = true> <Delay = 0.00>
ST_1 : Operation 35 [1/1] (0.60ns)   --->   "%br_ln63 = br void" [reuse_test/before.cpp:63]   --->   Operation 35 'br' 'br_ln63' <Predicate = true> <Delay = 0.60>

State 2 <SV = 1> <Delay = 0.98>
ST_2 : Operation 36 [1/1] (0.00ns)   --->   "%ona = phi i31, void %.lr.ph7, i31 %ona_1, void %.split3"   --->   Operation 36 'phi' 'ona' <Predicate = true> <Delay = 0.00>
ST_2 : Operation 37 [1/1] (0.00ns)   --->   "%zext_ln63 = zext i31 %ona" [reuse_test/before.cpp:63]   --->   Operation 37 'zext' 'zext_ln63' <Predicate = true> <Delay = 0.00>
ST_2 : Operation 38 [1/1] (0.85ns)   --->   "%icmp_ln63 = icmp_slt  i32 %zext_ln63, i32 %numa_iter_read" [reuse_test/before.cpp:63]   --->   Operation 38 'icmp' 'icmp_ln63' <Predicate = true> <Delay = 0.85> <CoreInst = "Cmp">   --->   Core 10 'Cmp' <Latency = 0> <II = 1> <Delay = 0.85> <FuncUnit> <Opcode : 'icmp'> <InPorts = 2> <OutPorts = 1>
ST_2 : Operation 39 [1/1] (0.00ns)   --->   "%specdataflowpipeline_ln63 = specdataflowpipeline void @_ssdm_op_SpecDataflowPipeline, i32, i32, void @dataflow_parent_loop_str, i31 %ona, i32 %numa_iter" [reuse_test/before.cpp:63]   --->   Operation 39 'specdataflowpipeline' 'specdataflowpipeline_ln63' <Predicate = true> <Delay = 0.00>
ST_2 : Operation 40 [1/1] (0.87ns)   --->   "%ona_1 = add i31 %ona, i31" [reuse_test/before.cpp:63]   --->   Operation 40 'add' 'ona_1' <Predicate = true> <Delay = 0.87> <CoreInst = "Adder">   --->   Core 1 'Adder' <Latency = 0> <II = 1> <Delay = 0.87> <FuncUnit> <Opcode : 'add' 'sub'> <InPorts = 2> <OutPorts = 1>
ST_2 : Operation 41 [1/1] (0.00ns)   --->   "%br_ln63 = br i1 %icmp_ln63, void %._crit_edge8.loopexit, void %.split3" [reuse_test/before.cpp:63]   --->   Operation 41 'br' 'br_ln63' <Predicate = true> <Delay = 0.00>
ST_2 : Operation 42 [2/2] (0.00ns)   --->   "%call_ln53 = call void @dataflow_parent_loop_proc7, i32 %n_iter_read, i32 %numc_iter_read, i32 %A, i32 %B, i32 %C, i32 %tilenuma_read, i32 %tilen_read, i32 %tilenumc_read" [reuse_test/before.cpp:53]   --->   Operation 42 'call' 'call_ln53' <Predicate = (icmp_ln63)> <Delay = 0.00> <CoreType = "Generic">   --->   Core 0 '' <Latency = 0> <II = 1> <Delay = 1.00> <Generic> <Opcode : >
ST_2 : Operation 43 [1/1] (0.00ns)   --->   "%ret_ln78 = ret" [reuse_test/before.cpp:78]   --->   Operation 43 'ret' 'ret_ln78' <Predicate = (!icmp_ln63)> <Delay = 0.00>

State 3 <SV = 2> <Delay = 0.00>
ST_3 : Operation 44 [1/1] (0.00ns)   --->   "%specloopname_ln63 = specloopname void @_ssdm_op_SpecLoopName, void @empty" [reuse_test/before.cpp:63]   --->   Operation 44 'specloopname' 'specloopname_ln63' <Predicate = (icmp_ln63)> <Delay = 0.00>
ST_3 : Operation 45 [1/2] (0.00ns)   --->   "%call_ln53 = call void @dataflow_parent_loop_proc7, i32 %n_iter_read, i32 %numc_iter_read, i32 %A, i32 %B, i32 %C, i32 %tilenuma_read, i32 %tilen_read, i32 %tilenumc_read" [reuse_test/before.cpp:53]   --->   Operation 45 'call' 'call_ln53' <Predicate = (icmp_ln63)> <Delay = 0.00> <CoreType = "Generic">   --->   Core 0 '' <Latency = 0> <II = 1> <Delay = 1.00> <Generic> <Opcode : >
ST_3 : Operation 46 [1/1] (0.00ns)   --->   "%br_ln0 = br void"   --->   Operation 46 'br' 'br_ln0' <Predicate = (icmp_ln63)> <Delay = 0.00>


============================================================
+ Verbose Summary: Timing violations
============================================================
Target clock period: 10ns, clock uncertainty: 2.7ns.

 <State 1>: 0.603ns
The critical path consists of the following:
	multiplexor before 'phi' operation ('ona') with incoming values : ('ona', reuse_test/before.cpp:63) [46]  (0.603 ns)

 <State 2>: 0.981ns
The critical path consists of the following:
	'phi' operation ('ona') with incoming values : ('ona', reuse_test/before.cpp:63) [46]  (0 ns)
	'add' operation ('ona', reuse_test/before.cpp:63) [50]  (0.874 ns)
	blocking operation 0.107 ns on control path)

 <State 3>: 0ns
The critical path consists of the following:


============================================================
+ Verbose Summary: Binding
============================================================
N/A
* FSMD analyzer results:
  - Output states:
 - Input state : 
  - Chain level:
	State 1
	State 2
	State 3


============================================================
+ Verbose Summary: Datapath Resource usage 
============================================================
N/A
